{"D:\\Works\\project\\ProjectTypingGame\\web\\src\\games\\typing\\index.js": {"path":"D:\\Works\\project\\ProjectTypingGame\\web\\src\\games\\typing\\index.js","statementMap":{"0":{"start":{"line":21,"column":17},"end":{"line":21,"column":49}},"1":{"start":{"line":22,"column":2},"end":{"line":22,"column":42}},"2":{"start":{"line":23,"column":2},"end":{"line":23,"column":32}},"3":{"start":{"line":26,"column":18},"end":{"line":26,"column":47}},"4":{"start":{"line":27,"column":2},"end":{"line":27,"column":44}},"5":{"start":{"line":28,"column":2},"end":{"line":28,"column":33}},"6":{"start":{"line":31,"column":28},"end":{"line":31,"column":59}},"7":{"start":{"line":34,"column":26},"end":{"line":34,"column":69}},"8":{"start":{"line":37,"column":22},"end":{"line":37,"column":49}},"9":{"start":{"line":38,"column":14},"end":{"line":38,"column":39}},"10":{"start":{"line":39,"column":22},"end":{"line":39,"column":46}},"11":{"start":{"line":40,"column":24},"end":{"line":40,"column":50}},"12":{"start":{"line":41,"column":25},"end":{"line":41,"column":49}},"13":{"start":{"line":43,"column":22},"end":{"line":43,"column":26}},"14":{"start":{"line":44,"column":23},"end":{"line":44,"column":27}},"15":{"start":{"line":45,"column":23},"end":{"line":45,"column":27}},"16":{"start":{"line":48,"column":4},"end":{"line":51,"column":5}},"17":{"start":{"line":49,"column":6},"end":{"line":49,"column":31}},"18":{"start":{"line":50,"column":6},"end":{"line":50,"column":28}},"19":{"start":{"line":52,"column":4},"end":{"line":52,"column":27}},"20":{"start":{"line":56,"column":4},"end":{"line":59,"column":5}},"21":{"start":{"line":57,"column":6},"end":{"line":57,"column":30}},"22":{"start":{"line":58,"column":6},"end":{"line":58,"column":27}},"23":{"start":{"line":63,"column":4},"end":{"line":79,"column":5}},"24":{"start":{"line":65,"column":8},"end":{"line":65,"column":25}},"25":{"start":{"line":66,"column":8},"end":{"line":66,"column":14}},"26":{"start":{"line":68,"column":8},"end":{"line":68,"column":37}},"27":{"start":{"line":69,"column":8},"end":{"line":69,"column":14}},"28":{"start":{"line":71,"column":8},"end":{"line":71,"column":32}},"29":{"start":{"line":72,"column":8},"end":{"line":72,"column":14}},"30":{"start":{"line":74,"column":8},"end":{"line":74,"column":26}},"31":{"start":{"line":75,"column":8},"end":{"line":75,"column":14}},"32":{"start":{"line":77,"column":8},"end":{"line":77,"column":34}},"33":{"start":{"line":78,"column":8},"end":{"line":78,"column":14}},"34":{"start":{"line":83,"column":4},"end":{"line":83,"column":18}},"35":{"start":{"line":84,"column":4},"end":{"line":84,"column":19}},"36":{"start":{"line":85,"column":4},"end":{"line":85,"column":25}},"37":{"start":{"line":86,"column":4},"end":{"line":86,"column":34}},"38":{"start":{"line":88,"column":22},"end":{"line":100,"column":6}},"39":{"start":{"line":90,"column":6},"end":{"line":90,"column":27}},"40":{"start":{"line":91,"column":6},"end":{"line":91,"column":29}},"41":{"start":{"line":93,"column":6},"end":{"line":99,"column":7}},"42":{"start":{"line":94,"column":8},"end":{"line":94,"column":71}},"43":{"start":{"line":95,"column":8},"end":{"line":95,"column":48}},"44":{"start":{"line":97,"column":8},"end":{"line":97,"column":44}},"45":{"start":{"line":98,"column":8},"end":{"line":98,"column":27}},"46":{"start":{"line":102,"column":4},"end":{"line":102,"column":49}},"47":{"start":{"line":103,"column":4},"end":{"line":103,"column":32}},"48":{"start":{"line":107,"column":4},"end":{"line":107,"column":18}},"49":{"start":{"line":108,"column":4},"end":{"line":108,"column":35}},"50":{"start":{"line":109,"column":4},"end":{"line":109,"column":26}},"51":{"start":{"line":111,"column":21},"end":{"line":114,"column":6}},"52":{"start":{"line":112,"column":5},"end":{"line":112,"column":28}},"53":{"start":{"line":113,"column":6},"end":{"line":113,"column":34}},"54":{"start":{"line":115,"column":4},"end":{"line":115,"column":30}},"55":{"start":{"line":116,"column":4},"end":{"line":116,"column":22}},"56":{"start":{"line":120,"column":4},"end":{"line":120,"column":18}},"57":{"start":{"line":121,"column":4},"end":{"line":121,"column":19}},"58":{"start":{"line":122,"column":4},"end":{"line":122,"column":35}},"59":{"start":{"line":124,"column":22},"end":{"line":138,"column":6}},"60":{"start":{"line":131,"column":8},"end":{"line":131,"column":37}},"61":{"start":{"line":134,"column":8},"end":{"line":134,"column":27}},"62":{"start":{"line":135,"column":7},"end":{"line":135,"column":30}},"63":{"start":{"line":136,"column":8},"end":{"line":136,"column":28}},"64":{"start":{"line":140,"column":4},"end":{"line":140,"column":31}},"65":{"start":{"line":141,"column":4},"end":{"line":141,"column":23}},"66":{"start":{"line":144,"column":28},"end":{"line":144,"column":32}},"67":{"start":{"line":147,"column":4},"end":{"line":149,"column":5}},"68":{"start":{"line":148,"column":6},"end":{"line":148,"column":36}},"69":{"start":{"line":150,"column":4},"end":{"line":167,"column":7}},"70":{"start":{"line":152,"column":8},"end":{"line":152,"column":38}},"71":{"start":{"line":153,"column":8},"end":{"line":153,"column":35}},"72":{"start":{"line":154,"column":7},"end":{"line":154,"column":38}},"73":{"start":{"line":155,"column":8},"end":{"line":155,"column":50}},"74":{"start":{"line":155,"column":27},"end":{"line":155,"column":50}},"75":{"start":{"line":158,"column":8},"end":{"line":158,"column":38}},"76":{"start":{"line":159,"column":8},"end":{"line":159,"column":35}},"77":{"start":{"line":160,"column":8},"end":{"line":160,"column":20}},"78":{"start":{"line":163,"column":8},"end":{"line":163,"column":38}},"79":{"start":{"line":164,"column":8},"end":{"line":164,"column":35}},"80":{"start":{"line":165,"column":8},"end":{"line":165,"column":27}},"81":{"start":{"line":168,"column":4},"end":{"line":168,"column":31}},"82":{"start":{"line":172,"column":4},"end":{"line":172,"column":18}},"83":{"start":{"line":173,"column":4},"end":{"line":173,"column":34}},"84":{"start":{"line":174,"column":4},"end":{"line":174,"column":19}},"85":{"start":{"line":176,"column":24},"end":{"line":187,"column":6}},"86":{"start":{"line":178,"column":8},"end":{"line":178,"column":31}},"87":{"start":{"line":179,"column":8},"end":{"line":179,"column":31}},"88":{"start":{"line":180,"column":8},"end":{"line":180,"column":20}},"89":{"start":{"line":183,"column":8},"end":{"line":183,"column":31}},"90":{"start":{"line":184,"column":8},"end":{"line":184,"column":31}},"91":{"start":{"line":185,"column":8},"end":{"line":185,"column":27}},"92":{"start":{"line":189,"column":4},"end":{"line":189,"column":51}},"93":{"start":{"line":190,"column":4},"end":{"line":190,"column":34}},"94":{"start":{"line":194,"column":4},"end":{"line":194,"column":56}},"95":{"start":{"line":194,"column":27},"end":{"line":194,"column":46}},"96":{"start":{"line":194,"column":47},"end":{"line":194,"column":54}},"97":{"start":{"line":195,"column":19},"end":{"line":195,"column":40}},"98":{"start":{"line":196,"column":4},"end":{"line":202,"column":5}},"99":{"start":{"line":197,"column":6},"end":{"line":197,"column":69}},"100":{"start":{"line":198,"column":6},"end":{"line":198,"column":46}},"101":{"start":{"line":200,"column":6},"end":{"line":200,"column":41}},"102":{"start":{"line":201,"column":6},"end":{"line":201,"column":25}},"103":{"start":{"line":206,"column":2},"end":{"line":206,"column":21}},"104":{"start":{"line":208,"column":2},"end":{"line":221,"column":4}},"105":{"start":{"line":210,"column":6},"end":{"line":210,"column":20}},"106":{"start":{"line":211,"column":6},"end":{"line":211,"column":21}},"107":{"start":{"line":212,"column":6},"end":{"line":215,"column":7}},"108":{"start":{"line":213,"column":8},"end":{"line":213,"column":38}},"109":{"start":{"line":214,"column":8},"end":{"line":214,"column":35}},"110":{"start":{"line":216,"column":6},"end":{"line":216,"column":32}},"111":{"start":{"line":217,"column":6},"end":{"line":217,"column":29}},"112":{"start":{"line":218,"column":6},"end":{"line":218,"column":22}},"113":{"start":{"line":219,"column":6},"end":{"line":219,"column":23}}},"fnMap":{"0":{"name":"createTypingGame","decl":{"start":{"line":19,"column":16},"end":{"line":19,"column":32}},"loc":{"start":{"line":19,"column":44},"end":{"line":222,"column":1}},"line":19},"1":{"name":"clearOverlay","decl":{"start":{"line":47,"column":11},"end":{"line":47,"column":23}},"loc":{"start":{"line":47,"column":26},"end":{"line":53,"column":3}},"line":47},"2":{"name":"clearScreen","decl":{"start":{"line":55,"column":11},"end":{"line":55,"column":22}},"loc":{"start":{"line":55,"column":25},"end":{"line":60,"column":3}},"line":55},"3":{"name":"showScreen","decl":{"start":{"line":62,"column":11},"end":{"line":62,"column":21}},"loc":{"start":{"line":62,"column":37},"end":{"line":80,"column":3}},"line":62},"4":{"name":"showMenuScreen","decl":{"start":{"line":82,"column":11},"end":{"line":82,"column":25}},"loc":{"start":{"line":82,"column":28},"end":{"line":104,"column":3}},"line":82},"5":{"name":"(anonymous_5)","decl":{"start":{"line":88,"column":40},"end":{"line":88,"column":45}},"loc":{"start":{"line":88,"column":58},"end":{"line":100,"column":5}},"line":88},"6":{"name":"showCountdownScreen","decl":{"start":{"line":106,"column":11},"end":{"line":106,"column":30}},"loc":{"start":{"line":106,"column":40},"end":{"line":117,"column":3}},"line":106},"7":{"name":"(anonymous_7)","decl":{"start":{"line":111,"column":49},"end":{"line":111,"column":50}},"loc":{"start":{"line":111,"column":55},"end":{"line":114,"column":5}},"line":111},"8":{"name":"showPlayScreen","decl":{"start":{"line":119,"column":11},"end":{"line":119,"column":25}},"loc":{"start":{"line":119,"column":35},"end":{"line":142,"column":3}},"line":119},"9":{"name":"(anonymous_9)","decl":{"start":{"line":130,"column":6},"end":{"line":130,"column":14}},"loc":{"start":{"line":130,"column":23},"end":{"line":132,"column":7}},"line":130},"10":{"name":"(anonymous_10)","decl":{"start":{"line":133,"column":6},"end":{"line":133,"column":13}},"loc":{"start":{"line":133,"column":16},"end":{"line":137,"column":7}},"line":133},"11":{"name":"showPauseScreen","decl":{"start":{"line":146,"column":11},"end":{"line":146,"column":26}},"loc":{"start":{"line":146,"column":29},"end":{"line":169,"column":3}},"line":146},"12":{"name":"(anonymous_12)","decl":{"start":{"line":151,"column":6},"end":{"line":151,"column":14}},"loc":{"start":{"line":151,"column":17},"end":{"line":156,"column":7}},"line":151},"13":{"name":"(anonymous_13)","decl":{"start":{"line":157,"column":6},"end":{"line":157,"column":13}},"loc":{"start":{"line":157,"column":16},"end":{"line":161,"column":7}},"line":157},"14":{"name":"(anonymous_14)","decl":{"start":{"line":162,"column":6},"end":{"line":162,"column":12}},"loc":{"start":{"line":162,"column":15},"end":{"line":166,"column":7}},"line":162},"15":{"name":"showResultScreen","decl":{"start":{"line":171,"column":11},"end":{"line":171,"column":27}},"loc":{"start":{"line":171,"column":36},"end":{"line":191,"column":3}},"line":171},"16":{"name":"(anonymous_16)","decl":{"start":{"line":177,"column":6},"end":{"line":177,"column":13}},"loc":{"start":{"line":177,"column":16},"end":{"line":181,"column":7}},"line":177},"17":{"name":"(anonymous_17)","decl":{"start":{"line":182,"column":6},"end":{"line":182,"column":12}},"loc":{"start":{"line":182,"column":15},"end":{"line":186,"column":7}},"line":182},"18":{"name":"retryGame","decl":{"start":{"line":193,"column":17},"end":{"line":193,"column":26}},"loc":{"start":{"line":193,"column":29},"end":{"line":203,"column":3}},"line":193},"19":{"name":"(anonymous_19)","decl":{"start":{"line":209,"column":4},"end":{"line":209,"column":11}},"loc":{"start":{"line":209,"column":14},"end":{"line":220,"column":5}},"line":209}},"branchMap":{"0":{"loc":{"start":{"line":48,"column":4},"end":{"line":51,"column":5}},"type":"if","locations":[{"start":{"line":48,"column":4},"end":{"line":51,"column":5}},{"start":{},"end":{}}],"line":48},"1":{"loc":{"start":{"line":56,"column":4},"end":{"line":59,"column":5}},"type":"if","locations":[{"start":{"line":56,"column":4},"end":{"line":59,"column":5}},{"start":{},"end":{}}],"line":56},"2":{"loc":{"start":{"line":63,"column":4},"end":{"line":79,"column":5}},"type":"switch","locations":[{"start":{"line":64,"column":6},"end":{"line":66,"column":14}},{"start":{"line":67,"column":6},"end":{"line":69,"column":14}},{"start":{"line":70,"column":6},"end":{"line":72,"column":14}},{"start":{"line":73,"column":6},"end":{"line":75,"column":14}},{"start":{"line":76,"column":6},"end":{"line":78,"column":14}}],"line":63},"3":{"loc":{"start":{"line":147,"column":4},"end":{"line":149,"column":5}},"type":"if","locations":[{"start":{"line":147,"column":4},"end":{"line":149,"column":5}},{"start":{},"end":{}}],"line":147},"4":{"loc":{"start":{"line":155,"column":8},"end":{"line":155,"column":50}},"type":"if","locations":[{"start":{"line":155,"column":8},"end":{"line":155,"column":50}},{"start":{},"end":{}}],"line":155},"5":{"loc":{"start":{"line":194,"column":4},"end":{"line":194,"column":56}},"type":"if","locations":[{"start":{"line":194,"column":4},"end":{"line":194,"column":56}},{"start":{},"end":{}}],"line":194},"6":{"loc":{"start":{"line":212,"column":6},"end":{"line":215,"column":7}},"type":"if","locations":[{"start":{"line":212,"column":6},"end":{"line":215,"column":7}},{"start":{},"end":{}}],"line":212}},"s":{"0":0,"1":0,"2":0,"3":0,"4":0,"5":0,"6":0,"7":0,"8":0,"9":0,"10":0,"11":0,"12":0,"13":0,"14":0,"15":0,"16":0,"17":0,"18":0,"19":0,"20":0,"21":0,"22":0,"23":0,"24":0,"25":0,"26":0,"27":0,"28":0,"29":0,"30":0,"31":0,"32":0,"33":0,"34":0,"35":0,"36":0,"37":0,"38":0,"39":0,"40":0,"41":0,"42":0,"43":0,"44":0,"45":0,"46":0,"47":0,"48":0,"49":0,"50":0,"51":0,"52":0,"53":0,"54":0,"55":0,"56":0,"57":0,"58":0,"59":0,"60":0,"61":0,"62":0,"63":0,"64":0,"65":0,"66":0,"67":0,"68":0,"69":0,"70":0,"71":0,"72":0,"73":0,"74":0,"75":0,"76":0,"77":0,"78":0,"79":0,"80":0,"81":0,"82":0,"83":0,"84":0,"85":0,"86":0,"87":0,"88":0,"89":0,"90":0,"91":0,"92":0,"93":0,"94":0,"95":0,"96":0,"97":0,"98":0,"99":0,"100":0,"101":0,"102":0,"103":0,"104":0,"105":0,"106":0,"107":0,"108":0,"109":0,"110":0,"111":0,"112":0,"113":0},"f":{"0":0,"1":0,"2":0,"3":0,"4":0,"5":0,"6":0,"7":0,"8":0,"9":0,"10":0,"11":0,"12":0,"13":0,"14":0,"15":0,"16":0,"17":0,"18":0,"19":0},"b":{"0":[0,0],"1":[0,0],"2":[0,0,0,0,0],"3":[0,0],"4":[0,0],"5":[0,0],"6":[0,0]},"meta":{"lastBranch":7,"lastFunction":20,"lastStatement":114,"seen":{"f:19:16:19:32":0,"s:21:17:21:49":0,"s:22:2:22:42":1,"s:23:2:23:32":2,"s:26:18:26:47":3,"s:27:2:27:44":4,"s:28:2:28:33":5,"s:31:28:31:59":6,"s:34:26:34:69":7,"s:37:22:37:49":8,"s:38:14:38:39":9,"s:39:22:39:46":10,"s:40:24:40:50":11,"s:41:25:41:49":12,"s:43:22:43:26":13,"s:44:23:44:27":14,"s:45:23:45:27":15,"f:47:11:47:23":1,"b:48:4:51:5:undefined:undefined:undefined:undefined":0,"s:48:4:51:5":16,"s:49:6:49:31":17,"s:50:6:50:28":18,"s:52:4:52:27":19,"f:55:11:55:22":2,"b:56:4:59:5:undefined:undefined:undefined:undefined":1,"s:56:4:59:5":20,"s:57:6:57:30":21,"s:58:6:58:27":22,"f:62:11:62:21":3,"b:64:6:66:14:67:6:69:14:70:6:72:14:73:6:75:14:76:6:78:14":2,"s:63:4:79:5":23,"s:65:8:65:25":24,"s:66:8:66:14":25,"s:68:8:68:37":26,"s:69:8:69:14":27,"s:71:8:71:32":28,"s:72:8:72:14":29,"s:74:8:74:26":30,"s:75:8:75:14":31,"s:77:8:77:34":32,"s:78:8:78:14":33,"f:82:11:82:25":4,"s:83:4:83:18":34,"s:84:4:84:19":35,"s:85:4:85:25":36,"s:86:4:86:34":37,"s:88:22:100:6":38,"f:88:40:88:45":5,"s:90:6:90:27":39,"s:91:6:91:29":40,"s:93:6:99:7":41,"s:94:8:94:71":42,"s:95:8:95:48":43,"s:97:8:97:44":44,"s:98:8:98:27":45,"s:102:4:102:49":46,"s:103:4:103:32":47,"f:106:11:106:30":6,"s:107:4:107:18":48,"s:108:4:108:35":49,"s:109:4:109:26":50,"s:111:21:114:6":51,"f:111:49:111:50":7,"s:112:5:112:28":52,"s:113:6:113:34":53,"s:115:4:115:30":54,"s:116:4:116:22":55,"f:119:11:119:25":8,"s:120:4:120:18":56,"s:121:4:121:19":57,"s:122:4:122:35":58,"s:124:22:138:6":59,"f:130:6:130:14":9,"s:131:8:131:37":60,"f:133:6:133:13":10,"s:134:8:134:27":61,"s:135:7:135:30":62,"s:136:8:136:28":63,"s:140:4:140:31":64,"s:141:4:141:23":65,"s:144:28:144:32":66,"f:146:11:146:26":11,"b:147:4:149:5:undefined:undefined:undefined:undefined":3,"s:147:4:149:5":67,"s:148:6:148:36":68,"s:150:4:167:7":69,"f:151:6:151:14":12,"s:152:8:152:38":70,"s:153:8:153:35":71,"s:154:7:154:38":72,"b:155:8:155:50:undefined:undefined:undefined:undefined":4,"s:155:8:155:50":73,"s:155:27:155:50":74,"f:157:6:157:13":13,"s:158:8:158:38":75,"s:159:8:159:35":76,"s:160:8:160:20":77,"f:162:6:162:12":14,"s:163:8:163:38":78,"s:164:8:164:35":79,"s:165:8:165:27":80,"s:168:4:168:31":81,"f:171:11:171:27":15,"s:172:4:172:18":82,"s:173:4:173:34":83,"s:174:4:174:19":84,"s:176:24:187:6":85,"f:177:6:177:13":16,"s:178:8:178:31":86,"s:179:8:179:31":87,"s:180:8:180:20":88,"f:182:6:182:12":17,"s:183:8:183:31":89,"s:184:8:184:31":90,"s:185:8:185:27":91,"s:189:4:189:51":92,"s:190:4:190:34":93,"f:193:17:193:26":18,"b:194:4:194:56:undefined:undefined:undefined:undefined":5,"s:194:4:194:56":94,"s:194:27:194:46":95,"s:194:47:194:54":96,"s:195:19:195:40":97,"s:196:4:202:5":98,"s:197:6:197:69":99,"s:198:6:198:46":100,"s:200:6:200:41":101,"s:201:6:201:25":102,"s:206:2:206:21":103,"s:208:2:221:4":104,"f:209:4:209:11":19,"s:210:6:210:20":105,"s:211:6:211:21":106,"b:212:6:215:7:undefined:undefined:undefined:undefined":6,"s:212:6:215:7":107,"s:213:8:213:38":108,"s:214:8:214:35":109,"s:216:6:216:32":110,"s:217:6:217:29":111,"s:218:6:218:22":112,"s:219:6:219:23":113}}}
,"D:\\Works\\project\\ProjectTypingGame\\web\\src\\games\\typing\\application\\repositories\\question-repository.js": {"path":"D:\\Works\\project\\ProjectTypingGame\\web\\src\\games\\typing\\application\\repositories\\question-repository.js","statementMap":{},"fnMap":{},"branchMap":{},"s":{},"f":{},"b":{},"meta":{"lastBranch":0,"lastFunction":0,"lastStatement":0,"seen":{}}}
,"D:\\Works\\project\\ProjectTypingGame\\web\\src\\games\\typing\\application\\services\\question-provider.js": {"path":"D:\\Works\\project\\ProjectTypingGame\\web\\src\\games\\typing\\application\\services\\question-provider.js","statementMap":{"0":{"start":{"line":3,"column":33},"end":{"line":3,"column":35}},"1":{"start":{"line":9,"column":2},"end":{"line":12,"column":3}},"2":{"start":{"line":9,"column":15},"end":{"line":9,"column":31}},"3":{"start":{"line":10,"column":14},"end":{"line":10,"column":49}},"4":{"start":{"line":11,"column":4},"end":{"line":11,"column":48}},"5":{"start":{"line":13,"column":2},"end":{"line":13,"column":15}},"6":{"start":{"line":21,"column":2},"end":{"line":40,"column":4}},"7":{"start":{"line":28,"column":22},"end":{"line":28,"column":93}},"8":{"start":{"line":29,"column":23},"end":{"line":29,"column":44}},"9":{"start":{"line":32,"column":6},"end":{"line":36,"column":7}},"10":{"start":{"line":33,"column":8},"end":{"line":33,"column":59}},"11":{"start":{"line":35,"column":8},"end":{"line":35,"column":63}},"12":{"start":{"line":38,"column":6},"end":{"line":38,"column":56}},"13":{"start":{"line":38,"column":34},"end":{"line":38,"column":54}}},"fnMap":{"0":{"name":"shuffle","decl":{"start":{"line":8,"column":9},"end":{"line":8,"column":16}},"loc":{"start":{"line":8,"column":24},"end":{"line":14,"column":1}},"line":8},"1":{"name":"createQuestionProvider","decl":{"start":{"line":20,"column":16},"end":{"line":20,"column":38}},"loc":{"start":{"line":20,"column":51},"end":{"line":41,"column":1}},"line":20},"2":{"name":"(anonymous_2)","decl":{"start":{"line":27,"column":10},"end":{"line":27,"column":17}},"loc":{"start":{"line":27,"column":26},"end":{"line":39,"column":5}},"line":27},"3":{"name":"(anonymous_3)","decl":{"start":{"line":38,"column":26},"end":{"line":38,"column":27}},"loc":{"start":{"line":38,"column":34},"end":{"line":38,"column":54}},"line":38}},"branchMap":{"0":{"loc":{"start":{"line":32,"column":6},"end":{"line":36,"column":7}},"type":"if","locations":[{"start":{"line":32,"column":6},"end":{"line":36,"column":7}},{"start":{"line":34,"column":13},"end":{"line":36,"column":7}}],"line":32}},"s":{"0":1,"1":4,"2":4,"3":76,"4":76,"5":4,"6":4,"7":4,"8":4,"9":4,"10":3,"11":1,"12":4,"13":31},"f":{"0":4,"1":4,"2":4,"3":31},"b":{"0":[3,1]},"meta":{"lastBranch":1,"lastFunction":4,"lastStatement":14,"seen":{"s:3:33:3:35":0,"f:8:9:8:16":0,"s:9:2:12:3":1,"s:9:15:9:31":2,"s:10:14:10:49":3,"s:11:4:11:48":4,"s:13:2:13:15":5,"f:20:16:20:38":1,"s:21:2:40:4":6,"f:27:10:27:17":2,"s:28:22:28:93":7,"s:29:23:29:44":8,"b:32:6:36:7:34:13:36:7":0,"s:32:6:36:7":9,"s:33:8:33:59":10,"s:35:8:35:63":11,"s:38:6:38:56":12,"f:38:26:38:27":3,"s:38:34:38:54":13}}}
,"D:\\Works\\project\\ProjectTypingGame\\web\\src\\games\\typing\\application\\use-cases\\finish-game.js": {"path":"D:\\Works\\project\\ProjectTypingGame\\web\\src\\games\\typing\\application\\use-cases\\finish-game.js","statementMap":{"0":{"start":{"line":13,"column":2},"end":{"line":15,"column":3}},"1":{"start":{"line":14,"column":3},"end":{"line":14,"column":27}},"2":{"start":{"line":16,"column":17},"end":{"line":16,"column":41}},"3":{"start":{"line":17,"column":2},"end":{"line":17,"column":48}}},"fnMap":{"0":{"name":"finishGame","decl":{"start":{"line":11,"column":16},"end":{"line":11,"column":26}},"loc":{"start":{"line":11,"column":36},"end":{"line":18,"column":1}},"line":11}},"branchMap":{"0":{"loc":{"start":{"line":13,"column":2},"end":{"line":15,"column":3}},"type":"if","locations":[{"start":{"line":13,"column":2},"end":{"line":15,"column":3}},{"start":{},"end":{}}],"line":13}},"s":{"0":3,"1":2,"2":3,"3":3},"f":{"0":3},"b":{"0":[2,1]},"meta":{"lastBranch":1,"lastFunction":1,"lastStatement":4,"seen":{"f:11:16:11:26":0,"b:13:2:15:3:undefined:undefined:undefined:undefined":0,"s:13:2:15:3":0,"s:14:3:14:27":1,"s:16:17:16:41":2,"s:17:2:17:48":3}}}
,"D:\\Works\\project\\ProjectTypingGame\\web\\src\\games\\typing\\application\\use-cases\\process-input.js": {"path":"D:\\Works\\project\\ProjectTypingGame\\web\\src\\games\\typing\\application\\use-cases\\process-input.js","statementMap":{"0":{"start":{"line":34,"column":33},"end":{"line":34,"column":71}},"1":{"start":{"line":36,"column":2},"end":{"line":47,"column":3}},"2":{"start":{"line":37,"column":3},"end":{"line":37,"column":24}},"3":{"start":{"line":38,"column":4},"end":{"line":46,"column":6}},"4":{"start":{"line":50,"column":1},"end":{"line":50,"column":25}},"5":{"start":{"line":52,"column":2},"end":{"line":63,"column":3}},"6":{"start":{"line":54,"column":4},"end":{"line":62,"column":6}},"7":{"start":{"line":66,"column":25},"end":{"line":66,"column":39}},"8":{"start":{"line":68,"column":2},"end":{"line":81,"column":3}},"9":{"start":{"line":70,"column":22},"end":{"line":70,"column":47}},"10":{"start":{"line":71,"column":21},"end":{"line":71,"column":75}},"11":{"start":{"line":72,"column":4},"end":{"line":80,"column":6}},"12":{"start":{"line":84,"column":1},"end":{"line":84,"column":27}},"13":{"start":{"line":86,"column":2},"end":{"line":99,"column":3}},"14":{"start":{"line":87,"column":3},"end":{"line":87,"column":27}},"15":{"start":{"line":88,"column":19},"end":{"line":88,"column":43}},"16":{"start":{"line":89,"column":23},"end":{"line":89,"column":62}},"17":{"start":{"line":90,"column":4},"end":{"line":98,"column":6}},"18":{"start":{"line":102,"column":22},"end":{"line":102,"column":50}},"19":{"start":{"line":103,"column":23},"end":{"line":103,"column":60}},"20":{"start":{"line":104,"column":21},"end":{"line":104,"column":37}},"21":{"start":{"line":105,"column":19},"end":{"line":105,"column":75}},"22":{"start":{"line":107,"column":2},"end":{"line":115,"column":4}}},"fnMap":{"0":{"name":"processInput","decl":{"start":{"line":33,"column":16},"end":{"line":33,"column":28}},"loc":{"start":{"line":33,"column":80},"end":{"line":116,"column":1}},"line":33}},"branchMap":{"0":{"loc":{"start":{"line":36,"column":2},"end":{"line":47,"column":3}},"type":"if","locations":[{"start":{"line":36,"column":2},"end":{"line":47,"column":3}},{"start":{},"end":{}}],"line":36},"1":{"loc":{"start":{"line":52,"column":2},"end":{"line":63,"column":3}},"type":"if","locations":[{"start":{"line":52,"column":2},"end":{"line":63,"column":3}},{"start":{},"end":{}}],"line":52},"2":{"loc":{"start":{"line":68,"column":2},"end":{"line":81,"column":3}},"type":"if","locations":[{"start":{"line":68,"column":2},"end":{"line":81,"column":3}},{"start":{},"end":{}}],"line":68},"3":{"loc":{"start":{"line":86,"column":2},"end":{"line":99,"column":3}},"type":"if","locations":[{"start":{"line":86,"column":2},"end":{"line":99,"column":3}},{"start":{},"end":{}}],"line":86}},"s":{"0":6,"1":6,"2":1,"3":1,"4":5,"5":5,"6":2,"7":3,"8":3,"9":0,"10":0,"11":0,"12":3,"13":3,"14":1,"15":1,"16":1,"17":1,"18":2,"19":2,"20":2,"21":2,"22":2},"f":{"0":6},"b":{"0":[1,5],"1":[2,3],"2":[0,3],"3":[1,2]},"meta":{"lastBranch":4,"lastFunction":1,"lastStatement":23,"seen":{"f:33:16:33:28":0,"s:34:33:34:71":0,"b:36:2:47:3:undefined:undefined:undefined:undefined":0,"s:36:2:47:3":1,"s:37:3:37:24":2,"s:38:4:46:6":3,"s:50:1:50:25":4,"b:52:2:63:3:undefined:undefined:undefined:undefined":1,"s:52:2:63:3":5,"s:54:4:62:6":6,"s:66:25:66:39":7,"b:68:2:81:3:undefined:undefined:undefined:undefined":2,"s:68:2:81:3":8,"s:70:22:70:47":9,"s:71:21:71:75":10,"s:72:4:80:6":11,"s:84:1:84:27":12,"b:86:2:99:3:undefined:undefined:undefined:undefined":3,"s:86:2:99:3":13,"s:87:3:87:27":14,"s:88:19:88:43":15,"s:89:23:89:62":16,"s:90:4:98:6":17,"s:102:22:102:50":18,"s:103:23:103:60":19,"s:104:21:104:37":20,"s:105:19:105:75":21,"s:107:2:115:4":22}}}
,"D:\\Works\\project\\ProjectTypingGame\\web\\src\\games\\typing\\application\\use-cases\\retry-game.js": {"path":"D:\\Works\\project\\ProjectTypingGame\\web\\src\\games\\typing\\application\\use-cases\\retry-game.js","statementMap":{"0":{"start":{"line":12,"column":2},"end":{"line":12,"column":41}}},"fnMap":{"0":{"name":"retryGame","decl":{"start":{"line":11,"column":16},"end":{"line":11,"column":25}},"loc":{"start":{"line":11,"column":41},"end":{"line":13,"column":1}},"line":11}},"branchMap":{},"s":{"0":0},"f":{"0":0},"b":{},"meta":{"lastBranch":0,"lastFunction":1,"lastStatement":1,"seen":{"f:11:16:11:25":0,"s:12:2:12:41":0}}}
,"D:\\Works\\project\\ProjectTypingGame\\web\\src\\games\\typing\\application\\use-cases\\return-to-menu.js": {"path":"D:\\Works\\project\\ProjectTypingGame\\web\\src\\games\\typing\\application\\use-cases\\return-to-menu.js","statementMap":{"0":{"start":{"line":9,"column":2},"end":{"line":9,"column":21}}},"fnMap":{"0":{"name":"returnToMenu","decl":{"start":{"line":7,"column":16},"end":{"line":7,"column":28}},"loc":{"start":{"line":7,"column":50},"end":{"line":10,"column":1}},"line":7}},"branchMap":{},"s":{"0":0},"f":{"0":0},"b":{},"meta":{"lastBranch":0,"lastFunction":1,"lastStatement":1,"seen":{"f:7:16:7:28":0,"s:9:2:9:21":0}}}
,"D:\\Works\\project\\ProjectTypingGame\\web\\src\\games\\typing\\application\\use-cases\\start-game.js": {"path":"D:\\Works\\project\\ProjectTypingGame\\web\\src\\games\\typing\\application\\use-cases\\start-game.js","statementMap":{"0":{"start":{"line":14,"column":2},"end":{"line":16,"column":3}},"1":{"start":{"line":15,"column":4},"end":{"line":15,"column":60}},"2":{"start":{"line":17,"column":2},"end":{"line":19,"column":3}},"3":{"start":{"line":18,"column":4},"end":{"line":18,"column":64}},"4":{"start":{"line":21,"column":20},"end":{"line":21,"column":58}},"5":{"start":{"line":22,"column":2},"end":{"line":22,"column":46}}},"fnMap":{"0":{"name":"startGame","decl":{"start":{"line":13,"column":22},"end":{"line":13,"column":31}},"loc":{"start":{"line":13,"column":62},"end":{"line":23,"column":1}},"line":13}},"branchMap":{"0":{"loc":{"start":{"line":14,"column":2},"end":{"line":16,"column":3}},"type":"if","locations":[{"start":{"line":14,"column":2},"end":{"line":16,"column":3}},{"start":{},"end":{}}],"line":14},"1":{"loc":{"start":{"line":17,"column":2},"end":{"line":19,"column":3}},"type":"if","locations":[{"start":{"line":17,"column":2},"end":{"line":19,"column":3}},{"start":{},"end":{}}],"line":17}},"s":{"0":4,"1":1,"2":3,"3":1,"4":2,"5":2},"f":{"0":4},"b":{"0":[1,3],"1":[1,2]},"meta":{"lastBranch":2,"lastFunction":1,"lastStatement":6,"seen":{"f:13:22:13:31":0,"b:14:2:16:3:undefined:undefined:undefined:undefined":0,"s:14:2:16:3":0,"s:15:4:15:60":1,"b:17:2:19:3:undefined:undefined:undefined:undefined":1,"s:17:2:19:3":2,"s:18:4:18:64":3,"s:21:20:21:58":4,"s:22:2:22:46":5}}}
,"D:\\Works\\project\\ProjectTypingGame\\web\\src\\games\\typing\\domain\\entities\\game-session.js": {"path":"D:\\Works\\project\\ProjectTypingGame\\web\\src\\games\\typing\\domain\\entities\\game-session.js","statementMap":{"0":{"start":{"line":1,"column":28},"end":{"line":6,"column":2}},"1":{"start":{"line":14,"column":2},"end":{"line":28,"column":4}},"2":{"start":{"line":32,"column":2},"end":{"line":34,"column":3}},"3":{"start":{"line":33,"column":4},"end":{"line":33,"column":65}},"4":{"start":{"line":35,"column":2},"end":{"line":35,"column":39}},"5":{"start":{"line":36,"column":2},"end":{"line":36,"column":33}},"6":{"start":{"line":40,"column":2},"end":{"line":42,"column":3}},"7":{"start":{"line":41,"column":4},"end":{"line":41,"column":65}},"8":{"start":{"line":43,"column":2},"end":{"line":43,"column":38}},"9":{"start":{"line":44,"column":2},"end":{"line":44,"column":35}},"10":{"start":{"line":48,"column":2},"end":{"line":50,"column":3}},"11":{"start":{"line":49,"column":4},"end":{"line":49,"column":66}},"12":{"start":{"line":51,"column":2},"end":{"line":51,"column":57}},"13":{"start":{"line":52,"column":2},"end":{"line":52,"column":29}},"14":{"start":{"line":53,"column":2},"end":{"line":53,"column":39}},"15":{"start":{"line":57,"column":2},"end":{"line":59,"column":3}},"16":{"start":{"line":58,"column":4},"end":{"line":58,"column":66}},"17":{"start":{"line":60,"column":2},"end":{"line":63,"column":3}},"18":{"start":{"line":61,"column":4},"end":{"line":61,"column":59}},"19":{"start":{"line":62,"column":4},"end":{"line":62,"column":31}},"20":{"start":{"line":64,"column":2},"end":{"line":64,"column":40}},"21":{"start":{"line":65,"column":2},"end":{"line":65,"column":31}},"22":{"start":{"line":69,"column":2},"end":{"line":69,"column":43}},"23":{"start":{"line":70,"column":2},"end":{"line":70,"column":28}},"24":{"start":{"line":71,"column":2},"end":{"line":71,"column":21}},"25":{"start":{"line":72,"column":2},"end":{"line":74,"column":3}},"26":{"start":{"line":73,"column":4},"end":{"line":73,"column":37}},"27":{"start":{"line":78,"column":2},"end":{"line":78,"column":25}},"28":{"start":{"line":79,"column":2},"end":{"line":79,"column":20}},"29":{"start":{"line":83,"column":2},"end":{"line":83,"column":28}},"30":{"start":{"line":87,"column":2},"end":{"line":87,"column":57}},"31":{"start":{"line":96,"column":2},"end":{"line":98,"column":3}},"32":{"start":{"line":97,"column":4},"end":{"line":97,"column":64}},"33":{"start":{"line":100,"column":2},"end":{"line":100,"column":39}},"34":{"start":{"line":100,"column":26},"end":{"line":100,"column":39}},"35":{"start":{"line":101,"column":18},"end":{"line":101,"column":69}},"36":{"start":{"line":102,"column":2},"end":{"line":102,"column":52}},"37":{"start":{"line":107,"column":14},"end":{"line":107,"column":43}},"38":{"start":{"line":108,"column":2},"end":{"line":108,"column":54}}},"fnMap":{"0":{"name":"createGameSession","decl":{"start":{"line":13,"column":16},"end":{"line":13,"column":33}},"loc":{"start":{"line":13,"column":53},"end":{"line":29,"column":1}},"line":13},"1":{"name":"startSession","decl":{"start":{"line":31,"column":16},"end":{"line":31,"column":28}},"loc":{"start":{"line":31,"column":38},"end":{"line":37,"column":1}},"line":31},"2":{"name":"pauseSession","decl":{"start":{"line":39,"column":16},"end":{"line":39,"column":28}},"loc":{"start":{"line":39,"column":38},"end":{"line":45,"column":1}},"line":39},"3":{"name":"resumeSession","decl":{"start":{"line":47,"column":16},"end":{"line":47,"column":29}},"loc":{"start":{"line":47,"column":39},"end":{"line":54,"column":1}},"line":47},"4":{"name":"finishSession","decl":{"start":{"line":56,"column":16},"end":{"line":56,"column":29}},"loc":{"start":{"line":56,"column":39},"end":{"line":66,"column":1}},"line":56},"5":{"name":"recordCorrect","decl":{"start":{"line":68,"column":16},"end":{"line":68,"column":29}},"loc":{"start":{"line":68,"column":39},"end":{"line":75,"column":1}},"line":68},"6":{"name":"recordMiss","decl":{"start":{"line":77,"column":16},"end":{"line":77,"column":26}},"loc":{"start":{"line":77,"column":36},"end":{"line":80,"column":1}},"line":77},"7":{"name":"advanceQuestion","decl":{"start":{"line":82,"column":16},"end":{"line":82,"column":31}},"loc":{"start":{"line":82,"column":41},"end":{"line":84,"column":1}},"line":82},"8":{"name":"getCurrentQuestion","decl":{"start":{"line":86,"column":16},"end":{"line":86,"column":34}},"loc":{"start":{"line":86,"column":44},"end":{"line":88,"column":1}},"line":86},"9":{"name":"shouldFinish","decl":{"start":{"line":95,"column":16},"end":{"line":95,"column":28}},"loc":{"start":{"line":95,"column":38},"end":{"line":103,"column":1}},"line":95},"10":{"name":"getElapsedTime","decl":{"start":{"line":106,"column":16},"end":{"line":106,"column":30}},"loc":{"start":{"line":106,"column":40},"end":{"line":109,"column":1}},"line":106}},"branchMap":{"0":{"loc":{"start":{"line":32,"column":2},"end":{"line":34,"column":3}},"type":"if","locations":[{"start":{"line":32,"column":2},"end":{"line":34,"column":3}},{"start":{},"end":{}}],"line":32},"1":{"loc":{"start":{"line":40,"column":2},"end":{"line":42,"column":3}},"type":"if","locations":[{"start":{"line":40,"column":2},"end":{"line":42,"column":3}},{"start":{},"end":{}}],"line":40},"2":{"loc":{"start":{"line":48,"column":2},"end":{"line":50,"column":3}},"type":"if","locations":[{"start":{"line":48,"column":2},"end":{"line":50,"column":3}},{"start":{},"end":{}}],"line":48},"3":{"loc":{"start":{"line":57,"column":2},"end":{"line":59,"column":3}},"type":"if","locations":[{"start":{"line":57,"column":2},"end":{"line":59,"column":3}},{"start":{},"end":{}}],"line":57},"4":{"loc":{"start":{"line":57,"column":6},"end":{"line":57,"column":85}},"type":"binary-expr","locations":[{"start":{"line":57,"column":6},"end":{"line":57,"column":44}},{"start":{"line":57,"column":48},"end":{"line":57,"column":85}}],"line":57},"5":{"loc":{"start":{"line":60,"column":2},"end":{"line":63,"column":3}},"type":"if","locations":[{"start":{"line":60,"column":2},"end":{"line":63,"column":3}},{"start":{},"end":{}}],"line":60},"6":{"loc":{"start":{"line":72,"column":2},"end":{"line":74,"column":3}},"type":"if","locations":[{"start":{"line":72,"column":2},"end":{"line":74,"column":3}},{"start":{},"end":{}}],"line":72},"7":{"loc":{"start":{"line":87,"column":9},"end":{"line":87,"column":56}},"type":"binary-expr","locations":[{"start":{"line":87,"column":9},"end":{"line":87,"column":48}},{"start":{"line":87,"column":52},"end":{"line":87,"column":56}}],"line":87},"8":{"loc":{"start":{"line":96,"column":2},"end":{"line":98,"column":3}},"type":"if","locations":[{"start":{"line":96,"column":2},"end":{"line":98,"column":3}},{"start":{},"end":{}}],"line":96},"9":{"loc":{"start":{"line":100,"column":2},"end":{"line":100,"column":39}},"type":"if","locations":[{"start":{"line":100,"column":2},"end":{"line":100,"column":39}},{"start":{},"end":{}}],"line":100},"10":{"loc":{"start":{"line":107,"column":14},"end":{"line":107,"column":43}},"type":"binary-expr","locations":[{"start":{"line":107,"column":14},"end":{"line":107,"column":29}},{"start":{"line":107,"column":33},"end":{"line":107,"column":43}}],"line":107}},"s":{"0":4,"1":22,"2":16,"3":1,"4":15,"5":15,"6":1,"7":0,"8":1,"9":1,"10":1,"11":0,"12":1,"13":1,"14":1,"15":5,"16":0,"17":5,"18":0,"19":0,"20":5,"21":5,"22":11,"23":11,"24":11,"25":11,"26":11,"27":2,"28":2,"29":4,"30":4,"31":6,"32":5,"33":1,"34":1,"35":0,"36":0,"37":5,"38":5},"f":{"0":22,"1":16,"2":1,"3":1,"4":5,"5":11,"6":2,"7":4,"8":4,"9":6,"10":5},"b":{"0":[1,15],"1":[0,1],"2":[0,1],"3":[0,5],"4":[5,0],"5":[0,5],"6":[11,0],"7":[4,0],"8":[5,1],"9":[1,0],"10":[5,0]},"meta":{"lastBranch":11,"lastFunction":11,"lastStatement":39,"seen":{"s:1:28:6:2":0,"f:13:16:13:33":0,"s:14:2:28:4":1,"f:31:16:31:28":1,"b:32:2:34:3:undefined:undefined:undefined:undefined":0,"s:32:2:34:3":2,"s:33:4:33:65":3,"s:35:2:35:39":4,"s:36:2:36:33":5,"f:39:16:39:28":2,"b:40:2:42:3:undefined:undefined:undefined:undefined":1,"s:40:2:42:3":6,"s:41:4:41:65":7,"s:43:2:43:38":8,"s:44:2:44:35":9,"f:47:16:47:29":3,"b:48:2:50:3:undefined:undefined:undefined:undefined":2,"s:48:2:50:3":10,"s:49:4:49:66":11,"s:51:2:51:57":12,"s:52:2:52:29":13,"s:53:2:53:39":14,"f:56:16:56:29":4,"b:57:2:59:3:undefined:undefined:undefined:undefined":3,"s:57:2:59:3":15,"b:57:6:57:44:57:48:57:85":4,"s:58:4:58:66":16,"b:60:2:63:3:undefined:undefined:undefined:undefined":5,"s:60:2:63:3":17,"s:61:4:61:59":18,"s:62:4:62:31":19,"s:64:2:64:40":20,"s:65:2:65:31":21,"f:68:16:68:29":5,"s:69:2:69:43":22,"s:70:2:70:28":23,"s:71:2:71:21":24,"b:72:2:74:3:undefined:undefined:undefined:undefined":6,"s:72:2:74:3":25,"s:73:4:73:37":26,"f:77:16:77:26":6,"s:78:2:78:25":27,"s:79:2:79:20":28,"f:82:16:82:31":7,"s:83:2:83:28":29,"f:86:16:86:34":8,"s:87:2:87:57":30,"b:87:9:87:48:87:52:87:56":7,"f:95:16:95:28":9,"b:96:2:98:3:undefined:undefined:undefined:undefined":8,"s:96:2:98:3":31,"s:97:4:97:64":32,"b:100:2:100:39:undefined:undefined:undefined:undefined":9,"s:100:2:100:39":33,"s:100:26:100:39":34,"s:101:18:101:69":35,"s:102:2:102:52":36,"f:106:16:106:30":10,"s:107:14:107:43":37,"b:107:14:107:29:107:33:107:43":10,"s:108:2:108:54":38}}}
,"D:\\Works\\project\\ProjectTypingGame\\web\\src\\games\\typing\\domain\\entities\\question.js": {"path":"D:\\Works\\project\\ProjectTypingGame\\web\\src\\games\\typing\\domain\\entities\\question.js","statementMap":{"0":{"start":{"line":1,"column":20},"end":{"line":1,"column":21}},"1":{"start":{"line":9,"column":2},"end":{"line":9,"column":21}},"2":{"start":{"line":10,"column":2},"end":{"line":14,"column":5}},"3":{"start":{"line":19,"column":2},"end":{"line":19,"column":20}}},"fnMap":{"0":{"name":"createQuestion","decl":{"start":{"line":8,"column":16},"end":{"line":8,"column":30}},"loc":{"start":{"line":8,"column":36},"end":{"line":15,"column":1}},"line":8},"1":{"name":"_resetQuestionIdSeq","decl":{"start":{"line":18,"column":16},"end":{"line":18,"column":35}},"loc":{"start":{"line":18,"column":38},"end":{"line":20,"column":1}},"line":18}},"branchMap":{},"s":{"0":5,"1":35,"2":35,"3":18},"f":{"0":35,"1":18},"b":{},"meta":{"lastBranch":0,"lastFunction":2,"lastStatement":4,"seen":{"s:1:20:1:21":0,"f:8:16:8:30":0,"s:9:2:9:21":1,"s:10:2:14:5":2,"f:18:16:18:35":1,"s:19:2:19:20":3}}}
,"D:\\Works\\project\\ProjectTypingGame\\web\\src\\games\\typing\\domain\\services\\romaji-converter.js": {"path":"D:\\Works\\project\\ProjectTypingGame\\web\\src\\games\\typing\\domain\\services\\romaji-converter.js","statementMap":{"0":{"start":{"line":2,"column":21},"end":{"line":44,"column":1}},"1":{"start":{"line":46,"column":23},"end":{"line":46,"column":47}},"2":{"start":{"line":47,"column":19},"end":{"line":47,"column":53}},"3":{"start":{"line":48,"column":15},"end":{"line":48,"column":49}},"4":{"start":{"line":49,"column":15},"end":{"line":49,"column":39}},"5":{"start":{"line":57,"column":17},"end":{"line":57,"column":19}},"6":{"start":{"line":58,"column":10},"end":{"line":58,"column":11}},"7":{"start":{"line":59,"column":2},"end":{"line":68,"column":3}},"8":{"start":{"line":61,"column":4},"end":{"line":67,"column":5}},"9":{"start":{"line":62,"column":6},"end":{"line":62,"column":47}},"10":{"start":{"line":63,"column":6},"end":{"line":63,"column":13}},"11":{"start":{"line":65,"column":6},"end":{"line":65,"column":30}},"12":{"start":{"line":66,"column":6},"end":{"line":66,"column":13}},"13":{"start":{"line":69,"column":2},"end":{"line":69,"column":16}},"14":{"start":{"line":78,"column":2},"end":{"line":78,"column":40}},"15":{"start":{"line":78,"column":26},"end":{"line":78,"column":40}},"16":{"start":{"line":79,"column":16},"end":{"line":79,"column":28}},"17":{"start":{"line":80,"column":2},"end":{"line":82,"column":3}},"18":{"start":{"line":81,"column":4},"end":{"line":81,"column":18}},"19":{"start":{"line":83,"column":2},"end":{"line":83,"column":21}},"20":{"start":{"line":92,"column":2},"end":{"line":94,"column":3}},"21":{"start":{"line":93,"column":4},"end":{"line":93,"column":27}},"22":{"start":{"line":95,"column":19},"end":{"line":95,"column":21}},"23":{"start":{"line":97,"column":2},"end":{"line":99,"column":3}},"24":{"start":{"line":98,"column":4},"end":{"line":98,"column":40}},"25":{"start":{"line":101,"column":2},"end":{"line":104,"column":3}},"26":{"start":{"line":102,"column":4},"end":{"line":102,"column":35}},"27":{"start":{"line":103,"column":4},"end":{"line":103,"column":36}},"28":{"start":{"line":105,"column":2},"end":{"line":105,"column":18}},"29":{"start":{"line":114,"column":17},"end":{"line":114,"column":35}},"30":{"start":{"line":115,"column":17},"end":{"line":115,"column":19}},"31":{"start":{"line":117,"column":2},"end":{"line":138,"column":3}},"32":{"start":{"line":117,"column":15},"end":{"line":117,"column":16}},"33":{"start":{"line":118,"column":18},"end":{"line":118,"column":27}},"34":{"start":{"line":119,"column":22},"end":{"line":119,"column":66}},"35":{"start":{"line":121,"column":4},"end":{"line":137,"column":5}},"36":{"start":{"line":122,"column":6},"end":{"line":122,"column":70}},"37":{"start":{"line":123,"column":11},"end":{"line":137,"column":5}},"38":{"start":{"line":124,"column":6},"end":{"line":131,"column":7}},"39":{"start":{"line":125,"column":29},"end":{"line":125,"column":52}},"40":{"start":{"line":126,"column":33},"end":{"line":126,"column":61}},"41":{"start":{"line":127,"column":8},"end":{"line":127,"column":75}},"42":{"start":{"line":128,"column":8},"end":{"line":128,"column":12}},"43":{"start":{"line":130,"column":8},"end":{"line":130,"column":64}},"44":{"start":{"line":133,"column":23},"end":{"line":133,"column":42}},"45":{"start":{"line":134,"column":6},"end":{"line":136,"column":7}},"46":{"start":{"line":135,"column":8},"end":{"line":135,"column":47}},"47":{"start":{"line":140,"column":2},"end":{"line":140,"column":16}}},"fnMap":{"0":{"name":"decompose","decl":{"start":{"line":56,"column":16},"end":{"line":56,"column":25}},"loc":{"start":{"line":56,"column":35},"end":{"line":70,"column":1}},"line":56},"1":{"name":"getNPatterns","decl":{"start":{"line":77,"column":16},"end":{"line":77,"column":28}},"loc":{"start":{"line":77,"column":40},"end":{"line":84,"column":1}},"line":77},"2":{"name":"getTsuPatterns","decl":{"start":{"line":91,"column":16},"end":{"line":91,"column":30}},"loc":{"start":{"line":91,"column":45},"end":{"line":106,"column":1}},"line":91},"3":{"name":"buildMatchData","decl":{"start":{"line":113,"column":16},"end":{"line":113,"column":30}},"loc":{"start":{"line":113,"column":40},"end":{"line":141,"column":1}},"line":113}},"branchMap":{"0":{"loc":{"start":{"line":61,"column":4},"end":{"line":67,"column":5}},"type":"if","locations":[{"start":{"line":61,"column":4},"end":{"line":67,"column":5}},{"start":{"line":64,"column":11},"end":{"line":67,"column":5}}],"line":61},"1":{"loc":{"start":{"line":61,"column":8},"end":{"line":61,"column":68}},"type":"binary-expr","locations":[{"start":{"line":61,"column":8},"end":{"line":61,"column":30}},{"start":{"line":61,"column":34},"end":{"line":61,"column":68}}],"line":61},"2":{"loc":{"start":{"line":78,"column":2},"end":{"line":78,"column":40}},"type":"if","locations":[{"start":{"line":78,"column":2},"end":{"line":78,"column":40}},{"start":{},"end":{}}],"line":78},"3":{"loc":{"start":{"line":80,"column":2},"end":{"line":82,"column":3}},"type":"if","locations":[{"start":{"line":80,"column":2},"end":{"line":82,"column":3}},{"start":{},"end":{}}],"line":80},"4":{"loc":{"start":{"line":80,"column":6},"end":{"line":80,"column":69}},"type":"binary-expr","locations":[{"start":{"line":80,"column":6},"end":{"line":80,"column":27}},{"start":{"line":80,"column":31},"end":{"line":80,"column":48}},{"start":{"line":80,"column":52},"end":{"line":80,"column":69}}],"line":80},"5":{"loc":{"start":{"line":92,"column":2},"end":{"line":94,"column":3}},"type":"if","locations":[{"start":{"line":92,"column":2},"end":{"line":94,"column":3}},{"start":{},"end":{}}],"line":92},"6":{"loc":{"start":{"line":92,"column":6},"end":{"line":92,"column":48}},"type":"binary-expr","locations":[{"start":{"line":92,"column":6},"end":{"line":92,"column":19}},{"start":{"line":92,"column":23},"end":{"line":92,"column":48}}],"line":92},"7":{"loc":{"start":{"line":119,"column":22},"end":{"line":119,"column":66}},"type":"cond-expr","locations":[{"start":{"line":119,"column":46},"end":{"line":119,"column":59}},{"start":{"line":119,"column":62},"end":{"line":119,"column":66}}],"line":119},"8":{"loc":{"start":{"line":121,"column":4},"end":{"line":137,"column":5}},"type":"if","locations":[{"start":{"line":121,"column":4},"end":{"line":137,"column":5}},{"start":{"line":123,"column":11},"end":{"line":137,"column":5}}],"line":121},"9":{"loc":{"start":{"line":123,"column":11},"end":{"line":137,"column":5}},"type":"if","locations":[{"start":{"line":123,"column":11},"end":{"line":137,"column":5}},{"start":{"line":132,"column":11},"end":{"line":137,"column":5}}],"line":123},"10":{"loc":{"start":{"line":124,"column":6},"end":{"line":131,"column":7}},"type":"if","locations":[{"start":{"line":124,"column":6},"end":{"line":131,"column":7}},{"start":{"line":129,"column":13},"end":{"line":131,"column":7}}],"line":124},"11":{"loc":{"start":{"line":134,"column":6},"end":{"line":136,"column":7}},"type":"if","locations":[{"start":{"line":134,"column":6},"end":{"line":136,"column":7}},{"start":{},"end":{}}],"line":134}},"s":{"0":2,"1":2,"2":2,"3":2,"4":2,"5":14,"6":14,"7":14,"8":31,"9":5,"10":5,"11":26,"12":26,"13":14,"14":11,"15":2,"16":9,"17":9,"18":5,"19":4,"20":4,"21":1,"22":3,"23":3,"24":4,"25":3,"26":4,"27":4,"28":3,"29":10,"30":10,"31":10,"32":10,"33":15,"34":15,"35":15,"36":2,"37":13,"38":1,"39":1,"40":1,"41":1,"42":1,"43":0,"44":12,"45":12,"46":12,"47":10},"f":{"0":14,"1":11,"2":4,"3":10},"b":{"0":[5,26],"1":[31,19],"2":[2,9],"3":[5,4],"4":[9,7,5],"5":[1,3],"6":[4,4],"7":[5,10],"8":[2,13],"9":[1,12],"10":[1,0],"11":[12,0]},"meta":{"lastBranch":12,"lastFunction":4,"lastStatement":48,"seen":{"s:2:21:44:1":0,"s:46:23:46:47":1,"s:47:19:47:53":2,"s:48:15:48:49":3,"s:49:15:49:39":4,"f:56:16:56:25":0,"s:57:17:57:19":5,"s:58:10:58:11":6,"s:59:2:68:3":7,"b:61:4:67:5:64:11:67:5":0,"s:61:4:67:5":8,"b:61:8:61:30:61:34:61:68":1,"s:62:6:62:47":9,"s:63:6:63:13":10,"s:65:6:65:30":11,"s:66:6:66:13":12,"s:69:2:69:16":13,"f:77:16:77:28":1,"b:78:2:78:40:undefined:undefined:undefined:undefined":2,"s:78:2:78:40":14,"s:78:26:78:40":15,"s:79:16:79:28":16,"b:80:2:82:3:undefined:undefined:undefined:undefined":3,"s:80:2:82:3":17,"b:80:6:80:27:80:31:80:48:80:52:80:69":4,"s:81:4:81:18":18,"s:83:2:83:21":19,"f:91:16:91:30":2,"b:92:2:94:3:undefined:undefined:undefined:undefined":5,"s:92:2:94:3":20,"b:92:6:92:19:92:23:92:48":6,"s:93:4:93:27":21,"s:95:19:95:21":22,"s:97:2:99:3":23,"s:98:4:98:40":24,"s:101:2:104:3":25,"s:102:4:102:35":26,"s:103:4:103:36":27,"s:105:2:105:18":28,"f:113:16:113:30":3,"s:114:17:114:35":29,"s:115:17:115:19":30,"s:117:2:138:3":31,"s:117:15:117:16":32,"s:118:18:118:27":33,"s:119:22:119:66":34,"b:119:46:119:59:119:62:119:66":7,"b:121:4:137:5:123:11:137:5":8,"s:121:4:137:5":35,"s:122:6:122:70":36,"b:123:11:137:5:132:11:137:5":9,"s:123:11:137:5":37,"b:124:6:131:7:129:13:131:7":10,"s:124:6:131:7":38,"s:125:29:125:52":39,"s:126:33:126:61":40,"s:127:8:127:75":41,"s:128:8:128:12":42,"s:130:8:130:64":43,"s:133:23:133:42":44,"b:134:6:136:7:undefined:undefined:undefined:undefined":11,"s:134:6:136:7":45,"s:135:8:135:47":46,"s:140:2:140:16":47}}}
,"D:\\Works\\project\\ProjectTypingGame\\web\\src\\games\\typing\\domain\\services\\score-calculator.js": {"path":"D:\\Works\\project\\ProjectTypingGame\\web\\src\\games\\typing\\domain\\services\\score-calculator.js","statementMap":{"0":{"start":{"line":1,"column":20},"end":{"line":6,"column":1}},"1":{"start":{"line":12,"column":2},"end":{"line":14,"column":3}},"2":{"start":{"line":13,"column":4},"end":{"line":13,"column":52}},"3":{"start":{"line":13,"column":28},"end":{"line":13,"column":52}},"4":{"start":{"line":15,"column":2},"end":{"line":15,"column":13}},"5":{"start":{"line":25,"column":2},"end":{"line":25,"column":24}},"6":{"start":{"line":25,"column":15},"end":{"line":25,"column":24}},"7":{"start":{"line":26,"column":18},"end":{"line":26,"column":28}},"8":{"start":{"line":27,"column":2},"end":{"line":27,"column":62}},"9":{"start":{"line":37,"column":2},"end":{"line":37,"column":28}},"10":{"start":{"line":37,"column":19},"end":{"line":37,"column":28}},"11":{"start":{"line":38,"column":2},"end":{"line":38,"column":51}},"12":{"start":{"line":41,"column":19},"end":{"line":46,"column":1}},"13":{"start":{"line":52,"column":2},"end":{"line":54,"column":3}},"14":{"start":{"line":53,"column":4},"end":{"line":53,"column":74}},"15":{"start":{"line":53,"column":56},"end":{"line":53,"column":74}},"16":{"start":{"line":55,"column":2},"end":{"line":55,"column":13}},"17":{"start":{"line":65,"column":26},"end":{"line":65,"column":66}},"18":{"start":{"line":70,"column":18},"end":{"line":70,"column":19}},"19":{"start":{"line":71,"column":2},"end":{"line":77,"column":3}},"20":{"start":{"line":72,"column":4},"end":{"line":74,"column":5}},"21":{"start":{"line":73,"column":6},"end":{"line":73,"column":67}},"22":{"start":{"line":76,"column":4},"end":{"line":76,"column":42}},"23":{"start":{"line":79,"column":22},"end":{"line":79,"column":43}},"24":{"start":{"line":80,"column":16},"end":{"line":80,"column":52}},"25":{"start":{"line":81,"column":14},"end":{"line":81,"column":61}},"26":{"start":{"line":82,"column":19},"end":{"line":82,"column":75}},"27":{"start":{"line":83,"column":15},"end":{"line":83,"column":37}},"28":{"start":{"line":85,"column":2},"end":{"line":97,"column":5}}},"fnMap":{"0":{"name":"getComboMultiplier","decl":{"start":{"line":11,"column":16},"end":{"line":11,"column":34}},"loc":{"start":{"line":11,"column":42},"end":{"line":16,"column":1}},"line":11},"1":{"name":"calculateWPM","decl":{"start":{"line":24,"column":16},"end":{"line":24,"column":28}},"loc":{"start":{"line":24,"column":47},"end":{"line":28,"column":1}},"line":24},"2":{"name":"calculateAccuracy","decl":{"start":{"line":36,"column":16},"end":{"line":36,"column":33}},"loc":{"start":{"line":36,"column":50},"end":{"line":39,"column":1}},"line":36},"3":{"name":"getRank","decl":{"start":{"line":51,"column":16},"end":{"line":51,"column":23}},"loc":{"start":{"line":51,"column":39},"end":{"line":56,"column":1}},"line":51},"4":{"name":"calculateFinalResult","decl":{"start":{"line":64,"column":16},"end":{"line":64,"column":36}},"loc":{"start":{"line":64,"column":59},"end":{"line":98,"column":1}},"line":64}},"branchMap":{"0":{"loc":{"start":{"line":13,"column":4},"end":{"line":13,"column":52}},"type":"if","locations":[{"start":{"line":13,"column":4},"end":{"line":13,"column":52}},{"start":{},"end":{}}],"line":13},"1":{"loc":{"start":{"line":25,"column":2},"end":{"line":25,"column":24}},"type":"if","locations":[{"start":{"line":25,"column":2},"end":{"line":25,"column":24}},{"start":{},"end":{}}],"line":25},"2":{"loc":{"start":{"line":37,"column":2},"end":{"line":37,"column":28}},"type":"if","locations":[{"start":{"line":37,"column":2},"end":{"line":37,"column":28}},{"start":{},"end":{}}],"line":37},"3":{"loc":{"start":{"line":53,"column":4},"end":{"line":53,"column":74}},"type":"if","locations":[{"start":{"line":53,"column":4},"end":{"line":53,"column":74}},{"start":{},"end":{}}],"line":53},"4":{"loc":{"start":{"line":53,"column":8},"end":{"line":53,"column":54}},"type":"binary-expr","locations":[{"start":{"line":53,"column":8},"end":{"line":53,"column":34}},{"start":{"line":53,"column":38},"end":{"line":53,"column":54}}],"line":53},"5":{"loc":{"start":{"line":71,"column":2},"end":{"line":77,"column":3}},"type":"if","locations":[{"start":{"line":71,"column":2},"end":{"line":77,"column":3}},{"start":{"line":75,"column":9},"end":{"line":77,"column":3}}],"line":71}},"s":{"0":3,"1":31,"2":112,"3":31,"4":0,"5":9,"6":5,"7":4,"8":4,"9":10,"10":3,"11":7,"12":3,"13":13,"14":43,"15":5,"16":8,"17":6,"18":6,"19":6,"20":6,"21":23,"22":0,"23":6,"24":6,"25":6,"26":6,"27":6,"28":6},"f":{"0":31,"1":9,"2":10,"3":13,"4":6},"b":{"0":[31,81],"1":[5,4],"2":[3,7],"3":[5,38],"4":[43,19],"5":[6,0]},"meta":{"lastBranch":6,"lastFunction":5,"lastStatement":29,"seen":{"s:1:20:6:1":0,"f:11:16:11:34":0,"s:12:2:14:3":1,"b:13:4:13:52:undefined:undefined:undefined:undefined":0,"s:13:4:13:52":2,"s:13:28:13:52":3,"s:15:2:15:13":4,"f:24:16:24:28":1,"b:25:2:25:24:undefined:undefined:undefined:undefined":1,"s:25:2:25:24":5,"s:25:15:25:24":6,"s:26:18:26:28":7,"s:27:2:27:62":8,"f:36:16:36:33":2,"b:37:2:37:28:undefined:undefined:undefined:undefined":2,"s:37:2:37:28":9,"s:37:19:37:28":10,"s:38:2:38:51":11,"s:41:19:46:1":12,"f:51:16:51:23":3,"s:52:2:54:3":13,"b:53:4:53:74:undefined:undefined:undefined:undefined":3,"s:53:4:53:74":14,"b:53:8:53:34:53:38:53:54":4,"s:53:56:53:74":15,"s:55:2:55:13":16,"f:64:16:64:36":4,"s:65:26:65:66":17,"s:70:18:70:19":18,"b:71:2:77:3:75:9:77:3":5,"s:71:2:77:3":19,"s:72:4:74:5":20,"s:73:6:73:67":21,"s:76:4:76:42":22,"s:79:22:79:43":23,"s:80:16:80:52":24,"s:81:14:81:61":25,"s:82:19:82:75":26,"s:83:15:83:37":27,"s:85:2:97:5":28}}}
,"D:\\Works\\project\\ProjectTypingGame\\web\\src\\games\\typing\\domain\\values\\difficulty.js": {"path":"D:\\Works\\project\\ProjectTypingGame\\web\\src\\games\\typing\\domain\\values\\difficulty.js","statementMap":{"0":{"start":{"line":1,"column":26},"end":{"line":23,"column":2}},"1":{"start":{"line":26,"column":2},"end":{"line":26,"column":66}},"2":{"start":{"line":26,"column":45},"end":{"line":26,"column":56}}},"fnMap":{"0":{"name":"getDifficultyById","decl":{"start":{"line":25,"column":16},"end":{"line":25,"column":33}},"loc":{"start":{"line":25,"column":38},"end":{"line":27,"column":1}},"line":25},"1":{"name":"(anonymous_1)","decl":{"start":{"line":26,"column":40},"end":{"line":26,"column":41}},"loc":{"start":{"line":26,"column":45},"end":{"line":26,"column":56}},"line":26}},"branchMap":{"0":{"loc":{"start":{"line":26,"column":9},"end":{"line":26,"column":65}},"type":"binary-expr","locations":[{"start":{"line":26,"column":9},"end":{"line":26,"column":57}},{"start":{"line":26,"column":61},"end":{"line":26,"column":65}}],"line":26}},"s":{"0":2,"1":7,"2":14},"f":{"0":7,"1":14},"b":{"0":[7,2]},"meta":{"lastBranch":1,"lastFunction":2,"lastStatement":3,"seen":{"s:1:26:23:2":0,"f:25:16:25:33":0,"s:26:2:26:66":1,"b:26:9:26:57:26:61:26:65":0,"f:26:40:26:41":1,"s:26:45:26:56":2}}}
,"D:\\Works\\project\\ProjectTypingGame\\web\\src\\games\\typing\\domain\\values\\game-config.js": {"path":"D:\\Works\\project\\ProjectTypingGame\\web\\src\\games\\typing\\domain\\values\\game-config.js","statementMap":{"0":{"start":{"line":1,"column":21},"end":{"line":12,"column":1}},"1":{"start":{"line":15,"column":21},"end":{"line":15,"column":43}},"2":{"start":{"line":16,"column":2},"end":{"line":16,"column":68}},"3":{"start":{"line":16,"column":19},"end":{"line":16,"column":68}},"4":{"start":{"line":17,"column":21},"end":{"line":17,"column":43}},"5":{"start":{"line":18,"column":2},"end":{"line":18,"column":72}},"6":{"start":{"line":18,"column":19},"end":{"line":18,"column":72}},"7":{"start":{"line":20,"column":2},"end":{"line":26,"column":5}}},"fnMap":{"0":{"name":"createGameConfig","decl":{"start":{"line":14,"column":16},"end":{"line":14,"column":32}},"loc":{"start":{"line":14,"column":69},"end":{"line":27,"column":1}},"line":14}},"branchMap":{"0":{"loc":{"start":{"line":16,"column":2},"end":{"line":16,"column":68}},"type":"if","locations":[{"start":{"line":16,"column":2},"end":{"line":16,"column":68}},{"start":{},"end":{}}],"line":16},"1":{"loc":{"start":{"line":18,"column":2},"end":{"line":18,"column":72}},"type":"if","locations":[{"start":{"line":18,"column":2},"end":{"line":18,"column":72}},{"start":{},"end":{}}],"line":18}},"s":{"0":1,"1":9,"2":9,"3":1,"4":8,"5":8,"6":1,"7":7},"f":{"0":9},"b":{"0":[1,8],"1":[1,7]},"meta":{"lastBranch":2,"lastFunction":1,"lastStatement":8,"seen":{"s:1:21:12:1":0,"f:14:16:14:32":0,"s:15:21:15:43":1,"b:16:2:16:68:undefined:undefined:undefined:undefined":0,"s:16:2:16:68":2,"s:16:19:16:68":3,"s:17:21:17:43":4,"b:18:2:18:72:undefined:undefined:undefined:undefined":1,"s:18:2:18:72":5,"s:18:19:18:72":6,"s:20:2:26:5":7}}}
,"D:\\Works\\project\\ProjectTypingGame\\web\\src\\games\\typing\\domain\\values\\game-mode.js": {"path":"D:\\Works\\project\\ProjectTypingGame\\web\\src\\games\\typing\\domain\\values\\game-mode.js","statementMap":{"0":{"start":{"line":1,"column":24},"end":{"line":4,"column":2}},"1":{"start":{"line":7,"column":2},"end":{"line":7,"column":49}}},"fnMap":{"0":{"name":"isValidGameMode","decl":{"start":{"line":6,"column":16},"end":{"line":6,"column":31}},"loc":{"start":{"line":6,"column":39},"end":{"line":8,"column":1}},"line":6}},"branchMap":{},"s":{"0":2,"1":8},"f":{"0":8},"b":{},"meta":{"lastBranch":0,"lastFunction":1,"lastStatement":2,"seen":{"s:1:24:4:2":0,"f:6:16:6:31":0,"s:7:2:7:49":1}}}
,"D:\\Works\\project\\ProjectTypingGame\\web\\src\\games\\typing\\domain\\values\\question-mode.js": {"path":"D:\\Works\\project\\ProjectTypingGame\\web\\src\\games\\typing\\domain\\values\\question-mode.js","statementMap":{"0":{"start":{"line":1,"column":28},"end":{"line":4,"column":2}},"1":{"start":{"line":6,"column":19},"end":{"line":9,"column":1}},"2":{"start":{"line":12,"column":2},"end":{"line":12,"column":34}}},"fnMap":{"0":{"name":"getDataFilePrefix","decl":{"start":{"line":11,"column":16},"end":{"line":11,"column":33}},"loc":{"start":{"line":11,"column":40},"end":{"line":13,"column":1}},"line":11}},"branchMap":{"0":{"loc":{"start":{"line":12,"column":9},"end":{"line":12,"column":33}},"type":"binary-expr","locations":[{"start":{"line":12,"column":9},"end":{"line":12,"column":25}},{"start":{"line":12,"column":29},"end":{"line":12,"column":33}}],"line":12}},"s":{"0":1,"1":1,"2":3},"f":{"0":3},"b":{"0":[3,1]},"meta":{"lastBranch":1,"lastFunction":1,"lastStatement":3,"seen":{"s:1:28:4:2":0,"s:6:19:9:1":1,"f:11:16:11:33":0,"s:12:2:12:34":2,"b:12:9:12:25:12:29:12:33":0}}}
,"D:\\Works\\project\\ProjectTypingGame\\web\\src\\games\\typing\\domain\\values\\romaji-input.js": {"path":"D:\\Works\\project\\ProjectTypingGame\\web\\src\\games\\typing\\domain\\values\\romaji-input.js","statementMap":{"0":{"start":{"line":9,"column":2},"end":{"line":14,"column":5}},"1":{"start":{"line":22,"column":14},"end":{"line":22,"column":35}},"2":{"start":{"line":23,"column":23},"end":{"line":23,"column":44}},"3":{"start":{"line":26,"column":25},"end":{"line":28,"column":3}},"4":{"start":{"line":27,"column":11},"end":{"line":27,"column":44}},"5":{"start":{"line":30,"column":2},"end":{"line":32,"column":3}},"6":{"start":{"line":31,"column":4},"end":{"line":31,"column":38}},"7":{"start":{"line":35,"column":20},"end":{"line":35,"column":66}},"8":{"start":{"line":35,"column":47},"end":{"line":35,"column":65}},"9":{"start":{"line":37,"column":2},"end":{"line":46,"column":4}}},"fnMap":{"0":{"name":"createRomajiInput","decl":{"start":{"line":8,"column":16},"end":{"line":8,"column":33}},"loc":{"start":{"line":8,"column":50},"end":{"line":15,"column":1}},"line":8},"1":{"name":"advanceRomajiInput","decl":{"start":{"line":21,"column":16},"end":{"line":21,"column":34}},"loc":{"start":{"line":21,"column":48},"end":{"line":47,"column":1}},"line":21},"2":{"name":"(anonymous_2)","decl":{"start":{"line":27,"column":4},"end":{"line":27,"column":5}},"loc":{"start":{"line":27,"column":11},"end":{"line":27,"column":44}},"line":27},"3":{"name":"(anonymous_3)","decl":{"start":{"line":35,"column":40},"end":{"line":35,"column":41}},"loc":{"start":{"line":35,"column":47},"end":{"line":35,"column":65}},"line":35}},"branchMap":{"0":{"loc":{"start":{"line":27,"column":11},"end":{"line":27,"column":44}},"type":"binary-expr","locations":[{"start":{"line":27,"column":11},"end":{"line":27,"column":25}},{"start":{"line":27,"column":29},"end":{"line":27,"column":44}}],"line":27},"1":{"loc":{"start":{"line":30,"column":2},"end":{"line":32,"column":3}},"type":"if","locations":[{"start":{"line":30,"column":2},"end":{"line":32,"column":3}},{"start":{},"end":{}}],"line":30}},"s":{"0":14,"1":19,"2":19,"3":19,"4":28,"5":19,"6":2,"7":17,"8":20,"9":17},"f":{"0":14,"1":19,"2":28,"3":20},"b":{"0":[28,28],"1":[2,17]},"meta":{"lastBranch":2,"lastFunction":4,"lastStatement":10,"seen":{"f:8:16:8:33":0,"s:9:2:14:5":0,"f:21:16:21:34":1,"s:22:14:22:35":1,"s:23:23:23:44":2,"s:26:25:28:3":3,"f:27:4:27:5":2,"s:27:11:27:44":4,"b:27:11:27:25:27:29:27:44":0,"b:30:2:32:3:undefined:undefined:undefined:undefined":1,"s:30:2:32:3":5,"s:31:4:31:38":6,"s:35:20:35:66":7,"f:35:40:35:41":3,"s:35:47:35:65":8,"s:37:2:46:4":9}}}
,"D:\\Works\\project\\ProjectTypingGame\\web\\src\\games\\typing\\domain\\values\\score.js": {"path":"D:\\Works\\project\\ProjectTypingGame\\web\\src\\games\\typing\\domain\\values\\score.js","statementMap":{"0":{"start":{"line":2,"column":16},"end":{"line":2,"column":65}},"1":{"start":{"line":3,"column":2},"end":{"line":3,"column":70}},"2":{"start":{"line":7,"column":2},"end":{"line":7,"column":30}}},"fnMap":{"0":{"name":"createScore","decl":{"start":{"line":1,"column":16},"end":{"line":1,"column":27}},"loc":{"start":{"line":1,"column":64},"end":{"line":4,"column":1}},"line":1},"1":{"name":"initialScore","decl":{"start":{"line":6,"column":16},"end":{"line":6,"column":28}},"loc":{"start":{"line":6,"column":31},"end":{"line":8,"column":1}},"line":6}},"branchMap":{},"s":{"0":4,"1":4,"2":1},"f":{"0":4,"1":1},"b":{},"meta":{"lastBranch":0,"lastFunction":2,"lastStatement":3,"seen":{"f:1:16:1:27":0,"s:2:16:2:65":0,"s:3:2:3:70":1,"f:6:16:6:28":1,"s:7:2:7:30":2}}}
,"D:\\Works\\project\\ProjectTypingGame\\web\\src\\games\\typing\\infrastructure\\repositories\\json-question-repository.js": {"path":"D:\\Works\\project\\ProjectTypingGame\\web\\src\\games\\typing\\infrastructure\\repositories\\json-question-repository.js","statementMap":{"0":{"start":{"line":2,"column":16},"end":{"line":2,"column":25}},"1":{"start":{"line":4,"column":2},"end":{"line":21,"column":4}},"2":{"start":{"line":6,"column":23},"end":{"line":6,"column":59}},"3":{"start":{"line":7,"column":6},"end":{"line":9,"column":7}},"4":{"start":{"line":8,"column":8},"end":{"line":8,"column":35}},"5":{"start":{"line":11,"column":18},"end":{"line":11,"column":65}},"6":{"start":{"line":12,"column":23},"end":{"line":12,"column":39}},"7":{"start":{"line":13,"column":6},"end":{"line":15,"column":7}},"8":{"start":{"line":14,"column":8},"end":{"line":14,"column":73}},"9":{"start":{"line":16,"column":19},"end":{"line":16,"column":40}},"10":{"start":{"line":17,"column":24},"end":{"line":17,"column":38}},"11":{"start":{"line":18,"column":6},"end":{"line":18,"column":37}},"12":{"start":{"line":19,"column":6},"end":{"line":19,"column":23}}},"fnMap":{"0":{"name":"createJsonQuestionRepository","decl":{"start":{"line":1,"column":16},"end":{"line":1,"column":44}},"loc":{"start":{"line":1,"column":47},"end":{"line":22,"column":1}},"line":1},"1":{"name":"(anonymous_1)","decl":{"start":{"line":5,"column":10},"end":{"line":5,"column":24}},"loc":{"start":{"line":5,"column":51},"end":{"line":20,"column":5}},"line":5}},"branchMap":{"0":{"loc":{"start":{"line":7,"column":6},"end":{"line":9,"column":7}},"type":"if","locations":[{"start":{"line":7,"column":6},"end":{"line":9,"column":7}},{"start":{},"end":{}}],"line":7},"1":{"loc":{"start":{"line":13,"column":6},"end":{"line":15,"column":7}},"type":"if","locations":[{"start":{"line":13,"column":6},"end":{"line":15,"column":7}},{"start":{},"end":{}}],"line":13}},"s":{"0":4,"1":4,"2":6,"3":6,"4":1,"5":5,"6":5,"7":5,"8":1,"9":4,"10":4,"11":4,"12":4},"f":{"0":4,"1":6},"b":{"0":[1,5],"1":[1,4]},"meta":{"lastBranch":2,"lastFunction":2,"lastStatement":13,"seen":{"f:1:16:1:44":0,"s:2:16:2:25":0,"s:4:2:21:4":1,"f:5:10:5:24":1,"s:6:23:6:59":2,"b:7:6:9:7:undefined:undefined:undefined:undefined":0,"s:7:6:9:7":3,"s:8:8:8:35":4,"s:11:18:11:65":5,"s:12:23:12:39":6,"b:13:6:15:7:undefined:undefined:undefined:undefined":1,"s:13:6:15:7":7,"s:14:8:14:73":8,"s:16:19:16:40":9,"s:17:24:17:38":10,"s:18:6:18:37":11,"s:19:6:19:23":12}}}
,"D:\\Works\\project\\ProjectTypingGame\\web\\src\\games\\typing\\pages\\description.js": {"path":"D:\\Works\\project\\ProjectTypingGame\\web\\src\\games\\typing\\pages\\description.js","statementMap":{"0":{"start":{"line":2,"column":2},"end":{"line":2,"column":66}},"1":{"start":{"line":7,"column":17},"end":{"line":7,"column":46}},"2":{"start":{"line":8,"column":4},"end":{"line":8,"column":38}},"3":{"start":{"line":9,"column":4},"end":{"line":32,"column":6}},"4":{"start":{"line":34,"column":4},"end":{"line":40,"column":5}},"5":{"start":{"line":35,"column":6},"end":{"line":35,"column":70}},"6":{"start":{"line":36,"column":22},"end":{"line":36,"column":64}},"7":{"start":{"line":37,"column":6},"end":{"line":37,"column":61}},"8":{"start":{"line":38,"column":6},"end":{"line":38,"column":43}},"9":{"start":{"line":39,"column":6},"end":{"line":39,"column":36}},"10":{"start":{"line":42,"column":4},"end":{"line":42,"column":16}}},"fnMap":{"0":{"name":"isMobileDevice","decl":{"start":{"line":1,"column":9},"end":{"line":1,"column":23}},"loc":{"start":{"line":1,"column":26},"end":{"line":3,"column":1}},"line":1},"1":{"name":"(anonymous_1)","decl":{"start":{"line":6,"column":2},"end":{"line":6,"column":8}},"loc":{"start":{"line":6,"column":11},"end":{"line":43,"column":3}},"line":6}},"branchMap":{"0":{"loc":{"start":{"line":2,"column":9},"end":{"line":2,"column":65}},"type":"binary-expr","locations":[{"start":{"line":2,"column":9},"end":{"line":2,"column":37}},{"start":{"line":2,"column":41},"end":{"line":2,"column":65}}],"line":2},"1":{"loc":{"start":{"line":34,"column":4},"end":{"line":40,"column":5}},"type":"if","locations":[{"start":{"line":34,"column":4},"end":{"line":40,"column":5}},{"start":{},"end":{}}],"line":34}},"s":{"0":0,"1":0,"2":0,"3":0,"4":0,"5":0,"6":0,"7":0,"8":0,"9":0,"10":0},"f":{"0":0,"1":0},"b":{"0":[0,0],"1":[0,0]},"meta":{"lastBranch":2,"lastFunction":2,"lastStatement":11,"seen":{"f:1:9:1:23":0,"s:2:2:2:66":0,"b:2:9:2:37:2:41:2:65":0,"f:6:2:6:8":1,"s:7:17:7:46":1,"s:8:4:8:38":2,"s:9:4:32:6":3,"b:34:4:40:5:undefined:undefined:undefined:undefined":1,"s:34:4:40:5":4,"s:35:6:35:70":5,"s:36:22:36:64":6,"s:37:6:37:61":7,"s:38:6:38:43":8,"s:39:6:39:36":9,"s:42:4:42:16":10}}}
,"D:\\Works\\project\\ProjectTypingGame\\web\\src\\games\\typing\\pages\\play.js": {"path":"D:\\Works\\project\\ProjectTypingGame\\web\\src\\games\\typing\\pages\\play.js","statementMap":{"0":{"start":{"line":3,"column":19},"end":{"line":3,"column":23}},"1":{"start":{"line":7,"column":17},"end":{"line":7,"column":46}},"2":{"start":{"line":8,"column":4},"end":{"line":8,"column":55}},"3":{"start":{"line":11,"column":4},"end":{"line":15,"column":7}},"4":{"start":{"line":12,"column":6},"end":{"line":14,"column":7}},"5":{"start":{"line":13,"column":8},"end":{"line":13,"column":46}},"6":{"start":{"line":17,"column":4},"end":{"line":17,"column":16}},"7":{"start":{"line":20,"column":4},"end":{"line":23,"column":5}},"8":{"start":{"line":21,"column":6},"end":{"line":21,"column":29}},"9":{"start":{"line":22,"column":6},"end":{"line":22,"column":26}}},"fnMap":{"0":{"name":"(anonymous_0)","decl":{"start":{"line":6,"column":2},"end":{"line":6,"column":8}},"loc":{"start":{"line":6,"column":11},"end":{"line":18,"column":3}},"line":6},"1":{"name":"(anonymous_1)","decl":{"start":{"line":11,"column":26},"end":{"line":11,"column":27}},"loc":{"start":{"line":11,"column":32},"end":{"line":15,"column":5}},"line":11},"2":{"name":"(anonymous_2)","decl":{"start":{"line":19,"column":2},"end":{"line":19,"column":9}},"loc":{"start":{"line":19,"column":12},"end":{"line":24,"column":3}},"line":19}},"branchMap":{"0":{"loc":{"start":{"line":12,"column":6},"end":{"line":14,"column":7}},"type":"if","locations":[{"start":{"line":12,"column":6},"end":{"line":14,"column":7}},{"start":{},"end":{}}],"line":12},"1":{"loc":{"start":{"line":20,"column":4},"end":{"line":23,"column":5}},"type":"if","locations":[{"start":{"line":20,"column":4},"end":{"line":23,"column":5}},{"start":{},"end":{}}],"line":20}},"s":{"0":0,"1":0,"2":0,"3":0,"4":0,"5":0,"6":0,"7":0,"8":0,"9":0},"f":{"0":0,"1":0,"2":0},"b":{"0":[0,0],"1":[0,0]},"meta":{"lastBranch":2,"lastFunction":3,"lastStatement":10,"seen":{"s:3:19:3:23":0,"f:6:2:6:8":0,"s:7:17:7:46":1,"s:8:4:8:55":2,"s:11:4:15:7":3,"f:11:26:11:27":1,"b:12:6:14:7:undefined:undefined:undefined:undefined":0,"s:12:6:14:7":4,"s:13:8:13:46":5,"s:17:4:17:16":6,"f:19:2:19:9":2,"b:20:4:23:5:undefined:undefined:undefined:undefined":1,"s:20:4:23:5":7,"s:21:6:21:29":8,"s:22:6:22:26":9}}}
,"D:\\Works\\project\\ProjectTypingGame\\web\\src\\games\\typing\\presentation\\keyboard-handler.js": {"path":"D:\\Works\\project\\ProjectTypingGame\\web\\src\\games\\typing\\presentation\\keyboard-handler.js","statementMap":{"0":{"start":{"line":2,"column":22},"end":{"line":2,"column":26}},"1":{"start":{"line":3,"column":23},"end":{"line":3,"column":27}},"2":{"start":{"line":4,"column":16},"end":{"line":4,"column":21}},"3":{"start":{"line":7,"column":4},"end":{"line":7,"column":25}},"4":{"start":{"line":7,"column":18},"end":{"line":7,"column":25}},"5":{"start":{"line":8,"column":4},"end":{"line":8,"column":34}},"6":{"start":{"line":8,"column":27},"end":{"line":8,"column":34}},"7":{"start":{"line":10,"column":4},"end":{"line":12,"column":5}},"8":{"start":{"line":11,"column":6},"end":{"line":11,"column":29}},"9":{"start":{"line":14,"column":4},"end":{"line":17,"column":5}},"10":{"start":{"line":15,"column":6},"end":{"line":15,"column":25}},"11":{"start":{"line":16,"column":6},"end":{"line":16,"column":13}},"12":{"start":{"line":19,"column":16},"end":{"line":19,"column":39}},"13":{"start":{"line":20,"column":4},"end":{"line":23,"column":5}},"14":{"start":{"line":21,"column":6},"end":{"line":21,"column":27}},"15":{"start":{"line":22,"column":6},"end":{"line":22,"column":13}},"16":{"start":{"line":25,"column":4},"end":{"line":27,"column":5}},"17":{"start":{"line":26,"column":6},"end":{"line":26,"column":27}},"18":{"start":{"line":30,"column":2},"end":{"line":30,"column":54}},"19":{"start":{"line":32,"column":2},"end":{"line":42,"column":4}},"20":{"start":{"line":33,"column":18},"end":{"line":33,"column":37}},"21":{"start":{"line":34,"column":19},"end":{"line":34,"column":39}},"22":{"start":{"line":35,"column":15},"end":{"line":35,"column":30}},"23":{"start":{"line":36,"column":16},"end":{"line":36,"column":32}},"24":{"start":{"line":38,"column":6},"end":{"line":38,"column":61}},"25":{"start":{"line":39,"column":6},"end":{"line":39,"column":27}},"26":{"start":{"line":40,"column":6},"end":{"line":40,"column":28}}},"fnMap":{"0":{"name":"createKeyboardHandler","decl":{"start":{"line":1,"column":16},"end":{"line":1,"column":37}},"loc":{"start":{"line":1,"column":40},"end":{"line":43,"column":1}},"line":1},"1":{"name":"handleKeyDown","decl":{"start":{"line":6,"column":11},"end":{"line":6,"column":24}},"loc":{"start":{"line":6,"column":32},"end":{"line":28,"column":3}},"line":6},"2":{"name":"(anonymous_2)","decl":{"start":{"line":33,"column":4},"end":{"line":33,"column":11}},"loc":{"start":{"line":33,"column":16},"end":{"line":33,"column":39}},"line":33},"3":{"name":"(anonymous_3)","decl":{"start":{"line":34,"column":4},"end":{"line":34,"column":12}},"loc":{"start":{"line":34,"column":17},"end":{"line":34,"column":41}},"line":34},"4":{"name":"(anonymous_4)","decl":{"start":{"line":35,"column":4},"end":{"line":35,"column":10}},"loc":{"start":{"line":35,"column":13},"end":{"line":35,"column":32}},"line":35},"5":{"name":"(anonymous_5)","decl":{"start":{"line":36,"column":4},"end":{"line":36,"column":11}},"loc":{"start":{"line":36,"column":14},"end":{"line":36,"column":34}},"line":36},"6":{"name":"(anonymous_6)","decl":{"start":{"line":37,"column":4},"end":{"line":37,"column":11}},"loc":{"start":{"line":37,"column":14},"end":{"line":41,"column":5}},"line":37}},"branchMap":{"0":{"loc":{"start":{"line":7,"column":4},"end":{"line":7,"column":25}},"type":"if","locations":[{"start":{"line":7,"column":4},"end":{"line":7,"column":25}},{"start":{},"end":{}}],"line":7},"1":{"loc":{"start":{"line":8,"column":4},"end":{"line":8,"column":34}},"type":"if","locations":[{"start":{"line":8,"column":4},"end":{"line":8,"column":34}},{"start":{},"end":{}}],"line":8},"2":{"loc":{"start":{"line":10,"column":4},"end":{"line":12,"column":5}},"type":"if","locations":[{"start":{"line":10,"column":4},"end":{"line":12,"column":5}},{"start":{},"end":{}}],"line":10},"3":{"loc":{"start":{"line":10,"column":8},"end":{"line":10,"column":56}},"type":"binary-expr","locations":[{"start":{"line":10,"column":8},"end":{"line":10,"column":30}},{"start":{"line":10,"column":34},"end":{"line":10,"column":56}}],"line":10},"4":{"loc":{"start":{"line":14,"column":4},"end":{"line":17,"column":5}},"type":"if","locations":[{"start":{"line":14,"column":4},"end":{"line":17,"column":5}},{"start":{},"end":{}}],"line":14},"5":{"loc":{"start":{"line":20,"column":4},"end":{"line":23,"column":5}},"type":"if","locations":[{"start":{"line":20,"column":4},"end":{"line":23,"column":5}},{"start":{},"end":{}}],"line":20},"6":{"loc":{"start":{"line":25,"column":4},"end":{"line":27,"column":5}},"type":"if","locations":[{"start":{"line":25,"column":4},"end":{"line":27,"column":5}},{"start":{},"end":{}}],"line":25}},"s":{"0":0,"1":0,"2":0,"3":0,"4":0,"5":0,"6":0,"7":0,"8":0,"9":0,"10":0,"11":0,"12":0,"13":0,"14":0,"15":0,"16":0,"17":0,"18":0,"19":0,"20":0,"21":0,"22":0,"23":0,"24":0,"25":0,"26":0},"f":{"0":0,"1":0,"2":0,"3":0,"4":0,"5":0,"6":0},"b":{"0":[0,0],"1":[0,0],"2":[0,0],"3":[0,0],"4":[0,0],"5":[0,0],"6":[0,0]},"meta":{"lastBranch":7,"lastFunction":7,"lastStatement":27,"seen":{"f:1:16:1:37":0,"s:2:22:2:26":0,"s:3:23:3:27":1,"s:4:16:4:21":2,"f:6:11:6:24":1,"b:7:4:7:25:undefined:undefined:undefined:undefined":0,"s:7:4:7:25":3,"s:7:18:7:25":4,"b:8:4:8:34:undefined:undefined:undefined:undefined":1,"s:8:4:8:34":5,"s:8:27:8:34":6,"b:10:4:12:5:undefined:undefined:undefined:undefined":2,"s:10:4:12:5":7,"b:10:8:10:30:10:34:10:56":3,"s:11:6:11:29":8,"b:14:4:17:5:undefined:undefined:undefined:undefined":4,"s:14:4:17:5":9,"s:15:6:15:25":10,"s:16:6:16:13":11,"s:19:16:19:39":12,"b:20:4:23:5:undefined:undefined:undefined:undefined":5,"s:20:4:23:5":13,"s:21:6:21:27":14,"s:22:6:22:13":15,"b:25:4:27:5:undefined:undefined:undefined:undefined":6,"s:25:4:27:5":16,"s:26:6:26:27":17,"s:30:2:30:54":18,"s:32:2:42:4":19,"f:33:4:33:11":2,"s:33:18:33:37":20,"f:34:4:34:12":3,"s:34:19:34:39":21,"f:35:4:35:10":4,"s:35:15:35:30":22,"f:36:4:36:11":5,"s:36:16:36:32":23,"f:37:4:37:11":6,"s:38:6:38:61":24,"s:39:6:39:27":25,"s:40:6:40:28":26}}}
,"D:\\Works\\project\\ProjectTypingGame\\web\\src\\games\\typing\\presentation\\canvas\\effect-renderer.js": {"path":"D:\\Works\\project\\ProjectTypingGame\\web\\src\\games\\typing\\presentation\\canvas\\effect-renderer.js","statementMap":{"0":{"start":{"line":4,"column":21},"end":{"line":4,"column":25}},"1":{"start":{"line":5,"column":18},"end":{"line":5,"column":22}},"2":{"start":{"line":6,"column":15},"end":{"line":6,"column":16}},"3":{"start":{"line":7,"column":15},"end":{"line":7,"column":16}},"4":{"start":{"line":8,"column":20},"end":{"line":8,"column":24}},"5":{"start":{"line":9,"column":21},"end":{"line":9,"column":25}},"6":{"start":{"line":11,"column":27},"end":{"line":11,"column":30}},"7":{"start":{"line":12,"column":24},"end":{"line":12,"column":27}},"8":{"start":{"line":13,"column":27},"end":{"line":13,"column":31}},"9":{"start":{"line":16,"column":4},"end":{"line":16,"column":62}},"10":{"start":{"line":20,"column":4},"end":{"line":20,"column":56}},"11":{"start":{"line":24,"column":4},"end":{"line":28,"column":5}},"12":{"start":{"line":25,"column":6},"end":{"line":25,"column":52}},"13":{"start":{"line":27,"column":6},"end":{"line":27,"column":25}},"14":{"start":{"line":32,"column":4},"end":{"line":32,"column":68}},"15":{"start":{"line":36,"column":4},"end":{"line":39,"column":5}},"16":{"start":{"line":37,"column":6},"end":{"line":37,"column":40}},"17":{"start":{"line":38,"column":6},"end":{"line":38,"column":77}},"18":{"start":{"line":38,"column":57},"end":{"line":38,"column":77}},"19":{"start":{"line":41,"column":4},"end":{"line":51,"column":5}},"20":{"start":{"line":42,"column":6},"end":{"line":42,"column":37}},"21":{"start":{"line":43,"column":6},"end":{"line":50,"column":7}},"22":{"start":{"line":44,"column":8},"end":{"line":44,"column":43}},"23":{"start":{"line":45,"column":8},"end":{"line":45,"column":43}},"24":{"start":{"line":47,"column":8},"end":{"line":47,"column":25}},"25":{"start":{"line":48,"column":8},"end":{"line":48,"column":19}},"26":{"start":{"line":49,"column":8},"end":{"line":49,"column":19}},"27":{"start":{"line":53,"column":4},"end":{"line":56,"column":5}},"28":{"start":{"line":54,"column":6},"end":{"line":54,"column":39}},"29":{"start":{"line":55,"column":6},"end":{"line":55,"column":74}},"30":{"start":{"line":58,"column":4},"end":{"line":61,"column":5}},"31":{"start":{"line":59,"column":6},"end":{"line":59,"column":40}},"32":{"start":{"line":60,"column":6},"end":{"line":60,"column":77}},"33":{"start":{"line":60,"column":57},"end":{"line":60,"column":77}},"34":{"start":{"line":65,"column":4},"end":{"line":73,"column":5}},"35":{"start":{"line":66,"column":23},"end":{"line":66,"column":67}},"36":{"start":{"line":67,"column":20},"end":{"line":67,"column":40}},"37":{"start":{"line":68,"column":6},"end":{"line":68,"column":17}},"38":{"start":{"line":69,"column":6},"end":{"line":69,"column":30}},"39":{"start":{"line":70,"column":6},"end":{"line":70,"column":32}},"40":{"start":{"line":71,"column":6},"end":{"line":71,"column":54}},"41":{"start":{"line":72,"column":6},"end":{"line":72,"column":20}},"42":{"start":{"line":75,"column":4},"end":{"line":87,"column":5}},"43":{"start":{"line":76,"column":23},"end":{"line":76,"column":67}},"44":{"start":{"line":77,"column":20},"end":{"line":77,"column":95}},"45":{"start":{"line":78,"column":20},"end":{"line":78,"column":96}},"46":{"start":{"line":79,"column":6},"end":{"line":79,"column":17}},"47":{"start":{"line":80,"column":6},"end":{"line":80,"column":30}},"48":{"start":{"line":81,"column":6},"end":{"line":81,"column":85}},"49":{"start":{"line":82,"column":6},"end":{"line":82,"column":72}},"50":{"start":{"line":83,"column":6},"end":{"line":83,"column":31}},"51":{"start":{"line":84,"column":6},"end":{"line":84,"column":34}},"52":{"start":{"line":85,"column":6},"end":{"line":85,"column":77}},"53":{"start":{"line":86,"column":6},"end":{"line":86,"column":20}},"54":{"start":{"line":91,"column":4},"end":{"line":91,"column":36}},"55":{"start":{"line":95,"column":4},"end":{"line":95,"column":30}},"56":{"start":{"line":98,"column":2},"end":{"line":107,"column":4}}},"fnMap":{"0":{"name":"createEffectRenderer","decl":{"start":{"line":3,"column":16},"end":{"line":3,"column":36}},"loc":{"start":{"line":3,"column":42},"end":{"line":108,"column":1}},"line":3},"1":{"name":"triggerCorrectFlash","decl":{"start":{"line":15,"column":11},"end":{"line":15,"column":30}},"loc":{"start":{"line":15,"column":33},"end":{"line":17,"column":3}},"line":15},"2":{"name":"triggerMissFlash","decl":{"start":{"line":19,"column":11},"end":{"line":19,"column":27}},"loc":{"start":{"line":19,"column":30},"end":{"line":21,"column":3}},"line":19},"3":{"name":"triggerComboEffect","decl":{"start":{"line":23,"column":11},"end":{"line":23,"column":29}},"loc":{"start":{"line":23,"column":37},"end":{"line":29,"column":3}},"line":23},"4":{"name":"triggerRankIn","decl":{"start":{"line":31,"column":11},"end":{"line":31,"column":24}},"loc":{"start":{"line":31,"column":31},"end":{"line":33,"column":3}},"line":31},"5":{"name":"update","decl":{
[...]
mn":30},"end":{"line":6,"column":78}},"3":{"start":{"line":7,"column":30},"end":{"line":7,"column":71}},"4":{"start":{"line":8,"column":30},"end":{"line":8,"column":66}},"5":{"start":{"line":9,"column":30},"end":{"line":9,"column":64}},"6":{"start":{"line":10,"column":30},"end":{"line":10,"column":66}},"7":{"start":{"line":11,"column":30},"end":{"line":11,"column":68}},"8":{"start":{"line":14,"column":17},"end":{"line":14,"column":63}},"9":{"start":{"line":14,"column":23},"end":{"line":14,"column":63}},"10":{"start":{"line":17,"column":2},"end":{"line":17,"column":32}},"11":{"start":{"line":21,"column":15},"end":{"line":21,"column":37}},"12":{"start":{"line":22,"column":2},"end":{"line":22,"column":21}},"13":{"start":{"line":25,"column":17},"end":{"line":25,"column":21}},"14":{"start":{"line":26,"column":19},"end":{"line":26,"column":23}},"15":{"start":{"line":27,"column":14},"end":{"line":27,"column":18}},"16":{"start":{"line":28,"column":14},"end":{"line":28,"column":18}},"17":{"start":{"line":31,"column":15},"end":{"line":31,"column":32}},"18":{"start":{"line":32,"column":22},"end":{"line":32,"column":46}},"19":{"start":{"line":34,"column":2},"end":{"line":34,"column":27}},"20":{"start":{"line":36,"column":2},"end":{"line":68,"column":3}},"21":{"start":{"line":37,"column":19},"end":{"line":37,"column":38}},"22":{"start":{"line":39,"column":4},"end":{"line":39,"column":29}},"23":{"start":{"line":42,"column":4},"end":{"line":42,"column":30}},"24":{"start":{"line":43,"column":4},"end":{"line":45,"column":5}},"25":{"start":{"line":44,"column":6},"end":{"line":44,"column":29}},"26":{"start":{"line":48,"column":4},"end":{"line":48,"column":34}},"27":{"start":{"line":49,"column":17},"end":{"line":49,"column":38}},"28":{"start":{"line":50,"column":4},"end":{"line":50,"column":33}},"29":{"start":{"line":53,"column":4},"end":{"line":61,"column":5}},"30":{"start":{"line":54,"column":6},"end":{"line":54,"column":61}},"31":{"start":{"line":55,"column":6},"end":{"line":55,"column":52}},"32":{"start":{"line":56,"column":6},"end":{"line":56,"column":52}},"33":{"start":{"line":58,"column":6},"end":{"line":58,"column":64}},"34":{"start":{"line":59,"column":6},"end":{"line":59,"column":47}},"35":{"start":{"line":60,"column":6},"end":{"line":60,"column":47}},"36":{"start":{"line":63,"column":3},"end":{"line":63,"column":40}},"37":{"start":{"line":65,"column":4},"end":{"line":65,"column":29}},"38":{"start":{"line":66,"column":4},"end":{"line":66,"column":87}},"39":{"start":{"line":67,"column":4},"end":{"line":67,"column":44}},"40":{"start":{"line":71,"column":22},"end":{"line":88,"column":1}},"41":{"start":{"line":73,"column":4},"end":{"line":73,"column":27}},"42":{"start":{"line":74,"column":4},"end":{"line":74,"column":21}},"43":{"start":{"line":75,"column":4},"end":{"line":75,"column":21}},"44":{"start":{"line":76,"column":4},"end":{"line":76,"column":24}},"45":{"start":{"line":77,"column":4},"end":{"line":77,"column":58}},"46":{"start":{"line":78,"column":4},"end":{"line":78,"column":21}},"47":{"start":{"line":82,"column":4},"end":{"line":82,"column":31}},"48":{"start":{"line":86,"column":4},"end":{"line":86,"column":29}}},"fnMap":{"0":{"name":"(anonymous_0)","decl":{"start":{"line":5,"column":24},"end":{"line":5,"column":25}},"loc":{"start":{"line":5,"column":30},"end":{"line":5,"column":65}},"line":5},"1":{"name":"(anonymous_1)","decl":{"start":{"line":6,"column":24},"end":{"line":6,"column":25}},"loc":{"start":{"line":6,"column":30},"end":{"line":6,"column":78}},"line":6},"2":{"name":"(anonymous_2)","decl":{"start":{"line":7,"column":24},"end":{"line":7,"column":25}},"loc":{"start":{"line":7,"column":30},"end":{"line":7,"column":71}},"line":7},"3":{"name":"(anonymous_3)","decl":{"start":{"line":8,"column":24},"end":{"line":8,"column":25}},"loc":{"start":{"line":8,"column":30},"end":{"line":8,"column":66}},"line":8},"4":{"name":"(anonymous_4)","decl":{"start":{"line":9,"column":24},"end":{"line":9,"column":25}},"loc":{"start":{"line":9,"column":30},"end":{"line":9,"column":64}},"line":9},"5":{"name":"(anonymous_5)","decl":{"start":{"line":10,"column":24},"end":{"line":10,"column":25}},"loc":{"start":{"line":10,"column":30},"end":{"line":10,"column":66}},"line":10},"6":{"name":"(anonymous_6)","decl":{"start":{"line":11,"column":24},"end":{"line":11,"column":25}},"loc":{"start":{"line":11,"column":30},"end":{"line":11,"column":68}},"line":11},"7":{"name":"(anonymous_7)","decl":{"start":{"line":14,"column":17},"end":{"line":14,"column":18}},"loc":{"start":{"line":14,"column":23},"end":{"line":14,"column":63}},"line":14},"8":{"name":"isGamePlayPage","decl":{"start":{"line":16,"column":9},"end":{"line":16,"column":23}},"loc":{"start":{"line":16,"column":30},"end":{"line":18,"column":1}},"line":16},"9":{"name":"getPathFromHash","decl":{"start":{"line":20,"column":9},"end":{"line":20,"column":24}},"loc":{"start":{"line":20,"column":27},"end":{"line":23,"column":1}},"line":20},"10":{"name":"_onRouteChange","decl":{"start":{"line":30,"column":15},"end":{"line":30,"column":29}},"loc":{"start":{"line":30,"column":32},"end":{"line":69,"column":1}},"line":30},"11":{"name":"(anonymous_11)","decl":{"start":{"line":72,"column":2},"end":{"line":72,"column":6}},"loc":{"start":{"line":72,"column":34},"end":{"line":79,"column":3}},"line":72},"12":{"name":"(anonymous_12)","decl":{"start":{"line":81,"column":2},"end":{"line":81,"column":10}},"loc":{"start":{"line":81,"column":17},"end":{"line":83,"column":3}},"line":81},"13":{"name":"(anonymous_13)","decl":{"start":{"line":85,"column":2},"end":{"line":85,"column":16}},"loc":{"start":{"line":85,"column":19},"end":{"line":87,"column":3}},"line":85}},"branchMap":{"0":{"loc":{"start":{"line":22,"column":9},"end":{"line":22,"column":20}},"type":"binary-expr","locations":[{"start":{"line":22,"column":9},"end":{"line":22,"column":13}},{"start":{"line":22,"column":17},"end":{"line":22,"column":20}}],"line":22},"1":{"loc":{"start":{"line":32,"column":22},"end":{"line":32,"column":46}},"type":"binary-expr","locations":[{"start":{"line":32,"column":22},"end":{"line":32,"column":34}},{"start":{"line":32,"column":38},"end":{"line":32,"column":46}}],"line":32},"2":{"loc":{"start":{"line":43,"column":4},"end":{"line":45,"column":5}},"type":"if","locations":[{"start":{"line":43,"column":4},"end":{"line":45,"column":5}},{"start":{},"end":{}}],"line":43},"3":{"loc":{"start":{"line":43,"column":8},"end":{"line":43,"column":66}},"type":"binary-expr","locations":[{"start":{"line":43,"column":8},"end":{"line":43,"column":20}},{"start":{"line":43,"column":24},"end":{"line":43,"column":66}}],"line":43},"4":{"loc":{"start":{"line":53,"column":4},"end":{"line":61,"column":5}},"type":"if","locations":[{"start":{"line":53,"column":4},"end":{"line":61,"column":5}},{"start":{"line":57,"column":11},"end":{"line":61,"column":5}}],"line":53}},"s":{"0":0,"1":0,"2":0,"3":0,"4":0,"5":0,"6":0,"7":0,"8":0,"9":0,"10":0,"11":0,"12":0,"13":0,"14":0,"15":0,"16":0,"17":0,"18":0,"19":0,"20":0,"21":0,"22":0,"23":0,"24":0,"25":0,"26":0,"27":0,"28":0,"29":0,"30":0,"31":0,"32":0,"33":0,"34":0,"35":0,"36":0,"37":0,"38":0,"39":0,"40":0,"41":0,"42":0,"43":0,"44":0,"45":0,"46":0,"47":0,"48":0},"f":{"0":0,"1":0,"2":0,"3":0,"4":0,"5":0,"6":0,"7":0,"8":0,"9":0,"10":0,"11":0,"12":0,"13":0},"b":{"0":[0,0],"1":[0,0],"2":[0,0],"3":[0,0],"4":[0,0]},"meta":{"lastBranch":5,"lastFunction":14,"lastStatement":49,"seen":{"s:4:15:12:1":0,"f:5:24:5:25":0,"s:5:30:5:65":1,"f:6:24:6:25":1,"s:6:30:6:78":2,"f:7:24:7:25":2,"s:7:30:7:71":3,"f:8:24:8:25":3,"s:8:30:8:66":4,"f:9:24:9:25":4,"s:9:30:9:64":5,"f:10:24:10:25":5,"s:10:30:10:66":6,"f:11:24:11:25":6,"s:11:30:11:68":7,"s:14:17:14:63":8,"f:14:17:14:18":7,"s:14:23:14:63":9,"f:16:9:16:23":8,"s:17:2:17:32":10,"f:20:9:20:24":9,"s:21:15:21:37":11,"s:22:2:22:21":12,"b:22:9:22:13:22:17:22:20":0,"s:25:17:25:21":13,"s:26:19:26:23":14,"s:27:14:27:18":15,"s:28:14:28:18":16,"f:30:15:30:29":10,"s:31:15:31:32":17,"s:32:22:32:46":18,"b:32:22:32:34:32:38:32:46":1,"s:34:2:34:27":19,"s:36:2:68:3":20,"s:37:19:37:38":21,"s:39:4:39:29":22,"s:42:4:42:30":23,"b:43:4:45:5:undefined:undefined:undefined:undefined":2,"s:43:4:45:5":24,"b:43:8:43:20:43:24:43:66":3,"s:44:6:44:29":25,"s:48:4:48:34":26,"s:49:17:49:38":27,"s:50:4:50:33":28,"b:53:4:61:5:57:11:61:5":4,"s:53:4:61:5":29,"s:54:6:54:61":30,"s:55:6:55:52":31,"s:56:6:56:52":32,"s:58:6:58:64":33,"s:59:6:59:47":34,"s:60:6:60:47":35,"s:63:3:63:40":36,"s:65:4:65:29":37,"s:66:4:66:87":38,"s:67:4:67:44":39,"s:71:22:88:1":40,"f:72:2:72:6":11,"s:73:4:73:27":41,"s:74:4:74:21":42,"s:75:4:75:21":43,"s:76:4:76:24":44,"s:77:4:77:58":45,"s:78:4:78:21":46,"f:81:2:81:10":12,"s:82:4:82:31":47,"f:85:2:85:16":13,"s:86:4:86:29":48}}}
,"D:\\Works\\project\\ProjectTypingGame\\web\\src\\user\\pages\\login.js": {"path":"D:\\Works\\project\\ProjectTypingGame\\web\\src\\user\\pages\\login.js","statementMap":{"0":{"start":{"line":5,"column":17},"end":{"line":5,"column":46}},"1":{"start":{"line":6,"column":4},"end":{"line":6,"column":34}},"2":{"start":{"line":8,"column":17},"end":{"line":8,"column":52}},"3":{"start":{"line":10,"column":4},"end":{"line":52,"column":5}},"4":{"start":{"line":11,"column":6},"end":{"line":17,"column":8}},"5":{"start":{"line":18,"column":6},"end":{"line":21,"column":9}},"6":{"start":{"line":19,"column":8},"end":{"line":19,"column":42}},"7":{"start":{"line":20,"column":8},"end":{"line":20,"column":29}},"8":{"start":{"line":23,"column":6},"end":{"line":43,"column":8}},"9":{"start":{"line":45,"column":6},"end":{"line":51,"column":9}},"10":{"start":{"line":46,"column":8},"end":{"line":46,"column":27}},"11":{"start":{"line":47,"column":25},"end":{"line":47,"column":69}},"12":{"start":{"line":48,"column":8},"end":{"line":48,"column":30}},"13":{"start":{"line":48,"column":23},"end":{"line":48,"column":30}},"14":{"start":{"line":49,"column":8},"end":{"line":49,"column":49}},"15":{"start":{"line":50,"column":8},"end":{"line":50,"column":29}},"16":{"start":{"line":54,"column":4},"end":{"line":54,"column":16}},"17":{"start":{"line":59,"column":14},"end":{"line":59,"column":43}},"18":{"start":{"line":60,"column":2},"end":{"line":60,"column":24}},"19":{"start":{"line":61,"column":2},"end":{"line":61,"column":23}}},"fnMap":{"0":{"name":"(anonymous_0)","decl":{"start":{"line":4,"column":2},"end":{"line":4,"column":8}},"loc":{"start":{"line":4,"column":11},"end":{"line":55,"column":3}},"line":4},"1":{"name":"(anonymous_1)","decl":{"start":{"line":18,"column":74},"end":{"line":18,"column":79}},"loc":{"start":{"line":18,"column":86},"end":{"line":21,"column":7}},"line":18},"2":{"name":"(anonymous_2)","decl":{"start":{"line":45,"column":73},"end":{"line":45,"column":78}},"loc":{"start":{"line":45,"column":86},"end":{"line":51,"column":7}},"line":45},"3":{"name":"escapeHtml","decl":{"start":{"line":58,"column":9},"end":{"line":58,"column":19}},"loc":{"start":{"line":58,"column":25},"end":{"line":62,"column":1}},"line":58}},"branchMap":{"0":{"loc":{"start":{"line":10,"column":4},"end":{"line":52,"column":5}},"type":"if","locations":[{"start":{"line":10,"column":4},"end":{"line":52,"column":5}},{"start":{"line":22,"column":11},"end":{"line":52,"column":5}}],"line":10},"1":{"loc":{"start":{"line":48,"column":8},"end":{"line":48,"column":30}},"type":"if","locations":[{"start":{"line":48,"column":8},"end":{"line":48,"column":30}},{"start":{},"end":{}}],"line":48}},"s":{"0":0,"1":0,"2":0,"3":0,"4":0,"5":0,"6":0,"7":0,"8":0,"9":0,"10":0,"11":0,"12":0,"13":0,"14":0,"15":0,"16":0,"17":0,"18":0,"19":0},"f":{"0":0,"1":0,"2":0,"3":0},"b":{"0":[0,0],"1":[0,0]},"meta":{"lastBranch":2,"lastFunction":4,"lastStatement":20,"seen":{"f:4:2:4:8":0,"s:5:17:5:46":0,"s:6:4:6:34":1,"s:8:17:8:52":2,"b:10:4:52:5:22:11:52:5":0,"s:10:4:52:5":3,"s:11:6:17:8":4,"s:18:6:21:9":5,"f:18:74:18:79":1,"s:19:8:19:42":6,"s:20:8:20:29":7,"s:23:6:43:8":8,"s:45:6:51:9":9,"f:45:73:45:78":2,"s:46:8:46:27":10,"s:47:25:47:69":11,"b:48:8:48:30:undefined:undefined:undefined:undefined":1,"s:48:8:48:30":12,"s:48:23:48:30":13,"s:49:8:49:49":14,"s:50:8:50:29":15,"s:54:4:54:16":16,"f:58:9:58:19":3,"s:59:14:59:43":17,"s:60:2:60:24":18,"s:61:2:61:23":19}}}
,"D:\\Works\\project\\ProjectTypingGame\\web\\src\\user\\pages\\ranking.js": {"path":"D:\\Works\\project\\ProjectTypingGame\\web\\src\\user\\pages\\ranking.js","statementMap":{"0":{"start":{"line":5,"column":17},"end":{"line":5,"column":46}},"1":{"start":{"line":6,"column":4},"end":{"line":6,"column":36}},"2":{"start":{"line":7,"column":4},"end":{"line":26,"column":6}},"3":{"start":{"line":28,"column":18},"end":{"line":28,"column":55}},"4":{"start":{"line":30,"column":4},"end":{"line":43,"column":7}},"5":{"start":{"line":31,"column":6},"end":{"line":42,"column":9}},"6":{"start":{"line":32,"column":19},"end":{"line":32,"column":47}},"7":{"start":{"line":33,"column":8},"end":{"line":33,"column":38}},"8":{"start":{"line":34,"column":8},"end":{"line":40,"column":10}},"9":{"start":{"line":41,"column":8},"end":{"line":41,"column":30}},"10":{"start":{"line":45,"column":4},"end":{"line":45,"column":16}},"11":{"start":{"line":50,"column":14},"end":{"line":50,"column":43}},"12":{"start":{"line":51,"column":2},"end":{"line":51,"column":24}},"13":{"start":{"line":52,"column":2},"end":{"line":52,"column":23}}},"fnMap":{"0":{"name":"(anonymous_0)","decl":{"start":{"line":4,"column":2},"end":{"line":4,"column":8}},"loc":{"start":{"line":4,"column":11},"end":{"line":46,"column":3}},"line":4},"1":{"name":"(anonymous_1)","decl":{"start":{"line":30,"column":40},"end":{"line":30,"column":48}},"loc":{"start":{"line":30,"column":52},"end":{"line":43,"column":5}},"line":30},"2":{"name":"(anonymous_2)","decl":{"start":{"line":31,"column":23},"end":{"line":31,"column":28}},"loc":{"start":{"line":31,"column":32},"end":{"line":42,"column":7}},"line":31},"3":{"name":"escapeHtml","decl":{"start":{"line":49,"column":9},"end":{"line":49,"column":19}},"loc":{"start":{"line":49,"column":25},"end":{"line":53,"column":1}},"line":49}},"branchMap":{},"s":{"0":0,"1":0,"2":0,"3":0,"4":0,"5":0,"6":0,"7":0,"8":0,"9":0,"10":0,"11":0,"12":0,"13":0},"f":{"0":0,"1":0,"2":0,"3":0},"b":{},"meta":{"lastBranch":0,"lastFunction":4,"lastStatement":14,"seen":{"f:4:2:4:8":0,"s:5:17:5:46":0,"s:6:4:6:36":1,"s:7:4:26:6":2,"s:28:18:28:55":3,"s:30:4:43:7":4,"f:30:40:30:48":1,"s:31:6:42:9":5,"f:31:23:31:28":2,"s:32:19:32:47":6,"s:33:8:33:38":7,"s:34:8:40:10":8,"s:41:8:41:30":9,"s:45:4:45:16":10,"f:49:9:49:19":3,"s:50:14:50:43":11,"s:51:2:51:24":12,"s:52:2:52:23":13}}}
,"D:\\Works\\project\\ProjectTypingGame\\web\\src\\user\\repository\\mock-auth-repository.js": {"path":"D:\\Works\\project\\ProjectTypingGame\\web\\src\\user\\repository\\mock-auth-repository.js","statementMap":{"0":{"start":{"line":3,"column":34},"end":{"line":32,"column":1}},"1":{"start":{"line":5,"column":17},"end":{"line":8,"column":5}},"2":{"start":{"line":9,"column":4},"end":{"line":9,"column":71}},"3":{"start":{"line":10,"column":3},"end":{"line":10,"column":39}},"4":{"start":{"line":11,"column":4},"end":{"line":11,"column":35}},"5":{"start":{"line":15,"column":4},"end":{"line":15,"column":52}},"6":{"start":{"line":16,"column":3},"end":{"line":16,"column":45}},"7":{"start":{"line":20,"column":21},"end":{"line":20,"column":65}},"8":{"start":{"line":21,"column":4},"end":{"line":21,"column":31}},"9":{"start":{"line":21,"column":19},"end":{"line":21,"column":31}},"10":{"start":{"line":22,"column":4},"end":{"line":26,"column":5}},"11":{"start":{"line":23,"column":6},"end":{"line":23,"column":34}},"12":{"start":{"line":25,"column":6},"end":{"line":25,"column":18}},"13":{"start":{"line":30,"column":4},"end":{"line":30,"column":42}}},"fnMap":{"0":{"name":"(anonymous_0)","decl":{"start":{"line":4,"column":8},"end":{"line":4,"column":13}},"loc":{"start":{"line":4,"column":20},"end":{"line":12,"column":3}},"line":4},"1":{"name":"(anonymous_1)","decl":{"start":{"line":14,"column":8},"end":{"line":14,"column":14}},"loc":{"start":{"line":14,"column":17},"end":{"line":17,"column":3}},"line":14},"2":{"name":"(anonymous_2)","decl":{"start":{"line":19,"column":2},"end":{"line":19,"column":16}},"loc":{"start":{"line":19,"column":19},"end":{"line":27,"column":3}},"line":19},"3":{"name":"(anonymous_3)","decl":{"start":{"line":29,"column":2},"end":{"line":29,"column":12}},"loc":{"start":{"line":29,"column":15},"end":{"line":31,"column":3}},"line":29}},"branchMap":{"0":{"loc":{"start":{"line":21,"column":4},"end":{"line":21,"column":31}},"type":"if","locations":[{"start":{"line":21,"column":4},"end":{"line":21,"column":31}},{"start":{},"end":{}}],"line":21}},"s":{"0":0,"1":0,"2":0,"3":0,"4":0,"5":0,"6":0,"7":0,"8":0,"9":0,"10":0,"11":0,"12":0,"13":0},"f":{"0":0,"1":0,"2":0,"3":0},"b":{"0":[0,0]},"meta":{"lastBranch":1,"lastFunction":4,"lastStatement":14,"seen":{"s:3:34:32:1":0,"f:4:8:4:13":0,"s:5:17:8:5":1,"s:9:4:9:71":2,"s:10:3:10:39":3,"s:11:4:11:35":4,"f:14:8:14:14":1,"s:15:4:15:52":5,"s:16:3:16:45":6,"f:19:2:19:16":2,"s:20:21:20:65":7,"b:21:4:21:31:undefined:undefined:undefined:undefined":0,"s:21:4:21:31":8,"s:21:19:21:31":9,"s:22:4:26:5":10,"s:23:6:23:34":11,"s:25:6:25:18":12,"f:29:2:29:12":3,"s:30:4:30:42":13}}}
,"D:\\Works\\project\\ProjectTypingGame\\web\\src\\user\\repository\\mock-ranking-repository.js": {"path":"D:\\Works\\project\\ProjectTypingGame\\web\\src\\user\\repository\\mock-ranking-repository.js","statementMap":{"0":{"start":{"line":1,"column":23},"end":{"line":7,"column":1}},"1":{"start":{"line":9,"column":37},"end":{"line":30,"column":1}},"2":{"start":{"line":11,"column":19},"end":{"line":11,"column":67}},"3":{"start":{"line":12,"column":4},"end":{"line":18,"column":5}},"4":{"start":{"line":13,"column":6},"end":{"line":17,"column":7}},"5":{"start":{"line":14,"column":8},"end":{"line":14,"column":34}},"6":{"start":{"line":16,"column":8},"end":{"line":16,"column":30}},"7":{"start":{"line":19,"column":4},"end":{"line":19,"column":26}},"8":{"start":{"line":23,"column":19},"end":{"line":23,"column":38}},"9":{"start":{"line":24,"column":4},"end":{"line":24,"column":25}},"10":{"start":{"line":25,"column":4},"end":{"line":25,"column":47}},"11":{"start":{"line":25,"column":28},"end":{"line":25,"column":45}},"12":{"start":{"line":26,"column":4},"end":{"line":26,"column":63}},"13":{"start":{"line":26,"column":39},"end":{"line":26,"column":60}},"14":{"start":{"line":27,"column":4},"end":{"line":27,"column":37}},"15":{"start":{"line":28,"column":4},"end":{"line":28,"column":79}}},"fnMap":{"0":{"name":"(anonymous_0)","decl":{"start":{"line":10,"column":8},"end":{"line":10,"column":14}},"loc":{"start":{"line":10,"column":17},"end":{"line":20,"column":3}},"line":10},"1":{"name":"(anonymous_1)","decl":{"start":{"line":22,"column":8},"end":{"line":22,"column":12}},"loc":{"start":{"line":22,"column":20},"end":{"line":29,"column":3}},"line":22},"2":{"name":"(anonymous_2)","decl":{"start":{"line":25,"column":18},"end":{"line":25,"column":19}},"loc":{"start":{"line":25,"column":28},"end":{"line":25,"column":45}},"line":25},"3":{"name":"(anonymous_3)","decl":{"start":{"line":26,"column":28},"end":{"line":26,"column":29}},"loc":{"start":{"line":26,"column":39},"end":{"line":26,"column":60}},"line":26}},"branchMap":{"0":{"loc":{"start":{"line":12,"column":4},"end":{"line":18,"column":5}},"type":"if","locations":[{"start":{"line":12,"column":4},"end":{"line":18,"column":5}},{"start":{},"end":{}}],"line":12}},"s":{"0":0,"1":0,"2":0,"3":0,"4":0,"5":0,"6":0,"7":0,"8":0,"9":0,"10":0,"11":0,"12":0,"13":0,"14":0,"15":0},"f":{"0":0,"1":0,"2":0,"3":0},"b":{"0":[0,0]},"meta":{"lastBranch":1,"lastFunction":4,"lastStatement":16,"seen":{"s:1:23:7:1":0,"s:9:37:30:1":1,"f:10:8:10:14":0,"s:11:19:11:67":2,"b:12:4:18:5:undefined:undefined:undefined:undefined":0,"s:12:4:18:5":3,"s:13:6:17:7":4,"s:14:8:14:34":5,"s:16:8:16:30":6,"s:19:4:19:26":7,"f:22:8:22:12":1,"s:23:19:23:38":8,"s:24:4:24:25":9,"s:25:4:25:47":10,"f:25:18:25:19":2,"s:25:28:25:45":11,"s:26:4:26:63":12,"f:26:28:26:29":3,"s:26:39:26:60":13,"s:27:4:27:37":14,"s:28:4:28:79":15}}}
}
