{"D:\\Works\\project\\GameSite\\web\\src\\games\\breakout\\index.js": {"path":"D:\\Works\\project\\GameSite\\web\\src\\games\\breakout\\index.js","statementMap":{"0":{"start":{"line":17,"column":17},"end":{"line":17,"column":49}},"1":{"start":{"line":18,"column":2},"end":{"line":18,"column":null}},"2":{"start":{"line":19,"column":2},"end":{"line":19,"column":null}},"3":{"start":{"line":21,"column":18},"end":{"line":21,"column":47}},"4":{"start":{"line":22,"column":2},"end":{"line":22,"column":null}},"5":{"start":{"line":23,"column":2},"end":{"line":23,"column":null}},"6":{"start":{"line":25,"column":19},"end":{"line":25,"column":48}},"7":{"start":{"line":26,"column":2},"end":{"line":26,"column":null}},"8":{"start":{"line":27,"column":2},"end":{"line":27,"column":null}},"9":{"start":{"line":29,"column":22},"end":{"line":29,"column":54}},"10":{"start":{"line":30,"column":2},"end":{"line":30,"column":null}},"11":{"start":{"line":31,"column":2},"end":{"line":31,"column":null}},"12":{"start":{"line":32,"column":2},"end":{"line":32,"column":null}},"13":{"start":{"line":33,"column":2},"end":{"line":33,"column":null}},"14":{"start":{"line":34,"column":2},"end":{"line":34,"column":null}},"15":{"start":{"line":36,"column":25},"end":{"line":36,"column":55}},"16":{"start":{"line":37,"column":24},"end":{"line":37,"column":53}},"17":{"start":{"line":38,"column":18},"end":{"line":38,"column":70}},"18":{"start":{"line":39,"column":27},"end":{"line":39,"column":70}},"19":{"start":{"line":41,"column":23},"end":{"line":41,"column":27}},"20":{"start":{"line":42,"column":22},"end":{"line":42,"column":26}},"21":{"start":{"line":43,"column":23},"end":{"line":43,"column":27}},"22":{"start":{"line":46,"column":4},"end":{"line":49,"column":null}},"23":{"start":{"line":47,"column":6},"end":{"line":47,"column":null}},"24":{"start":{"line":48,"column":6},"end":{"line":48,"column":null}},"25":{"start":{"line":53,"column":4},"end":{"line":56,"column":null}},"26":{"start":{"line":54,"column":6},"end":{"line":54,"column":null}},"27":{"start":{"line":55,"column":6},"end":{"line":55,"column":null}},"28":{"start":{"line":57,"column":4},"end":{"line":57,"column":null}},"29":{"start":{"line":61,"column":4},"end":{"line":61,"column":null}},"30":{"start":{"line":65,"column":20},"end":{"line":65,"column":73}},"31":{"start":{"line":66,"column":3},"end":{"line":66,"column":null}},"32":{"start":{"line":67,"column":4},"end":{"line":67,"column":null}},"33":{"start":{"line":71,"column":4},"end":{"line":71,"column":null}},"34":{"start":{"line":72,"column":4},"end":{"line":72,"column":null}},"35":{"start":{"line":76,"column":4},"end":{"line":76,"column":null}},"36":{"start":{"line":78,"column":4},"end":{"line":83,"column":null}},"37":{"start":{"line":79,"column":6},"end":{"line":79,"column":null}},"38":{"start":{"line":81,"column":6},"end":{"line":81,"column":null}},"39":{"start":{"line":82,"column":6},"end":{"line":82,"column":null}},"40":{"start":{"line":87,"column":4},"end":{"line":87,"column":null}},"41":{"start":{"line":88,"column":4},"end":{"line":88,"column":null}},"42":{"start":{"line":89,"column":4},"end":{"line":89,"column":null}},"43":{"start":{"line":90,"column":4},"end":{"line":90,"column":null}},"44":{"start":{"line":92,"column":22},"end":{"line":94,"column":6}},"45":{"start":{"line":96,"column":4},"end":{"line":96,"column":null}},"46":{"start":{"line":97,"column":4},"end":{"line":97,"column":null}},"47":{"start":{"line":101,"column":4},"end":{"line":101,"column":null}},"48":{"start":{"line":102,"column":4},"end":{"line":102,"column":null}},"49":{"start":{"line":103,"column":4},"end":{"line":103,"column":null}},"50":{"start":{"line":104,"column":4},"end":{"line":104,"column":null}},"51":{"start":{"line":106,"column":22},"end":{"line":119,"column":6}},"52":{"start":{"line":111,"column":8},"end":{"line":111,"column":null}},"53":{"start":{"line":111,"column":28},"end":{"line":111,"column":null}},"54":{"start":{"line":112,"column":7},"end":{"line":112,"column":null}},"55":{"start":{"line":113,"column":8},"end":{"line":113,"column":null}},"56":{"start":{"line":114,"column":8},"end":{"line":114,"column":null}},"57":{"start":{"line":117,"column":8},"end":{"line":117,"column":null}},"58":{"start":{"line":121,"column":4},"end":{"line":121,"column":null}},"59":{"start":{"line":122,"column":4},"end":{"line":122,"column":null}},"60":{"start":{"line":126,"column":4},"end":{"line":126,"column":null}},"61":{"start":{"line":127,"column":4},"end":{"line":127,"column":null}},"62":{"start":{"line":129,"column":23},"end":{"line":152,"column":6}},"63":{"start":{"line":131,"column":8},"end":{"line":131,"column":null}},"64":{"start":{"line":132,"column":8},"end":{"line":132,"column":null}},"65":{"start":{"line":133,"column":8},"end":{"line":133,"column":null}},"66":{"start":{"line":133,"column":47},"end":{"line":133,"column":null}},"67":{"start":{"line":134,"column":7},"end":{"line":134,"column":null}},"68":{"start":{"line":135,"column":8},"end":{"line":135,"column":null}},"69":{"start":{"line":138,"column":8},"end":{"line":138,"column":null}},"70":{"start":{"line":139,"column":8},"end":{"line":139,"column":null}},"71":{"start":{"line":140,"column":8},"end":{"line":140,"column":null}},"72":{"start":{"line":142,"column":8},"end":{"line":147,"column":null}},"73":{"start":{"line":143,"column":10},"end":{"line":143,"column":null}},"74":{"start":{"line":145,"column":10},"end":{"line":145,"column":null}},"75":{"start":{"line":146,"column":10},"end":{"line":146,"column":null}},"76":{"start":{"line":150,"column":8},"end":{"line":150,"column":null}},"77":{"start":{"line":154,"column":4},"end":{"line":154,"column":null}},"78":{"start":{"line":155,"column":4},"end":{"line":155,"column":null}},"79":{"start":{"line":159,"column":4},"end":{"line":159,"column":null}},"80":{"start":{"line":160,"column":4},"end":{"line":160,"column":null}},"81":{"start":{"line":161,"column":4},"end":{"line":161,"column":null}},"82":{"start":{"line":163,"column":24},"end":{"line":177,"column":6}},"83":{"start":{"line":165,"column":8},"end":{"line":165,"column":null}},"84":{"start":{"line":167,"column":8},"end":{"line":172,"column":null}},"85":{"start":{"line":168,"column":10},"end":{"line":168,"column":null}},"86":{"start":{"line":170,"column":10},"end":{"line":170,"column":null}},"87":{"start":{"line":171,"column":10},"end":{"line":171,"column":null}},"88":{"start":{"line":175,"column":8},"end":{"line":175,"column":null}},"89":{"start":{"line":179,"column":4},"end":{"line":179,"column":null}},"90":{"start":{"line":180,"column":4},"end":{"line":180,"column":null}},"91":{"start":{"line":184,"column":4},"end":{"line":184,"column":null}},"92":{"start":{"line":184,"column":43},"end":{"line":184,"column":null}},"93":{"start":{"line":185,"column":4},"end":{"line":185,"column":null}},"94":{"start":{"line":185,"column":44},"end":{"line":185,"column":null}},"95":{"start":{"line":187,"column":3},"end":{"line":187,"column":null}},"96":{"start":{"line":188,"column":4},"end":{"line":188,"column":null}},"97":{"start":{"line":189,"column":4},"end":{"line":189,"column":null}},"98":{"start":{"line":192,"column":2},"end":{"line":192,"column":null}},"99":{"start":{"line":194,"column":2},"end":{"line":194,"column":null}},"100":{"start":{"line":196,"column":2},"end":{"line":207,"column":null}},"101":{"start":{"line":198,"column":6},"end":{"line":198,"column":null}},"102":{"start":{"line":199,"column":6},"end":{"line":199,"column":null}},"103":{"start":{"line":200,"column":6},"end":{"line":200,"column":null}},"104":{"start":{"line":201,"column":6},"end":{"line":201,"column":null}},"105":{"start":{"line":202,"column":6},"end":{"line":202,"column":null}},"106":{"start":{"line":203,"column":6},"end":{"line":203,"column":null}},"107":{"start":{"line":204,"column":6},"end":{"line":204,"column":null}},"108":{"start":{"line":205,"column":6},"end":{"line":205,"column":null}}},"fnMap":{"0":{"name":"createBreakoutGame","decl":{"start":{"line":16,"column":16},"end":{"line":16,"column":34}},"loc":{"start":{"line":16,"column":46},"end":{"line":208,"column":null}},"line":16},"1":{"name":"clearScreen","decl":{"start":{"line":45,"column":11},"end":{"line":45,"column":22}},"loc":{"start":{"line":45,"column":25},"end":{"line":50,"column":null}},"line":45},"2":{"name":"clearOverlay","decl":{"start":{"line":52,"column":11},"end":{"line":52,"column":23}},"loc":{"start":{"line":52,"column":26},"end":{"line":58,"column":null}},"line":52},"3":{"name":"setControlsVisible","decl":{"start":{"line":60,"column":11},"end":{"line":60,"column":29}},"loc":{"start":{"line":60,"column":39},"end":{"line":62,"column":null}},"line":60},"4":{"name":"createSession","decl":{"start":{"line":64,"column":17},"end":{"line":64,"column":30}},"loc":{"start":{"line":64,"column":33},"end":{"line":68,"column":null}},"line":64},"5":{"name":"restartFromBeginning","decl":{"start":{"line":70,"column":17},"end":{"line":70,"column":37}},"loc":{"start":{"line":70,"column":40},"end":{"line":73,"column":null}},"line":70},"6":{"name":"handleStartGame","decl":{"start":{"line":75,"column":17},"end":{"line":75,"column":32}},"loc":{"start":{"line":75,"column":35},"end":{"line":84,"column":null}},"line":75},"7":{"name":"showMenuScreen","decl":{"start":{"line":86,"column":11},"end":{"line":86,"column":25}},"loc":{"start":{"line":86,"column":28},"end":{"line":98,"column":null}},"line":86},"8":{"name":"showPlayScreen","decl":{"start":{"line":100,"column":11},"end":{"line":100,"column":25}},"loc":{"start":{"line":100,"column":35},"end":{"line":123,"column":null}},"line":100},"9":{"name":"(anonymous_9)","decl":{"start":{"line":110,"column":6},"end":{"line":110,"column":13}},"loc":{"start":{"line":110,"column":16},"end":{"line":115,"column":7}},"line":110},"10":{"name":"(anonymous_10)","decl":{"start":{"line":116,"column":6},"end":{"line":116,"column":14}},"loc":{"start":{"line":116,"column":23},"end":{"line":118,"column":7}},"line":116},"11":{"name":"showPauseScreen","decl":{"start":{"line":125,"column":11},"end":{"line":125,"column":26}},"loc":{"start":{"line":125,"column":29},"end":{"line":156,"column":null}},"line":125},"12":{"name":"(anonymous_12)","decl":{"start":{"line":130,"column":6},"end":{"line":130,"column":14}},"loc":{"start":{"line":130,"column":17},"end":{"line":136,"column":7}},"line":130},"13":{"name":"(anonymous_13)","decl":{"start":{"line":137,"column":12},"end":{"line":137,"column":19}},"loc":{"start":{"line":137,"column":22},"end":{"line":148,"column":7}},"line":137},"14":{"name":"(anonymous_14)","decl":{"start":{"line":149,"column":6},"end":{"line":149,"column":12}},"loc":{"start":{"line":149,"column":15},"end":{"line":151,"column":7}},"line":149},"15":{"name":"showResultScreen","decl":{"start":{"line":158,"column":11},"end":{"line":158,"column":27}},"loc":{"start":{"line":158,"column":36},"end":{"line":181,"column":null}},"line":158},"16":{"name":"(anonymous_16)","decl":{"start":{"line":164,"column":12},"end":{"line":164,"column":19}},"loc":{"start":{"line":164,"column":22},"end":{"line":173,"column":7}},"line":164},"17":{"name":"(anonymous_17)","decl":{"start":{"line":174,"column":6},"end":{"line":174,"column":12}},"loc":{"start":{"line":174,"column":15},"end":{"line":176,"column":7}},"line":174},"18":{"name":"handlePauseClick","decl":{"start":{"line":183,"column":11},"end":{"line":183,"column":27}},"loc":{"start":{"line":183,"column":30},"end":{"line":190,"column":null}},"line":183},"19":{"name":"(anonymous_19)","decl":{"start":{"line":197,"column":4},"end":{"line":197,"column":11}},"loc":{"start":{"line":197,"column":14},"end":{"line":206,"column":5}},"line":197}},"branchMap":{"0":{"loc":{"start":{"line":46,"column":4},"end":{"line":49,"column":null}},"type":"if","locations":[{"start":{"line":46,"column":4},"end":{"line":49,"column":null}},{"start":{},"end":{}}],"line":46},"1":{"loc":{"start":{"line":53,"column":4},"end":{"line":56,"column":null}},"type":"if","locations":[{"start":{"line":53,"column":4},"end":{"line":56,"column":null}},{"start":{},"end":{}}],"line":53},"2":{"loc":{"start":{"line":111,"column":8},"end":{"line":111,"column":null}},"type":"if","locations":[{"start":{"line":111,"column":8},"end":{"line":111,"column":null}},{"start":{},"end":{}}],"line":111},"3":{"loc":{"start":{"line":133,"column":8},"end":{"line":133,"column":null}},"type":"if","locations":[{"start":{"line":133,"column":8},"end":{"line":133,"column":null}},{"start":{},"end":{}}],"line":133},"4":{"loc":{"start":{"line":133,"column":12},"end":{"line":133,"column":45}},"type":"binary-expr","locations":[{"start":{"line":133,"column":12},"end":{"line":133,"column":26}},{"start":{"line":133,"column":30},"end":{"line":133,"column":45}}],"line":133},"5":{"loc":{"start":{"line":184,"column":4},"end":{"line":184,"column":null}},"type":"if","locations":[{"start":{"line":184,"column":4},"end":{"line":184,"column":null}},{"start":{},"end":{}}],"line":184},"6":{"loc":{"start":{"line":184,"column":8},"end":{"line":184,"column":41}},"type":"binary-expr","locations":[{"start":{"line":184,"column":8},"end":{"line":184,"column":22}},{"start":{"line":184,"column":26},"end":{"line":184,"column":41}}],"line":184},"7":{"loc":{"start":{"line":185,"column":4},"end":{"line":185,"column":null}},"type":"if","locations":[{"start":{"line":185,"column":4},"end":{"line":185,"column":null}},{"start":{},"end":{}}],"line":185}},"s":{"0":0,"1":0,"2":0,"3":0,"4":0,"5":0,"6":0,"7":0,"8":0,"9":0,"10":0,"11":0,"12":0,"13":0,"14":0,"15":0,"16":0,"17":0,"18":0,"19":0,"20":0,"21":0,"22":0,"23":0,"24":0,"25":0,"26":0,"27":0,"28":0,"29":0,"30":0,"31":0,"32":0,"33":0,"34":0,"35":0,"36":0,"37":0,"38":0,"39":0,"40":0,"41":0,"42":0,"43":0,"44":0,"45":0,"46":0,"47":0,"48":0,"49":0,"50":0,"51":0,"52":0,"53":0,"54":0,"55":0,"56":0,"57":0,"58":0,"59":0,"60":0,"61":0,"62":0,"63":0,"64":0,"65":0,"66":0,"67":0,"68":0,"69":0,"70":0,"71":0,"72":0,"73":0,"74":0,"75":0,"76":0,"77":0,"78":0,"79":0,"80":0,"81":0,"82":0,"83":0,"84":0,"85":0,"86":0,"87":0,"88":0,"89":0,"90":0,"91":0,"92":0,"93":0,"94":0,"95":0,"96":0,"97":0,"98":0,"99":0,"100":0,"101":0,"102":0,"103":0,"104":0,"105":0,"106":0,"107":0,"108":0},"f":{"0":0,"1":0,"2":0,"3":0,"4":0,"5":0,"6":0,"7":0,"8":0,"9":0,"10":0,"11":0,"12":0,"13":0,"14":0,"15":0,"16":0,"17":0,"18":0,"19":0},"b":{"0":[0,0],"1":[0,0],"2":[0,0],"3":[0,0],"4":[0,0],"5":[0,0],"6":[0,0],"7":[0,0]},"meta":{"lastBranch":8,"lastFunction":20,"lastStatement":109,"seen":{"f:16:16:16:34":0,"s:17:17:17:49":0,"s:18:2:18:Infinity":1,"s:19:2:19:Infinity":2,"s:21:18:21:47":3,"s:22:2:22:Infinity":4,"s:23:2:23:Infinity":5,"s:25:19:25:48":6,"s:26:2:26:Infinity":7,"s:27:2:27:Infinity":8,"s:29:22:29:54":9,"s:30:2:30:Infinity":10,"s:31:2:31:Infinity":11,"s:32:2:32:Infinity":12,"s:33:2:33:Infinity":13,"s:34:2:34:Infinity":14,"s:36:25:36:55":15,"s:37:24:37:53":16,"s:38:18:38:70":17,"s:39:27:39:70":18,"s:41:23:41:27":19,"s:42:22:42:26":20,"s:43:23:43:27":21,"f:45:11:45:22":1,"b:46:4:49:Infinity:undefined:undefined:undefined:undefined":0,"s:46:4:49:Infinity":22,"s:47:6:47:Infinity":23,"s:48:6:48:Infinity":24,"f:52:11:52:23":2,"b:53:4:56:Infinity:undefined:undefined:undefined:undefined":1,"s:53:4:56:Infinity":25,"s:54:6:54:Infinity":26,"s:55:6:55:Infinity":27,"s:57:4:57:Infinity":28,"f:60:11:60:29":3,"s:61:4:61:Infinity":29,"f:64:17:64:30":4,"s:65:20:65:73":30,"s:66:3:66:Infinity":31,"s:67:4:67:Infinity":32,"f:70:17:70:37":5,"s:71:4:71:Infinity":33,"s:72:4:72:Infinity":34,"f:75:17:75:32":6,"s:76:4:76:Infinity":35,"s:78:4:83:Infinity":36,"s:79:6:79:Infinity":37,"s:81:6:81:Infinity":38,"s:82:6:82:Infinity":39,"f:86:11:86:25":7,"s:87:4:87:Infinity":40,"s:88:4:88:Infinity":41,"s:89:4:89:Infinity":42,"s:90:4:90:Infinity":43,"s:92:22:94:6":44,"s:96:4:96:Infinity":45,"s:97:4:97:Infinity":46,"f:100:11:100:25":8,"s:101:4:101:Infinity":47,"s:102:4:102:Infinity":48,"s:103:4:103:Infinity":49,"s:104:4:104:Infinity":50,"s:106:22:119:6":51,"f:110:6:110:13":9,"b:111:8:111:Infinity:undefined:undefined:undefined:undefined":2,"s:111:8:111:Infinity":52,"s:111:28:111:Infinity":53,"s:112:7:112:Infinity":54,"s:113:8:113:Infinity":55,"s:114:8:114:Infinity":56,"f:116:6:116:14":10,"s:117:8:117:Infinity":57,"s:121:4:121:Infinity":58,"s:122:4:122:Infinity":59,"f:125:11:125:26":11,"s:126:4:126:Infinity":60,"s:127:4:127:Infinity":61,"s:129:23:152:6":62,"f:130:6:130:14":12,"s:131:8:131:Infinity":63,"s:132:8:132:Infinity":64,"b:133:8:133:Infinity:undefined:undefined:undefined:undefined":3,"s:133:8:133:Infinity":65,"b:133:12:133:26:133:30:133:45":4,"s:133:47:133:Infinity":66,"s:134:7:134:Infinity":67,"s:135:8:135:Infinity":68,"f:137:12:137:19":13,"s:138:8:138:Infinity":69,"s:139:8:139:Infinity":70,"s:140:8:140:Infinity":71,"s:142:8:147:Infinity":72,"s:143:10:143:Infinity":73,"s:145:10:145:Infinity":74,"s:146:10:146:Infinity":75,"f:149:6:149:12":14,"s:150:8:150:Infinity":76,"s:154:4:154:Infinity":77,"s:155:4:155:Infinity":78,"f:158:11:158:27":15,"s:159:4:159:Infinity":79,"s:160:4:160:Infinity":80,"s:161:4:161:Infinity":81,"s:163:24:177:6":82,"f:164:12:164:19":16,"s:165:8:165:Infinity":83,"s:167:8:172:Infinity":84,"s:168:10:168:Infinity":85,"s:170:10:170:Infinity":86,"s:171:10:171:Infinity":87,"f:174:6:174:12":17,"s:175:8:175:Infinity":88,"s:179:4:179:Infinity":89,"s:180:4:180:Infinity":90,"f:183:11:183:27":18,"b:184:4:184:Infinity:undefined:undefined:undefined:undefined":5,"s:184:4:184:Infinity":91,"b:184:8:184:22:184:26:184:41":6,"s:184:43:184:Infinity":92,"b:185:4:185:Infinity:undefined:undefined:undefined:undefined":7,"s:185:4:185:Infinity":93,"s:185:44:185:Infinity":94,"s:187:3:187:Infinity":95,"s:188:4:188:Infinity":96,"s:189:4:189:Infinity":97,"s:192:2:192:Infinity":98,"s:194:2:194:Infinity":99,"s:196:2:207:Infinity":100,"f:197:4:197:11":19,"s:198:6:198:Infinity":101,"s:199:6:199:Infinity":102,"s:200:6:200:Infinity":103,"s:201:6:201:Infinity":104,"s:202:6:202:Infinity":105,"s:203:6:203:Infinity":106,"s:204:6:204:Infinity":107,"s:205:6:205:Infinity":108}}}
,"D:\\Works\\project\\GameSite\\web\\src\\games\\breakout\\application\\repositories\\stage-repository.js": {"path":"D:\\Works\\project\\GameSite\\web\\src\\games\\breakout\\application\\repositories\\stage-repository.js","statementMap":{"0":{"start":{"line":2,"column":2},"end":{"line":4,"column":null}},"1":{"start":{"line":3,"column":4},"end":{"line":3,"column":null}}},"fnMap":{"0":{"name":"assertStageRepository","decl":{"start":{"line":1,"column":16},"end":{"line":1,"column":37}},"loc":{"start":{"line":1,"column":55},"end":{"line":5,"column":null}},"line":1}},"branchMap":{"0":{"loc":{"start":{"line":2,"column":2},"end":{"line":4,"column":null}},"type":"if","locations":[{"start":{"line":2,"column":2},"end":{"line":4,"column":null}},{"start":{},"end":{}}],"line":2},"1":{"loc":{"start":{"line":2,"column":6},"end":{"line":2,"column":71}},"type":"binary-expr","locations":[{"start":{"line":2,"column":6},"end":{"line":2,"column":22}},{"start":{"line":2,"column":26},"end":{"line":2,"column":71}}],"line":2}},"s":{"0":2,"1":0},"f":{"0":2},"b":{"0":[0,2],"1":[2,2]},"meta":{"lastBranch":2,"lastFunction":1,"lastStatement":2,"seen":{"f:1:16:1:37":0,"b:2:2:4:Infinity:undefined:undefined:undefined:undefined":0,"s:2:2:4:Infinity":0,"b:2:6:2:22:2:26:2:71":1,"s:3:4:3:Infinity":1}}}
,"D:\\Works\\project\\GameSite\\web\\src\\games\\breakout\\application\\use-cases\\start-game.js": {"path":"D:\\Works\\project\\GameSite\\web\\src\\games\\breakout\\application\\use-cases\\start-game.js","statementMap":{"0":{"start":{"line":5,"column":1},"end":{"line":5,"column":null}},"1":{"start":{"line":7,"column":17},"end":{"line":7,"column":48}},"2":{"start":{"line":9,"column":2},"end":{"line":11,"column":null}},"3":{"start":{"line":10,"column":4},"end":{"line":10,"column":null}},"4":{"start":{"line":13,"column":2},"end":{"line":13,"column":null}}},"fnMap":{"0":{"name":"startGame","decl":{"start":{"line":4,"column":22},"end":{"line":4,"column":31}},"loc":{"start":{"line":4,"column":67},"end":{"line":14,"column":null}},"line":4}},"branchMap":{"0":{"loc":{"start":{"line":4,"column":53},"end":{"line":4,"column":65}},"type":"default-arg","locations":[{"start":{"line":4,"column":63},"end":{"line":4,"column":65}}],"line":4},"1":{"loc":{"start":{"line":9,"column":2},"end":{"line":11,"column":null}},"type":"if","locations":[{"start":{"line":9,"column":2},"end":{"line":11,"column":null}},{"start":{},"end":{}}],"line":9},"2":{"loc":{"start":{"line":9,"column":6},"end":{"line":9,"column":51}},"type":"binary-expr","locations":[{"start":{"line":9,"column":6},"end":{"line":9,"column":28}},{"start":{"line":9,"column":32},"end":{"line":9,"column":51}}],"line":9}},"s":{"0":2,"1":2,"2":2,"3":1,"4":1},"f":{"0":2},"b":{"0":[2],"1":[1,1],"2":[2,2]},"meta":{"lastBranch":3,"lastFunction":1,"lastStatement":5,"seen":{"f:4:22:4:31":0,"b:4:63:4:65":0,"s:5:1:5:Infinity":0,"s:7:17:7:48":1,"b:9:2:11:Infinity:undefined:undefined:undefined:undefined":1,"s:9:2:11:Infinity":2,"b:9:6:9:28:9:32:9:51":2,"s:10:4:10:Infinity":3,"s:13:2:13:Infinity":4}}}
,"D:\\Works\\project\\GameSite\\web\\src\\games\\breakout\\domain\\entities\\game-session.js": {"path":"D:\\Works\\project\\GameSite\\web\\src\\games\\breakout\\domain\\entities\\game-session.js","statementMap":{"0":{"start":{"line":4,"column":28},"end":{"line":9,"column":2}},"1":{"start":{"line":12,"column":2},"end":{"line":14,"column":null}},"2":{"start":{"line":13,"column":4},"end":{"line":13,"column":null}},"3":{"start":{"line":16,"column":19},"end":{"line":16,"column":76}},"4":{"start":{"line":18,"column":2},"end":{"line":20,"column":null}},"5":{"start":{"line":19,"column":4},"end":{"line":19,"column":null}},"6":{"start":{"line":22,"column":2},"end":{"line":36,"column":null}},"7":{"start":{"line":40,"column":2},"end":{"line":42,"column":null}},"8":{"start":{"line":41,"column":4},"end":{"line":41,"column":null}},"9":{"start":{"line":44,"column":2},"end":{"line":44,"column":null}},"10":{"start":{"line":45,"column":2},"end":{"line":45,"column":null}},"11":{"start":{"line":49,"column":2},"end":{"line":51,"column":null}},"12":{"start":{"line":50,"column":4},"end":{"line":50,"column":null}},"13":{"start":{"line":53,"column":2},"end":{"line":53,"column":null}},"14":{"start":{"line":57,"column":2},"end":{"line":59,"column":null}},"15":{"start":{"line":58,"column":4},"end":{"line":58,"column":null}},"16":{"start":{"line":61,"column":2},"end":{"line":61,"column":null}},"17":{"start":{"line":65,"column":2},"end":{"line":65,"column":null}},"18":{"start":{"line":69,"column":19},"end":{"line":69,"column":69}},"19":{"start":{"line":71,"column":2},"end":{"line":79,"column":null}},"20":{"start":{"line":72,"column":4},"end":{"line":78,"column":null}},"21":{"start":{"line":81,"column":20},"end":{"line":81,"column":55}},"22":{"start":{"line":82,"column":2},"end":{"line":82,"column":null}},"23":{"start":{"line":83,"column":2},"end":{"line":83,"column":null}},"24":{"start":{"line":84,"column":2},"end":{"line":84,"column":null}},"25":{"start":{"line":86,"column":2},"end":{"line":92,"column":null}},"26":{"start":{"line":96,"column":2},"end":{"line":96,"column":null}},"27":{"start":{"line":100,"column":2},"end":{"line":102,"column":null}},"28":{"start":{"line":101,"column":4},"end":{"line":101,"column":null}},"29":{"start":{"line":104,"column":2},"end":{"line":104,"column":null}},"30":{"start":{"line":105,"column":2},"end":{"line":105,"column":null}},"31":{"start":{"line":107,"column":2},"end":{"line":113,"column":null}},"32":{"start":{"line":108,"column":4},"end":{"line":112,"column":null}},"33":{"start":{"line":115,"column":2},"end":{"line":119,"column":null}},"34":{"start":{"line":123,"column":18},"end":{"line":123,"column":42}},"35":{"start":{"line":125,"column":2},"end":{"line":127,"column":null}},"36":{"start":{"line":126,"column":4},"end":{"line":126,"column":null}},"37":{"start":{"line":129,"column":2},"end":{"line":129,"column":null}},"38":{"start":{"line":131,"column":2},"end":{"line":137,"column":null}},"39":{"start":{"line":132,"column":4},"end":{"line":136,"column":null}},"40":{"start":{"line":139,"column":2},"end":{"line":139,"column":null}},"41":{"start":{"line":140,"column":2},"end":{"line":140,"column":null}},"42":{"start":{"line":142,"column":2},"end":{"line":146,"column":null}},"43":{"start":{"line":150,"column":2},"end":{"line":152,"column":null}},"44":{"start":{"line":151,"column":4},"end":{"line":151,"column":null}},"45":{"start":{"line":154,"column":2},"end":{"line":154,"column":null}},"46":{"start":{"line":155,"column":2},"end":{"line":155,"column":null}},"47":{"start":{"line":156,"column":2},"end":{"line":166,"column":null}},"48":{"start":{"line":168,"column":2},"end":{"line":168,"column":null}}},"fnMap":{"0":{"name":"createGameSession","decl":{"start":{"line":11,"column":16},"end":{"line":11,"column":33}},"loc":{"start":{"line":11,"column":56},"end":{"line":37,"column":null}},"line":11},"1":{"name":"startSession","decl":{"start":{"line":39,"column":16},"end":{"line":39,"column":28}},"loc":{"start":{"line":39,"column":38},"end":{"line":46,"column":null}},"line":39},"2":{"name":"pauseSession","decl":{"start":{"line":48,"column":16},"end":{"line":48,"column":28}},"loc":{"start":{"line":48,"column":38},"end":{"line":54,"column":null}},"line":48},"3":{"name":"resumeSession","decl":{"start":{"line":56,"column":16},"end":{"line":56,"column":29}},"loc":{"start":{"line":56,"column":39},"end":{"line":62,"column":null}},"line":56},"4":{"name":"getCurrentStage","decl":{"start":{"line":64,"column":16},"end":{"line":64,"column":31}},"loc":{"start":{"line":64,"column":41},"end":{"line":66,"column":null}},"line":64},"5":{"name":"recordBlockDestroyed","decl":{"start":{"line":68,"column":16},"end":{"line":68,"column":36}},"loc":{"start":{"line":68,"column":55},"end":{"line":93,"column":null}},"line":68},"6":{"name":"recordPaddleBounce","decl":{"start":{"line":95,"column":16},"end":{"line":95,"column":34}},"loc":{"start":{"line":95,"column":44},"end":{"line":97,"column":null}},"line":95},"7":{"name":"loseBall","decl":{"start":{"line":99,"column":16},"end":{"line":99,"column":24}},"loc":{"start":{"line":99,"column":34},"end":{"line":120,"column":null}},"line":99},"8":{"name":"advanceStage","decl":{"start":{"line":122,"column":16},"end":{"line":122,"column":28}},"loc":{"start":{"line":122,"column":38},"end":{"line":147,"column":null}},"line":122},"9":{"name":"finishSession","decl":{"start":{"line":149,"column":16},"end":{"line":149,"column":29}},"loc":{"start":{"line":149,"column":51},"end":{"line":169,"column":null}},"line":149}},"branchMap":{"0":{"loc":{"start":{"line":11,"column":42},"end":{"line":11,"column":54}},"type":"default-arg","locations":[{"start":{"line":11,"column":52},"end":{"line":11,"column":54}}],"line":11},"1":{"loc":{"start":{"line":12,"column":2},"end":{"line":14,"column":null}},"type":"if","locations":[{"start":{"line":12,"column":2},"end":{"line":14,"column":null}},{"start":{},"end":{}}],"line":12},"2":{"loc":{"start":{"line":12,"column":6},"end":{"line":12,"column":51}},"type":"binary-expr","locations":[{"start":{"line":12,"column":6},"end":{"line":12,"column":28}},{"start":{"line":12,"column":32},"end":{"line":12,"column":51}}],"line":12},"3":{"loc":{"start":{"line":16,"column":19},"end":{"line":16,"column":76}},"type":"cond-expr","locations":[{"start":{"line":16,"column":56},"end":{"line":16,"column":72}},{"start":{"line":16,"column":75},"end":{"line":16,"column":76}}],"line":16},"4":{"loc":{"start":{"line":18,"column":2},"end":{"line":20,"column":null}},"type":"if","locations":[{"start":{"line":18,"column":2},"end":{"line":20,"column":null}},{"start":{},"end":{}}],"line":18},"5":{"loc":{"start":{"line":40,"column":2},"end":{"line":42,"column":null}},"type":"if","locations":[{"start":{"line":40,"column":2},"end":{"line":42,"column":null}},{"start":{},"end":{}}],"line":40},"6":{"loc":{"start":{"line":49,"column":2},"end":{"line":51,"column":null}},"type":"if","locations":[{"start":{"line":49,"column":2},"end":{"line":51,"column":null}},{"start":{},"end":{}}],"line":49},"7":{"loc":{"start":{"line":57,"column":2},"end":{"line":59,"column":null}},"type":"if","locations":[{"start":{"line":57,"column":2},"end":{"line":59,"column":null}},{"start":{},"end":{}}],"line":57},"8":{"loc":{"start":{"line":71,"column":2},"end":{"line":79,"column":null}},"type":"if","locations":[{"start":{"line":71,"column":2},"end":{"line":79,"column":null}},{"start":{},"end":{}}],"line":71},"9":{"loc":{"start":{"line":100,"column":2},"end":{"line":102,"column":null}},"type":"if","locations":[{"start":{"line":100,"column":2},"end":{"line":102,"column":null}},{"start":{},"end":{}}],"line":100},"10":{"loc":{"start":{"line":107,"column":2},"end":{"line":113,"column":null}},"type":"if","locations":[{"start":{"line":107,"column":2},"end":{"line":113,"column":null}},{"start":{},"end":{}}],"line":107},"11":{"loc":{"start":{"line":125,"column":2},"end":{"line":127,"column":null}},"type":"if","locations":[{"start":{"line":125,"column":2},"end":{"line":127,"column":null}},{"start":{},"end":{}}],"line":125},"12":{"loc":{"start":{"line":125,"column":6},"end":{"line":125,"column":59}},"type":"binary-expr","locations":[{"start":{"line":125,"column":6},"end":{"line":125,"column":13}},{"start":{"line":125,"column":17},"end":{"line":125,"column":59}}],"line":125},"13":{"loc":{"start":{"line":131,"column":2},"end":{"line":137,"column":null}},"type":"if","locations":[{"start":{"line":131,"column":2},"end":{"line":137,"column":null}},{"start":{},"end":{}}],"line":131},"14":{"loc":{"start":{"line":150,"column":2},"end":{"line":152,"column":null}},"type":"if","locations":[{"start":{"line":150,"column":2},"end":{"line":152,"column":null}},{"start":{},"end":{}}],"line":150},"15":{"loc":{"start":{"line":150,"column":6},"end":{"line":150,"column":63}},"type":"binary-expr","locations":[{"start":{"line":150,"column":6},"end":{"line":150,"column":45}},{"start":{"line":150,"column":49},"end":{"line":150,"column":63}}],"line":150},"16":{"loc":{"start":{"line":161,"column":20},"end":{"line":161,"column":52}},"type":"binary-expr","locations":[{"start":{"line":161,"column":20},"end":{"line":161,"column":44}},{"start":{"line":161,"column":48},"end":{"line":161,"column":52}}],"line":161}},"s":{"0":2,"1":8,"2":0,"3":8,"4":8,"5":0,"6":8,"7":6,"8":0,"9":6,"10":6,"11":1,"12":0,"13":1,"14":1,"15":0,"16":1,"17":0,"18":3,"19":3,"20":0,"21":3,"22":3,"23":3,"24":3,"25":3,"26":1,"27":1,"28":0,"29":1,"30":1,"31":1,"32":1,"33":0,"34":2,"35":2,"36":2,"37":2,"38":2,"39":1,"40":1,"41":1,"42":1,"43":2,"44":0,"45":2,"46":2,"47":2,"48":2},"f":{"0":8,"1":6,"2":1,"3":1,"4":0,"5":3,"6":1,"7":1,"8":2,"9":2},"b":{"0":[8],"1":[0,8],"2":[8,8],"3":[2,6],"4":[0,8],"5":[0,6],"6":[0,1],"7":[0,1],"8":[0,3],"9":[0,1],"10":[1,0],"11":[2,0],"12":[2,2],"13":[1,1],"14":[0,2],"15":[2,0],"16":[2,0]},"meta":{"lastBranch":17,"lastFunction":10,"lastStatement":49,"seen":{"s:4:28:9:2":0,"f:11:16:11:33":0,"b:11:52:11:54":0,"b:12:2:14:Infinity:undefined:undefined:undefined:undefined":1,"s:12:2:14:Infinity":1,"b:12:6:12:28:12:32:12:51":2,"s:13:4:13:Infinity":2,"s:16:19:16:76":3,"b:16:56:16:72:16:75:16:76":3,"b:18:2:20:Infinity:undefined:undefined:undefined:undefined":4,"s:18:2:20:Infinity":4,"s:19:4:19:Infinity":5,"s:22:2:36:Infinity":6,"f:39:16:39:28":1,"b:40:2:42:Infinity:undefined:undefined:undefined:undefined":5,"s:40:2:42:Infinity":7,"s:41:4:41:Infinity":8,"s:44:2:44:Infinity":9,"s:45:2:45:Infinity":10,"f:48:16:48:28":2,"b:49:2:51:Infinity:undefined:undefined:undefined:undefined":6,"s:49:2:51:Infinity":11,"s:50:4:50:Infinity":12,"s:53:2:53:Infinity":13,"f:56:16:56:29":3,"b:57:2:59:Infinity:undefined:undefined:undefined:undefined":7,"s:57:2:59:Infinity":14,"s:58:4:58:Infinity":15,"s:61:2:61:Infinity":16,"f:64:16:64:31":4,"s:65:2:65:Infinity":17,"f:68:16:68:36":5,"s:69:19:69:69":18,"b:71:2:79:Infinity:undefined:undefined:undefined:undefined":8,"s:71:2:79:Infinity":19,"s:72:4:78:Infinity":20,"s:81:20:81:55":21,"s:82:2:82:Infinity":22,"s:83:2:83:Infinity":23,"s:84:2:84:Infinity":24,"s:86:2:92:Infinity":25,"f:95:16:95:34":6,"s:96:2:96:Infinity":26,"f:99:16:99:24":7,"b:100:2:102:Infinity:undefined:undefined:undefined:undefined":9,"s:100:2:102:Infinity":27,"s:101:4:101:Infinity":28,"s:104:2:104:Infinity":29,"s:105:2:105:Infinity":30,"b:107:2:113:Infinity:undefined:undefined:undefined:undefined":10,"s:107:2:113:Infinity":31,"s:108:4:112:Infinity":32,"s:115:2:119:Infinity":33,"f:122:16:122:28":8,"s:123:18:123:42":34,"b:125:2:127:Infinity:undefined:undefined:undefined:undefined":11,"s:125:2:127:Infinity":35,"b:125:6:125:13:125:17:125:59":12,"s:126:4:126:Infinity":36,"s:129:2:129:Infinity":37,"b:131:2:137:Infinity:undefined:undefined:undefined:undefined":13,"s:131:2:137:Infinity":38,"s:132:4:136:Infinity":39,"s:139:2:139:Infinity":40,"s:140:2:140:Infinity":41,"s:142:2:146:Infinity":42,"f:149:16:149:29":9,"b:150:2:152:Infinity:undefined:undefined:undefined:undefined":14,"s:150:2:152:Infinity":43,"b:150:6:150:45:150:49:150:63":15,"s:151:4:151:Infinity":44,"s:154:2:154:Infinity":45,"s:155:2:155:Infinity":46,"s:156:2:166:Infinity":47,"b:161:20:161:44:161:48:161:52":16,"s:168:2:168:Infinity":48}}}
,"D:\\Works\\project\\GameSite\\web\\src\\games\\breakout\\domain\\entities\\stage-state.js": {"path":"D:\\Works\\project\\GameSite\\web\\src\\games\\breakout\\domain\\entities\\stage-state.js","statementMap":{"0":{"start":{"line":2,"column":2},"end":{"line":4,"column":null}},"1":{"start":{"line":3,"column":4},"end":{"line":3,"column":null}},"2":{"start":{"line":6,"column":22},"end":{"line":6,"column":75}},"3":{"start":{"line":6,"column":63},"end":{"line":6,"column":73}},"4":{"start":{"line":7,"column":17},"end":{"line":7,"column":19}},"5":{"start":{"line":9,"column":2},"end":{"line":19,"column":null}},"6":{"start":{"line":10,"column":4},"end":{"line":18,"column":null}},"7":{"start":{"line":11,"column":6},"end":{"line":11,"column":null}},"8":{"start":{"line":11,"column":24},"end":{"line":11,"column":null}},"9":{"start":{"line":12,"column":6},"end":{"line":17,"column":null}},"10":{"start":{"line":21,"column":2},"end":{"line":30,"column":null}},"11":{"start":{"line":34,"column":2},"end":{"line":34,"column":null}},"12":{"start":{"line":34,"column":47},"end":{"line":34,"column":80}},"13":{"start":{"line":38,"column":2},"end":{"line":38,"column":null}},"14":{"start":{"line":42,"column":16},"end":{"line":42,"column":64}},"15":{"start":{"line":42,"column":44},"end":{"line":42,"column":63}},"16":{"start":{"line":44,"column":2},"end":{"line":46,"column":null}},"17":{"start":{"line":45,"column":4},"end":{"line":45,"column":null}},"18":{"start":{"line":48,"column":2},"end":{"line":48,"column":null}},"19":{"start":{"line":49,"column":2},"end":{"line":49,"column":null}}},"fnMap":{"0":{"name":"createStageState","decl":{"start":{"line":1,"column":16},"end":{"line":1,"column":32}},"loc":{"start":{"line":1,"column":45},"end":{"line":31,"column":null}},"line":1},"1":{"name":"(anonymous_1)","decl":{"start":{"line":6,"column":54},"end":{"line":6,"column":55}},"loc":{"start":{"line":6,"column":63},"end":{"line":6,"column":73}},"line":6},"2":{"name":"(anonymous_2)","decl":{"start":{"line":9,"column":26},"end":{"line":9,"column":27}},"loc":{"start":{"line":9,"column":45},"end":{"line":19,"column":3}},"line":9},"3":{"name":"(anonymous_3)","decl":{"start":{"line":10,"column":21},"end":{"line":10,"column":22}},"loc":{"start":{"line":10,"column":44},"end":{"line":18,"column":5}},"line":10},"4":{"name":"countRemainingBlocks","decl":{"start":{"line":33,"column":16},"end":{"line":33,"column":36}},"loc":{"start":{"line":33,"column":44},"end":{"line":35,"column":null}},"line":33},"5":{"name":"(anonymous_5)","decl":{"start":{"line":34,"column":29},"end":{"line":34,"column":30}},"loc":{"start":{"line":34,"column":47},"end":{"line":34,"column":80}},"line":34},"6":{"name":"hasRemainingBlocks","decl":{"start":{"line":37,"column":16},"end":{"line":37,"column":34}},"loc":{"start":{"line":37,"column":42},"end":{"line":39,"column":null}},"line":37},"7":{"name":"markBlockDestroyed","decl":{"start":{"line":41,"column":16},"end":{"line":41,"column":34}},"loc":{"start":{"line":41,"column":51},"end":{"line":50,"column":null}},"line":41},"8":{"name":"(anonymous_8)","decl":{"start":{"line":42,"column":34},"end":{"line":42,"column":35}},"loc":{"start":{"line":42,"column":44},"end":{"line":42,"column":63}},"line":42}},"branchMap":{"0":{"loc":{"start":{"line":2,"column":2},"end":{"line":4,"column":null}},"type":"if","locations":[{"start":{"line":2,"column":2},"end":{"line":4,"column":null}},{"start":{},"end":{}}],"line":2},"1":{"loc":{"start":{"line":2,"column":6},"end":{"line":2,"column":84}},"type":"binary-expr","locations":[{"start":{"line":2,"column":6},"end":{"line":2,"column":17}},{"start":{"line":2,"column":21},"end":{"line":2,"column":52}},{"start":{"line":2,"column":56},"end":{"line":2,"column":84}}],"line":2},"2":{"loc":{"start":{"line":11,"column":6},"end":{"line":11,"column":null}},"type":"if","locations":[{"start":{"line":11,"column":6},"end":{"line":11,"column":null}},{"start":{},"end":{}}],"line":11},"3":{"loc":{"start":{"line":34,"column":56},"end":{"line":34,"column":79}},"type":"cond-expr","locations":[{"start":{"line":34,"column":74},"end":{"line":34,"column":75}},{"start":{"line":34,"column":78},"end":{"line":34,"column":79}}],"line":34},"4":{"loc":{"start":{"line":44,"column":2},"end":{"line":46,"column":null}},"type":"if","locations":[{"start":{"line":44,"column":2},"end":{"line":46,"column":null}},{"start":{},"end":{}}],"line":44},"5":{"loc":{"start":{"line":44,"column":6},"end":{"line":44,"column":31}},"type":"binary-expr","locations":[{"start":{"line":44,"column":6},"end":{"line":44,"column":12}},{"start":{"line":44,"column":16},"end":{"line":44,"column":31}}],"line":44}},"s":{"0":25,"1":0,"2":25,"3":74,"4":25,"5":25,"6":74,"7":673,"8":163,"9":510,"10":25,"11":8,"12":20,"13":3,"14":5,"15":6,"16":5,"17":1,"18":4,"19":4},"f":{"0":25,"1":74,"2":74,"3":673,"4":8,"5":20,"6":3,"7":5,"8":6},"b":{"0":[0,25],"1":[25,25,25],"2":[163,510],"3":[9,11],"4":[1,4],"5":[5,5]},"meta":{"lastBranch":6,"lastFunction":9,"lastStatement":20,"seen":{"f:1:16:1:32":0,"b:2:2:4:Infinity:undefined:undefined:undefined:undefined":0,"s:2:2:4:Infinity":0,"b:2:6:2:17:2:21:2:52:2:56:2:84":1,"s:3:4:3:Infinity":1,"s:6:22:6:75":2,"f:6:54:6:55":1,"s:6:63:6:73":3,"s:7:17:7:19":4,"s:9:2:19:Infinity":5,"f:9:26:9:27":2,"s:10:4:18:Infinity":6,"f:10:21:10:22":3,"b:11:6:11:Infinity:undefined:undefined:undefined:undefined":2,"s:11:6:11:Infinity":7,"s:11:24:11:Infinity":8,"s:12:6:17:Infinity":9,"s:21:2:30:Infinity":10,"f:33:16:33:36":4,"s:34:2:34:Infinity":11,"f:34:29:34:30":5,"s:34:47:34:80":12,"b:34:74:34:75:34:78:34:79":3,"f:37:16:37:34":6,"s:38:2:38:Infinity":13,"f:41:16:41:34":7,"s:42:16:42:64":14,"f:42:34:42:35":8,"s:42:44:42:63":15,"b:44:2:46:Infinity:undefined:undefined:undefined:undefined":4,"s:44:2:46:Infinity":16,"b:44:6:44:12:44:16:44:31":5,"s:45:4:45:Infinity":17,"s:48:2:48:Infinity":18,"s:49:2:49:Infinity":19}}}
,"D:\\Works\\project\\GameSite\\web\\src\\games\\breakout\\domain\\services\\score-calculator.js": {"path":"D:\\Works\\project\\GameSite\\web\\src\\games\\breakout\\domain\\services\\score-calculator.js","statementMap":{"0":{"start":{"line":1,"column":32},"end":{"line":1,"column":35}},"1":{"start":{"line":2,"column":32},"end":{"line":2,"column":34}},"2":{"start":{"line":5,"column":2},"end":{"line":7,"column":null}},"3":{"start":{"line":6,"column":4},"end":{"line":6,"column":null}},"4":{"start":{"line":9,"column":2},"end":{"line":9,"column":null}}},"fnMap":{"0":{"name":"calculateBlockScore","decl":{"start":{"line":4,"column":16},"end":{"line":4,"column":35}},"loc":{"start":{"line":4,"column":50},"end":{"line":10,"column":null}},"line":4}},"branchMap":{"0":{"loc":{"start":{"line":5,"column":2},"end":{"line":7,"column":null}},"type":"if","locations":[{"start":{"line":5,"column":2},"end":{"line":7,"column":null}},{"start":{},"end":{}}],"line":5},"1":{"loc":{"start":{"line":5,"column":6},"end":{"line":5,"column":57}},"type":"binary-expr","locations":[{"start":{"line":5,"column":6},"end":{"line":5,"column":37}},{"start":{"line":5,"column":41},"end":{"line":5,"column":57}}],"line":5}},"s":{"0":3,"1":3,"2":6,"3":1,"4":5},"f":{"0":6},"b":{"0":[1,5],"1":[6,6]},"meta":{"lastBranch":2,"lastFunction":1,"lastStatement":5,"seen":{"s:1:32:1:35":0,"s:2:32:2:34":1,"f:4:16:4:35":0,"b:5:2:7:Infinity:undefined:undefined:undefined:undefined":0,"s:5:2:7:Infinity":2,"b:5:6:5:37:5:41:5:57":1,"s:6:4:6:Infinity":3,"s:9:2:9:Infinity":4}}}
,"D:\\Works\\project\\GameSite\\web\\src\\games\\breakout\\infrastructure\\data\\stages.js": {"path":"D:\\Works\\project\\GameSite\\web\\src\\games\\breakout\\infrastructure\\data\\stages.js","statementMap":{"0":{"start":{"line":1,"column":33},"end":{"line":219,"column":1}}},"fnMap":{},"branchMap":{},"s":{"0":1},"f":{},"b":{},"meta":{"lastBranch":0,"lastFunction":0,"lastStatement":1,"seen":{"s:1:33:219:1":0}}}
,"D:\\Works\\project\\GameSite\\web\\src\\games\\breakout\\infrastructure\\repositories\\static-stage-repository.js": {"path":"D:\\Works\\project\\GameSite\\web\\src\\games\\breakout\\infrastructure\\repositories\\static-stage-repository.js","statementMap":{"0":{"start":{"line":5,"column":2},"end":{"line":9,"column":null}},"1":{"start":{"line":7,"column":6},"end":{"line":7,"column":null}},"2":{"start":{"line":7,"column":50},"end":{"line":7,"column":79}}},"fnMap":{"0":{"name":"createStaticStageRepository","decl":{"start":{"line":4,"column":16},"end":{"line":4,"column":43}},"loc":{"start":{"line":4,"column":46},"end":{"line":10,"column":null}},"line":4},"1":{"name":"(anonymous_1)","decl":{"start":{"line":6,"column":10},"end":{"line":6,"column":17}},"loc":{"start":{"line":6,"column":20},"end":{"line":8,"column":5}},"line":6},"2":{"name":"(anonymous_2)","decl":{"start":{"line":7,"column":35},"end":{"line":7,"column":36}},"loc":{"start":{"line":7,"column":50},"end":{"line":7,"column":79}},"line":7}},"branchMap":{},"s":{"0":1,"1":1,"2":10},"f":{"0":1,"1":1,"2":10},"b":{},"meta":{"lastBranch":0,"lastFunction":3,"lastStatement":3,"seen":{"f:4:16:4:43":0,"s:5:2:9:Infinity":0,"f:6:10:6:17":1,"s:7:6:7:Infinity":1,"f:7:35:7:36":2,"s:7:50:7:79":2}}}
,"D:\\Works\\project\\GameSite\\web\\src\\games\\breakout\\pages\\description.js": {"path":"D:\\Works\\project\\GameSite\\web\\src\\games\\breakout\\pages\\description.js","statementMap":{"0":{"start":{"line":2,"column":2},"end":{"line":2,"column":null}},"1":{"start":{"line":7,"column":17},"end":{"line":7,"column":46}},"2":{"start":{"line":8,"column":4},"end":{"line":8,"column":null}},"3":{"start":{"line":9,"column":4},"end":{"line":39,"column":null}},"4":{"start":{"line":41,"column":4},"end":{"line":43,"column":null}},"5":{"start":{"line":42,"column":6},"end":{"line":42,"column":null}},"6":{"start":{"line":45,"column":4},"end":{"line":45,"column":null}}},"fnMap":{"0":{"name":"isMobileDevice","decl":{"start":{"line":1,"column":9},"end":{"line":1,"column":23}},"loc":{"start":{"line":1,"column":26},"end":{"line":3,"column":null}},"line":1},"1":{"name":"(anonymous_1)","decl":{"start":{"line":6,"column":2},"end":{"line":6,"column":8}},"loc":{"start":{"line":6,"column":11},"end":{"line":46,"column":3}},"line":6}},"branchMap":{"0":{"loc":{"start":{"line":2,"column":9},"end":{"line":2,"column":65}},"type":"binary-expr","locations":[{"start":{"line":2,"column":9},"end":{"line":2,"column":37}},{"start":{"line":2,"column":41},"end":{"line":2,"column":65}}],"line":2},"1":{"loc":{"start":{"line":41,"column":4},"end":{"line":43,"column":null}},"type":"if","locations":[{"start":{"line":41,"column":4},"end":{"line":43,"column":null}},{"start":{},"end":{}}],"line":41}},"s":{"0":0,"1":0,"2":0,"3":0,"4":0,"5":0,"6":0},"f":{"0":0,"1":0},"b":{"0":[0,0],"1":[0,0]},"meta":{"lastBranch":2,"lastFunction":2,"lastStatement":7,"seen":{"f:1:9:1:23":0,"s:2:2:2:Infinity":0,"b:2:9:2:37:2:41:2:65":0,"f:6:2:6:8":1,"s:7:17:7:46":1,"s:8:4:8:Infinity":2,"s:9:4:39:Infinity":3,"b:41:4:43:Infinity:undefined:undefined:undefined:undefined":1,"s:41:4:43:Infinity":4,"s:42:6:42:Infinity":5,"s:45:4:45:Infinity":6}}}
,"D:\\Works\\project\\GameSite\\web\\src\\games\\breakout\\pages\\play.js": {"path":"D:\\Works\\project\\GameSite\\web\\src\\games\\breakout\\pages\\play.js","statementMap":{"0":{"start":{"line":3,"column":19},"end":{"line":3,"column":23}},"1":{"start":{"line":7,"column":17},"end":{"line":7,"column":46}},"2":{"start":{"line":8,"column":4},"end":{"line":8,"column":null}},"3":{"start":{"line":10,"column":4},"end":{"line":14,"column":null}},"4":{"start":{"line":11,"column":6},"end":{"line":13,"column":null}},"5":{"start":{"line":12,"column":8},"end":{"line":12,"column":null}},"6":{"start":{"line":16,"column":4},"end":{"line":16,"column":null}},"7":{"start":{"line":19,"column":4},"end":{"line":22,"column":null}},"8":{"start":{"line":20,"column":6},"end":{"line":20,"column":null}},"9":{"start":{"line":21,"column":6},"end":{"line":21,"column":null}}},"fnMap":{"0":{"name":"(anonymous_0)","decl":{"start":{"line":6,"column":2},"end":{"line":6,"column":8}},"loc":{"start":{"line":6,"column":11},"end":{"line":17,"column":3}},"line":6},"1":{"name":"(anonymous_1)","decl":{"start":{"line":10,"column":26},"end":{"line":10,"column":27}},"loc":{"start":{"line":10,"column":32},"end":{"line":14,"column":5}},"line":10},"2":{"name":"(anonymous_2)","decl":{"start":{"line":18,"column":2},"end":{"line":18,"column":9}},"loc":{"start":{"line":18,"column":12},"end":{"line":23,"column":3}},"line":18}},"branchMap":{"0":{"loc":{"start":{"line":11,"column":6},"end":{"line":13,"column":null}},"type":"if","locations":[{"start":{"line":11,"column":6},"end":{"line":13,"column":null}},{"start":{},"end":{}}],"line":11},"1":{"loc":{"start":{"line":19,"column":4},"end":{"line":22,"column":null}},"type":"if","locations":[{"start":{"line":19,"column":4},"end":{"line":22,"column":null}},{"start":{},"end":{}}],"line":19}},"s":{"0":0,"1":0,"2":0,"3":0,"4":0,"5":0,"6":0,"7":0,"8":0,"9":0},"f":{"0":0,"1":0,"2":0},"b":{"0":[0,0],"1":[0,0]},"meta":{"lastBranch":2,"lastFunction":3,"lastStatement":10,"seen":{"s:3:19:3:23":0,"f:6:2:6:8":0,"s:7:17:7:46":1,"s:8:4:8:Infinity":2,"s:10:4:14:Infinity":3,"f:10:26:10:27":1,"b:11:6:13:Infinity:undefined:undefined:undefined:undefined":0,"s:11:6:13:Infinity":4,"s:12:8:12:Infinity":5,"s:16:4:16:Infinity":6,"f:18:2:18:9":2,"b:19:4:22:Infinity:undefined:undefined:undefined:undefined":1,"s:19:4:22:Infinity":7,"s:20:6:20:Infinity":8,"s:21:6:21:Infinity":9}}}
,"D:\\Works\\project\\GameSite\\web\\src\\games\\breakout\\presentation\\item-drop.js": {"path":"D:\\Works\\project\\GameSite\\web\\src\\games\\breakout\\presentation\\item-drop.js","statementMap":{"0":{"start":{"line":1,"column":26},"end":{"line":7,"column":2}},"1":{"start":{"line":9,"column":32},"end":{"line":9,"column":36}},"2":{"start":{"line":10,"column":27},"end":{"line":10,"column":29}},"3":{"start":{"line":11,"column":31},"end":{"line":11,"column":34}},"4":{"start":{"line":12,"column":32},"end":{"line":12,"column":33}},"5":{"start":{"line":14,"column":33},"end":{"line":14,"column":36}},"6":{"start":{"line":15,"column":32},"end":{"line":15,"column":36}},"7":{"start":{"line":16,"column":32},"end":{"line":16,"column":35}},"8":{"start":{"line":18,"column":33},"end":{"line":18,"column":36}},"9":{"start":{"line":19,"column":32},"end":{"line":19,"column":36}},"10":{"start":{"line":20,"column":32},"end":{"line":20,"column":35}},"11":{"start":{"line":22,"column":19},"end":{"line":28,"column":2}},"12":{"start":{"line":30,"column":21},"end":{"line":36,"column":2}},"13":{"start":{"line":39,"column":2},"end":{"line":39,"column":null}},"14":{"start":{"line":43,"column":2},"end":{"line":43,"column":null}},"15":{"start":{"line":47,"column":22},"end":{"line":47,"column":76}},"16":{"start":{"line":47,"column":55},"end":{"line":47,"column":72}},"17":{"start":{"line":48,"column":15},"end":{"line":48,"column":60}},"18":{"start":{"line":50,"column":2},"end":{"line":55,"column":null}},"19":{"start":{"line":51,"column":4},"end":{"line":51,"column":null}},"20":{"start":{"line":52,"column":4},"end":{"line":54,"column":null}},"21":{"start":{"line":53,"column":6},"end":{"line":53,"column":null}},"22":{"start":{"line":57,"column":2},"end":{"line":57,"column":null}},"23":{"start":{"line":61,"column":2},"end":{"line":63,"column":null}},"24":{"start":{"line":62,"column":4},"end":{"line":62,"column":null}},"25":{"start":{"line":65,"column":2},"end":{"line":67,"column":null}},"26":{"start":{"line":66,"column":4},"end":{"line":66,"column":null}},"27":{"start":{"line":69,"column":2},"end":{"line":75,"column":null}},"28":{"start":{"line":79,"column":2},"end":{"line":81,"column":null}},"29":{"start":{"line":80,"column":4},"end":{"line":80,"column":null}},"30":{"start":{"line":83,"column":2},"end":{"line":87,"column":null}},"31":{"start":{"line":91,"column":2},"end":{"line":93,"column":null}},"32":{"start":{"line":92,"column":4},"end":{"line":92,"column":null}},"33":{"start":{"line":95,"column":2},"end":{"line":99,"column":null}},"34":{"start":{"line":103,"column":17},"end":{"line":103,"column":35}},"35":{"start":{"line":105,"column":2},"end":{"line":107,"column":null}},"36":{"start":{"line":106,"column":4},"end":{"line":106,"column":null}},"37":{"start":{"line":109,"column":2},"end":{"line":109,"column":null}}},"fnMap":{"0":{"name":"clamp","decl":{"start":{"line":38,"column":9},"end":{"line":38,"column":14}},"loc":{"start":{"line":38,"column":32},"end":{"line":40,"column":null}},"line":38},"1":{"name":"roundScale","decl":{"start":{"line":42,"column":9},"end":{"line":42,"column":19}},"loc":{"start":{"line":42,"column":27},"end":{"line":44,"column":null}},"line":42},"2":{"name":"pickItemType","decl":{"start":{"line":46,"column":9},"end":{"line":46,"column":21}},"loc":{"start":{"line":46,"column":35},"end":{"line":58,"column":null}},"line":46},"3":{"name":"(anonymous_3)","decl":{"start":{"line":47,"column":40},"end":{"line":47,"column":41}},"loc":{"start":{"line":47,"column":55},"end":{"line":47,"column":72}},"line":47},"4":{"name":"maybeCreateItemDrop","decl":{"start":{"line":60,"column":16},"end":{"line":60,"column":35}},"loc":{"start":{"line":60,"column":67},"end":{"line":76,"column":null}},"line":60},"5":{"name":"adjustPaddleScale","decl":{"start":{"line":78,"column":16},"end":{"line":78,"column":33}},"loc":{"start":{"line":78,"column":59},"end":{"line":88,"column":null}},"line":78},"6":{"name":"adjustPaddleSpeedScale","decl":{"start":{"line":90,"column":16},"end":{"line":90,"column":38}},"loc":{"start":{"line":90,"column":64},"end":{"line":100,"column":null}},"line":90},"7":{"name":"getItemVisual","decl":{"start":{"line":102,"column":16},"end":{"line":102,"column":29}},"loc":{"start":{"line":102,"column":36},"end":{"line":110,"column":null}},"line":102}},"branchMap":{"0":{"loc":{"start":{"line":52,"column":4},"end":{"line":54,"column":null}},"type":"if","locations":[{"start":{"line":52,"column":4},"end":{"line":54,"column":null}},{"start":{},"end":{}}],"line":52},"1":{"loc":{"start":{"line":60,"column":48},"end":{"line":60,"column":65}},"type":"default-arg","locations":[{"start":{"line":60,"column":54},"end":{"line":60,"column":65}}],"line":60},"2":{"loc":{"start":{"line":61,"column":2},"end":{"line":63,"column":null}},"type":"if","locations":[{"start":{"line":61,"column":2},"end":{"line":63,"column":null}},{"start":{},"end":{}}],"line":61},"3":{"loc":{"start":{"line":65,"column":2},"end":{"line":67,"column":null}},"type":"if","locations":[{"start":{"line":65,"column":2},"end":{"line":67,"column":null}},{"start":{},"end":{}}],"line":65},"4":{"loc":{"start":{"line":79,"column":2},"end":{"line":81,"column":null}},"type":"if","locations":[{"start":{"line":79,"column":2},"end":{"line":81,"column":null}},{"start":{},"end":{}}],"line":79},"5":{"loc":{"start":{"line":79,"column":6},"end":{"line":79,"column":41}},"type":"binary-expr","locations":[{"start":{"line":79,"column":6},"end":{"line":79,"column":21}},{"start":{"line":79,"column":25},"end":{"line":79,"column":41}}],"line":79},"6":{"loc":{"start":{"line":91,"column":2},"end":{"line":93,"column":null}},"type":"if","locations":[{"start":{"line":91,"column":2},"end":{"line":93,"column":null}},{"start":{},"end":{}}],"line":91},"7":{"loc":{"start":{"line":91,"column":6},"end":{"line":91,"column":41}},"type":"binary-expr","locations":[{"start":{"line":91,"column":6},"end":{"line":91,"column":21}},{"start":{"line":91,"column":25},"end":{"line":91,"column":41}}],"line":91},"8":{"loc":{"start":{"line":105,"column":2},"end":{"line":107,"column":null}},"type":"if","locations":[{"start":{"line":105,"column":2},"end":{"line":107,"column":null}},{"start":{},"end":{}}],"line":105}},"s":{"0":1,"1":1,"2":1,"3":1,"4":1,"5":1,"6":1,"7":1,"8":1,"9":1,"10":1,"11":1,"12":1,"13":5,"14":4,"15":1,"16":5,"17":1,"18":1,"19":1,"20":1,"21":1,"22":0,"23":2,"24":0,"25":2,"26":1,"27":1,"28":2,"29":0,"30":2,"31":2,"32":0,"33":2,"34":0,"35":0,"36":0,"37":0},"f":{"0":5,"1":4,"2":1,"3":5,"4":2,"5":2,"6":2,"7":0},"b":{"0":[1,0],"1":[2],"2":[0,2],"3":[1,1],"4":[0,2],"5":[2,1],"6":[0,2],"7":[2,1],"8":[0,0]},"meta":{"lastBranch":9,"lastFunction":8,"lastStatement":38,"seen":{"s:1:26:7:2":0,"s:9:32:9:36":1,"s:10:27:10:29":2,"s:11:31:11:34":3,"s:12:32:12:33":4,"s:14:33:14:36":5,"s:15:32:15:36":6,"s:16:32:16:35":7,"s:18:33:18:36":8,"s:19:32:19:36":9,"s:20:32:20:35":10,"s:22:19:28:2":11,"s:30:21:36:2":12,"f:38:9:38:14":0,"s:39:2:39:Infinity":13,"f:42:9:42:19":1,"s:43:2:43:Infinity":14,"f:46:9:46:21":2,"s:47:22:47:76":15,"f:47:40:47:41":3,"s:47:55:47:72":16,"s:48:15:48:60":17,"s:50:2:55:Infinity":18,"s:51:4:51:Infinity":19,"b:52:4:54:Infinity:undefined:undefined:undefined:undefined":0,"s:52:4:54:Infinity":20,"s:53:6:53:Infinity":21,"s:57:2:57:Infinity":22,"f:60:16:60:35":4,"b:60:54:60:65":1,"b:61:2:63:Infinity:undefined:undefined:undefined:undefined":2,"s:61:2:63:Infinity":23,"s:62:4:62:Infinity":24,"b:65:2:67:Infinity:undefined:undefined:undefined:undefined":3,"s:65:2:67:Infinity":25,"s:66:4:66:Infinity":26,"s:69:2:75:Infinity":27,"f:78:16:78:33":5,"b:79:2:81:Infinity:undefined:undefined:undefined:undefined":4,"s:79:2:81:Infinity":28,"b:79:6:79:21:79:25:79:41":5,"s:80:4:80:Infinity":29,"s:83:2:87:Infinity":30,"f:90:16:90:38":6,"b:91:2:93:Infinity:undefined:undefined:undefined:undefined":6,"s:91:2:93:Infinity":31,"b:91:6:91:21:91:25:91:41":7,"s:92:4:92:Infinity":32,"s:95:2:99:Infinity":33,"f:102:16:102:29":7,"s:103:17:103:35":34,"b:105:2:107:Infinity:undefined:undefined:undefined:undefined":8,"s:105:2:107:Infinity":35,"s:106:4:106:Infinity":36,"s:109:2:109:Infinity":37}}}
,"D:\\Works\\project\\GameSite\\web\\src\\games\\breakout\\presentation\\canvas\\breakout-canvas.js": {"path":"D:\\Works\\project\\GameSite\\web\\src\\games\\breakout\\presentation\\canvas\\breakout-canvas.js","statementMap":{"0":{"start":{"line":1,"column":22},"end":{"line":1,"column":25}},"1":{"start":{"line":2,"column":23},"end":{"line":2,"column":26}},"2":{"start":{"line":7,"column":14},"end":{"line":7,"column":44}},"3":{"start":{"line":10,"column":19},"end":{"line":10,"column":46}},"4":{"start":{"line":12,"column":4},"end":{"line":12,"column":null}},"5":{"start":{"line":12,"column":17},"end":{"line":12,"column":null}},"6":{"start":{"line":14,"column":19},"end":{"line":14,"column":53}},"7":{"start":{"line":15,"column":19},"end":{"line":15,"column":55}},"8":{"start":{"line":16,"column":18},"end":{"line":16,"column":42}},"9":{"start":{"line":17,"column":25},"end":{"line":17,"column":58}},"10":{"start":{"line":18,"column":26},"end":{"line":18,"column":60}},"11":{"start":{"line":19,"column":16},"end":{"line":19,"column":44}},"12":{"start":{"line":21,"column":4},"end":{"line":21,"column":null}},"13":{"start":{"line":22,"column":4},"end":{"line":22,"column":null}},"14":{"start":{"line":23,"column":4},"end":{"line":23,"column":null}},"15":{"start":{"line":24,"column":4},"end":{"line":24,"column":null}},"16":{"start":{"line":26,"column":4},"end":{"line":26,"column":null}},"17":{"start":{"line":27,"column":4},"end":{"line":27,"column":null}},"18":{"start":{"line":31,"column":4},"end":{"line":31,"column":null}},"19":{"start":{"line":34,"column":2},"end":{"line":34,"column":null}},"20":{"start":{"line":35,"column":2},"end":{"line":35,"column":null}},"21":{"start":{"line":37,"column":2},"end":{"line":46,"column":null}},"22":{"start":{"line":39,"column":6},"end":{"line":39,"column":null}},"23":{"start":{"line":44,"column":6},"end":{"line":44,"column":null}}},"fnMap":{"0":{"name":"createBreakoutCanvas","decl":{"start":{"line":6,"column":16},"end":{"line":6,"column":36}},"loc":{"start":{"line":6,"column":52},"end":{"line":47,"column":null}},"line":6},"1":{"name":"resize","decl":{"start":{"line":9,"column":11},"end":{"line":9,"column":17}},"loc":{"start":{"line":9,"column":20},"end":{"line":28,"column":null}},"line":9},"2":{"name":"clear","decl":{"start":{"line":30,"column":11},"end":{"line":30,"column":16}},"loc":{"start":{"line":30,"column":19},"end":{"line":32,"column":null}},"line":30},"3":{"name":"(anonymous_3)","decl":{"start":{"line":38,"column":4},"end":{"line":38,"column":14}},"loc":{"start":{"line":38,"column":17},"end":{"line":40,"column":5}},"line":38},"4":{"name":"(anonymous_4)","decl":{"start":{"line":43,"column":4},"end":{"line":43,"column":11}},"loc":{"start":{"line":43,"column":14},"end":{"line":45,"column":5}},"line":43}},"branchMap":{"0":{"loc":{"start":{"line":12,"column":4},"end":{"line":12,"column":null}},"type":"if","locations":[{"start":{"line":12,"column":4},"end":{"line":12,"column":null}},{"start":{},"end":{}}],"line":12},"1":{"loc":{"start":{"line":19,"column":16},"end":{"line":19,"column":44}},"type":"binary-expr","locations":[{"start":{"line":19,"column":16},"end":{"line":19,"column":39}},{"start":{"line":19,"column":43},"end":{"line":19,"column":44}}],"line":19}},"s":{"0":1,"1":1,"2":0,"3":0,"4":0,"5":0,"6":0,"7":0,"8":0,"9":0,"10":0,"11":0,"12":0,"13":0,"14":0,"15":0,"16":0,"17":0,"18":0,"19":0,"20":0,"21":0,"22":0,"23":0},"f":{"0":0,"1":0,"2":0,"3":0,"4":0},"b":{"0":[0,0],"1":[0,0]},"meta":{"lastBranch":2,"lastFunction":5,"lastStatement":24,"seen":{"s:1:22:1:25":0,"s:2:23:2:26":1,"f:6:16:6:36":0,"s:7:14:7:44":2,"f:9:11:9:17":1,"s:10:19:10:46":3,"b:12:4:12:Infinity:undefined:undefined:undefined:undefined":0,"s:12:4:12:Infinity":4,"s:12:17:12:Infinity":5,"s:14:19:14:53":6,"s:15:19:15:55":7,"s:16:18:16:42":8,"s:17:25:17:58":9,"s:18:26:18:60":10,"s:19:16:19:44":11,"b:19:16:19:39:19:43:19:44":1,"s:21:4:21:Infinity":12,"s:22:4:22:Infinity":13,"s:23:4:23:Infinity":14,"s:24:4:24:Infinity":15,"s:26:4:26:Infinity":16,"s:27:4:27:Infinity":17,"f:30:11:30:16":2,"s:31:4:31:Infinity":18,"s:34:2:34:Infinity":19,"s:35:2:35:Infinity":20,"s:37:2:46:Infinity":21,"f:38:4:38:14":3,"s:39:6:39:Infinity":22,"f:43:4:43:11":4,"s:44:6:44:Infinity":23}}}
,"D:\\Works\\project\\GameSite\\web\\src\\games\\breakout\\presentation\\canvas\\breakout-renderer.js": {"path":"D:\\Works\\project\\GameSite\\web\\src\\games\\breakout\\presentation\\canvas\\breakout-renderer.js","statementMap":{"0":{"start":{"line":5,"column":12},"end":{"line":5,"column":51}},"1":{"start":{"line":6,"column":2},"end":{"line":6,"column":null}},"2":{"start":{"line":7,"column":2},"end":{"line":7,"column":null}},"3":{"start":{"line":8,"column":2},"end":{"line":8,"column":null}},"4":{"start":{"line":9,"column":2},"end":{"line":9,"column":null}},"5":{"start":{"line":10,"column":2},"end":{"line":10,"column":null}},"6":{"start":{"line":11,"column":2},"end":{"line":11,"column":null}},"7":{"start":{"line":12,"column":2},"end":{"line":12,"column":null}},"8":{"start":{"line":16,"column":2},"end":{"line":16,"column":null}},"9":{"start":{"line":17,"column":2},"end":{"line":17,"column":null}},"10":{"start":{"line":18,"column":2},"end":{"line":18,"column":null}},"11":{"start":{"line":19,"column":2},"end":{"line":19,"column":null}},"12":{"start":{"line":20,"column":2},"end":{"line":20,"column":null}},"13":{"start":{"line":21,"column":2},"end":{"line":21,"column":null}},"14":{"start":{"line":26,"column":4},"end":{"line":26,"column":null}},"15":{"start":{"line":30,"column":21},"end":{"line":30,"column":70}},"16":{"start":{"line":31,"column":4},"end":{"line":31,"column":null}},"17":{"start":{"line":32,"column":4},"end":{"line":32,"column":null}},"18":{"start":{"line":34,"column":4},"end":{"line":34,"column":null}},"19":{"start":{"line":35,"column":4},"end":{"line":35,"column":null}},"20":{"start":{"line":36,"column":4},"end":{"line":36,"column":null}},"21":{"start":{"line":37,"column":4},"end":{"line":37,"column":null}},"22":{"start":{"line":38,"column":4},"end":{"line":38,"column":null}},"23":{"start":{"line":39,"column":4},"end":{"line":39,"column":null}},"24":{"start":{"line":40,"column":4},"end":{"line":40,"column":null}},"25":{"start":{"line":42,"column":4},"end":{"line":42,"column":null}},"26":{"start":{"line":43,"column":4},"end":{"line":50,"column":null}},"27":{"start":{"line":51,"column":4},"end":{"line":51,"column":null}},"28":{"start":{"line":52,"column":4},"end":{"line":52,"column":null}},"29":{"start":{"line":53,"column":4},"end":{"line":53,"column":null}},"30":{"start":{"line":55,"column":4},"end":{"line":55,"column":null}},"31":{"start":{"line":56,"column":4},"end":{"line":56,"column":null}},"32":{"start":{"line":57,"column":4},"end":{"line":57,"column":null}},"33":{"start":{"line":58,"column":4},"end":{"line":63,"column":null}},"34":{"start":{"line":58,"column":17},"end":{"line":58,"column":31}},"35":{"start":{"line":59,"column":6},"end":{"line":59,"column":null}},"36":{"start":{"line":60,"column":6},"end":{"line":60,"column":null}},"37":{"start":{"line":61,"column":6},"end":{"line":61,"column":null}},"38":{"start":{"line":62,"column":6},"end":{"line":62,"column":null}},"39":{"start":{"line":64,"column":4},"end":{"line":69,"column":null}},"40":{"start":{"line":64,"column":17},"end":{"line":64,"column":30}},"41":{"start":{"line":65,"column":6},"end":{"line":65,"column":null}},"42":{"start":{"line":66,"column":6},"end":{"line":66,"column":null}},"43":{"start":{"line":67,"column":6},"end":{"line":67,"column":null}},"44":{"start":{"line":68,"column":6},"end":{"line":68,"column":null}},"45":{"start":{"line":70,"column":4},"end":{"line":70,"column":null}},"46":{"start":{"line":72,"column":4},"end":{"line":72,"column":null}},"47":{"start":{"line":73,"column":4},"end":{"line":73,"column":null}},"48":{"start":{"line":74,"column":4},"end":{"line":74,"column":null}},"49":{"start":{"line":75,"column":4},"end":{"line":75,"column":null}},"50":{"start":{"line":76,"column":4},"end":{"line":76,"column":null}},"51":{"start":{"line":77,"column":4},"end":{"line":77,"column":null}},"52":{"start":{"line":78,"column":4},"end":{"line":78,"column":null}},"53":{"start":{"line":79,"column":4},"end":{"line":79,"column":null}},"54":{"start":{"line":83,"column":4},"end":{"line":83,"column":null}},"55":{"start":{"line":85,"column":4},"end":{"line":85,"column":null}},"56":{"start":{"line":86,"column":4},"end":{"line":86,"column":null}},"57":{"start":{"line":87,"column":4},"end":{"line":87,"column":null}},"58":{"start":{"line":88,"column":4},"end":{"line":88,"column":null}},"59":{"start":{"line":89,"column":4},"end":{"line":89,"column":null}},"60":{"start":{"line":91,"column":4},"end":{"line":91,"column":null}},"61":{"start":{"line":92,"column":4},"end":{"line":92,"column":null}},"62":{"start":{"line":93,"column":4},"end":{"line":93,"column":null}},"63":{"start":{"line":95,"column":4},"end":{"line":95,"column":null}},"64":{"start":{"line":96,"column":4},"end":{"line":96,"column":null}},"65":{"start":{"line":98,"column":4},"end":{"line":98,"column":null}},"66":{"start":{"line":99,"column":4},"end":{"line":99,"column":null}},"67":{"start":{"line":100,"column":4},"end":{"line":100,"column":null}},"68":{"start":{"line":102,"column":4},"end":{"line":108,"column":null}},"69":{"start":{"line":102,"column":21},"end":{"line":102,"column":22}},"70":{"start":{"line":103,"column":16},"end":{"line":103,"column":32}},"71":{"start":{"line":104,"column":6},"end":{"line":104,"column":null}},"72":{"start":{"line":105,"column":6},"end":{"line":105,"column":null}},"73":{"start":{"line":106,"column":6},"end":{"line":106,"column":null}},"74":{"start":{"line":107,"column":6},"end":{"line":107,"column":null}},"75":{"start":{"line":112,"column":4},"end":{"line":128,"column":null}},"76":{"start":{"line":113,"column":6},"end":{"line":113,"column":null}},"77":{"start":{"line":113,"column":39},"end":{"line":113,"column":null}},"78":{"start":{"line":115,"column":19},"end":{"line":115,"column":93}},"79":{"start":{"line":117,"column":6},"end":{"line":117,"column":null}},"80":{"start":{"line":118,"column":6},"end":{"line":118,"column":null}},"81":{"start":{"line":119,"column":6},"end":{"line":119,"column":null}},"82":{"start":{"line":120,"column":6},"end":{"line":120,"column":null}},"83":{"start":{"line":121,"column":6},"end":{"line":121,"column":null}},"84":{"start":{"line":122,"column":6},"end":{"line":122,"column":null}},"85":{"start":{"line":124,"column":6},"end":{"line":124,"column":null}},"86":{"start":{"line":125,"column":6},"end":{"line":125,"column":null}},"87":{"start":{"line":126,"column":6},"end":{"line":126,"column":null}},"88":{"start":{"line":127,"column":6},"end":{"line":127,"column":null}},"89":{"start":{"line":132,"column":4},"end":{"line":132,"column":null}},"90":{"start":{"line":133,"column":4},"end":{"line":133,"column":null}},"91":{"start":{"line":134,"column":21},"end":{"line":134,"column":101}},"92":{"start":{"line":135,"column":4},"end":{"line":135,"column":null}},"93":{"start":{"line":136,"column":4},"end":{"line":136,"column":null}},"94":{"start":{"line":137,"column":4},"end":{"line":137,"column":null}},"95":{"start":{"line":138,"column":4},"end":{"line":138,"column":null}},"96":{"start":{"line":139,"column":4},"end":{"line":139,"column":null}},"97":{"start":{"line":140,"column":4},"end":{"line":140,"column":null}},"98":{"start":{"line":141,"column":4},"end":{"line":141,"column":null}},"99":{"start":{"line":145,"column":4},"end":{"line":157,"column":null}},"100":{"start":{"line":146,"column":6},"end":{"line":146,"column":null}},"101":{"start":{"line":147,"column":23},"end":{"line":147,"column":107}},"102":{"start":{"line":148,"column":6},"end":{"line":148,"column":null}},"103":{"start":{"line":149,"column":6},"end":{"line":149,"column":null}},"104":{"start":{"line":150,"column":6},"end":{"line":150,"column":null}},"105":{"start":{"line":151,"column":6},"end":{"line":151,"column":null}},"106":{"start":{"line":152,"column":6},"end":{"line":152,"column":null}},"107":{"start":{"line":153,"column":6},"end":{"line":153,"column":null}},"108":{"start":{"line":154,"column":6},"end":{"line":154,"column":null}},"109":{"start":{"line":155,"column":6},"end":{"line":155,"column":null}},"110":{"start":{"line":156,"column":6},"end":{"line":156,"column":null}},"111":{"start":{"line":161,"column":4},"end":{"line":181,"column":null}},"112":{"start":{"line":162,"column":20},"end":{"line":162,"column":45}},"113":{"start":{"line":164,"column":6},"end":{"line":164,"column":null}},"114":{"start":{"line":165,"column":6},"end":{"line":165,"column":null}},"115":{"start":{"line":166,"column":6},"end":{"line":166,"column":null}},"116":{"start":{"line":167,"column":6},"end":{"line":167,"column":null}},"117":{"start":{"line":168,"column":6},"end":{"line":168,"column":null}},"118":{"start":{"line":169,"column":6},"end":{"line":169,"column":null}},"119":{"start":{"line":170,"column":6},"end":{"line":170,"column":null}},"120":{"start":{"line":171,"column":6},"end":{"line":171,"column":null}},"121":{"start":{"line":172,"column":6},"end":{"line":172,"column":null}},"122":{"start":{"line":173,"column":6},"end":{"line":173,"column":null}},"123":{"start":{"line":175,"column":6},"end":{"line":175,"column":null}},"124":{"start":{"line":176,"column":6},"end":{"line":176,"column":null}},"125":{"start":{"line":177,"column":6},"end":{"line":177,"column":null}},"126":{"start":{"line":178,"column":6},"end":{"line":178,"column":null}},"127":{"start":{"line":179,"column":6},"end":{"line":179,"column":null}},"128":{"start":{"line":180,"column":6},"end":{"line":180,"column":null}},"129":{"start":{"line":185,"column":4},"end":{"line":185,"column":null}},"130":{"start":{"line":186,"column":4},"end":{"line":186,"column":null}},"131":{"start":{"line":187,"column":4},"end":{"line":187,"column":null}},"132":{"start":{"line":188,"column":4},"end":{"line":188,"column":null}},"133":{"start":{"line":189,"column":4},"end":{"line":189,"column":null}},"134":{"start":{"line":193,"column":4},"end":{"line":193,"column":null}},"135":{"start":{"line":193,"column":17},"end":{"line":193,"column":null}},"136":{"start":{"line":195,"column":18},"end":{"line":195,"column":21}},"137":{"start":{"line":196,"column":19},"end":{"line":196,"column":22}},"138":{"start":{"line":197,"column":14},"end":{"line":197,"column":41}},"139":{"start":{"line":198,"column":14},"end":{"line":198,"column":33}},"140":{"start":{"line":200,"column":4},"end":{"line":200,"column":null}},"141":{"start":{"line":201,"column":4},"end":{"line":201,"column":null}},"142":{"start":{"line":202,"column":4},"end":{"line":202,"column":null}},"143":{"start":{"line":203,"column":4},"end":{"line":203,"column":null}},"144":{"start":{"line":204,"column":4},"end":{"line":204,"column":null}},"145":{"start":{"line":205,"column":4},"end":{"line":205,"column":null}},"146":{"start":{"line":206,"column":4},"end":{"line":206,"column":null}},"147":{"start":{"line":208,"column":4},"end":{"line":208,"column":null}},"148":{"start":{"line":209,"column":4},"end":{"line":209,"column":null}},"149":{"start":{"line":210,"column":4},"end":{"line":210,"column":null}},"150":{"start":{"line":211,"column":4},"end":{"line":211,"column":null}},"151":{"start":{"line":212,"column":4},"end":{"line":212,"column":null}},"152":{"start":{"line":214,"column":4},"end":{"line":214,"column":null}},"153":{"start":{"line":215,"column":4},"end":{"line":215,"column":null}},"154":{"start":{"line":216,"column":4},"end":{"line":216,"column":null}},"155":{"start":{"line":217,"column":4},"end":{"line":217,"column":null}},"156":{"start":{"line":230,"column":8},"end":{"line":230,"column":13}},"157":{"start":{"line":232,"column":4},"end":{"line":232,"column":null}},"158":{"start":{"line":233,"column":4},"end":{"line":233,"column":null}},"159":{"start":{"line":234,"column":4},"end":{"line":234,"column":null}},"160":{"start":{"line":235,"column":4},"end":{"line":235,"column":null}},"161":{"start":{"line":236,"column":4},"end":{"line":236,"column":null}},"162":{"start":{"line":237,"column":4},"end":{"line":237,"column":null}},"163":{"start":{"line":238,"column":4},"end":{"line":238,"column":null}},"164":{"start":{"line":239,"column":4},"end":{"line":239,"column":null}},"165":{"start":{"line":240,"column":4},"end":{"line":240,"column":null}},"166":{"start":{"line":243,"column":2},"end":{"line":246,"column":null}}},"fnMap":{"0":{"name":"roundedRect","decl":{"start":{"line":4,"column":9},"end":{"line":4,"column":20}},"loc":{"start":{"line":4,"column":55},"end":{"line":13,"column":null}},"line":4},"1":{"name":"drawPanel","decl":{"start":{"line":15,"column":9},"end":{"line":15,"column":18}},"loc":{"start":{"line":15,"column":45},"end":{"line":22,"column":null}},"line":15},"2":{"name":"createBreakoutRenderer","decl":{"start":{"line":24,"column":16},"end":{"line":24,"column":38}},"loc":{"start":{"line":24,"column":44},"end":{"line":247,"column":null}},"line":24},"3":{"name":"clear","decl":{"start":{"line":25,"column":11},"end":{"line":25,"column":16}},"loc":{"start":{"line":25,"column":19},"end":{"line":27,"column":null}},"line":25},"4":{"name":"drawBackground","decl":{"start":{"line":29,"column":11},"end":{"line":29,"column":25}},"loc":{"start":{"line":29,"column":44},"end":{"line":80,"column":null}},"line":29},"5":{"name":"drawHud","decl":{"start":{"line":82,"column":11},"end":{"line":82,"column":18}},"loc":{"start":{"line":82,"column":42},"end":{"line":109,"column":null}},"line":82},"6":{"name":"drawBlocks","decl":{"start":{"line":111,"column":11},"end":{"line":111,"column":21}},"loc":{"start":{"line":111,"column":37},"end":{"line":129,"column":null}},"line":111},"7":{"name":"(anonymous_7)","decl":{"start":{"line":112,"column":19},"end":{"line":112,"column":20}},"loc":{"start":{"line":112,"column":36},"end":{"line":128,"column":5}},"line":112},"8":{"name":"drawPaddle","decl":{"start":{"line":131,"column":11},"end":{"line":131,"column":21}},"loc":{"start":{"line":131,"column":37},"end":{"line":142,"column":null}},"line":131},"9":{"name":"drawBalls","decl":{"start":{"line":144,"column":11},"end":{"line":144,"column":20}},"loc":{"start":{"line":144,"column":35},"end":{"line":158,"column":null}},"line":144},"10":{"name":"(anonymous_10)","decl":{"start":{"line":145,"column":18},"end":{"line":145,"column":19}},"loc":{"start":{"line":145,"column":28},"end":{"line":157,"column":5}},"line":145},"11":{"name":"drawItems","decl":{"start":{"line":160,"column":11},"end":{"line":160,"column":20}},"loc":{"start":{"line":160,"column":28},"end":{"line":182,"column":null}},"line":160},"12":{"name":"(anonymous_12)","decl":{"start":{"line":161,"column":18},"end":{"line":161,"column":19}},"loc":{"start":{"line":161,"column":28},"end":{"line":181,"column":5}},"line":161},"13":{"name":"drawHint","decl":{"start":{"line":184,"column":11},"end":{"line":184,"column":19}},"loc":{"start":{"line":184,"column":22},"end":{"line":190,"column":null}},"line":184},"14":{"name":"drawBanner","decl":{"start":{"line":192,"column":11},"end":{"line":192,"column":21}},"loc":{"start":{"line":192,"column":41},"end":{"line":218,"column":null}},"line":192},"15":{"name":"renderFrame","decl":{"start":{"line":220,"column":11},"end":{"line":220,"column":22}},"loc":{"start":{"line":220,"column":30},"end":{"line":241,"column":null}},"line":220}},"branchMap":{"0":{"loc":{"start":{"line":95,"column":20},"end":{"line":95,"column":75}},"type":"cond-expr","locations":[{"start":{"line":95,"column":40},"end":{"line":95,"column":49}},{"start":{"line":95,"column":52},"end":{"line":95,"column":75}}],"line":95},"1":{"loc":{"start":{"line":106,"column":22},"end":{"line":106,"column":82}},"type":"cond-expr","locations":[{"start":{"line":106,"column":46},"end":{"line":106,"column":55}},{"start":{"line":106,"column":58},"end":{"line":106,"column":82}}],"line":106},"2":{"loc":{"start":{"line":113,"column":6},"end":{"line":113,"column":null}},"type":"if","locations":[{"start":{"line":113,"column":6},"end":{"line":113,"column":null}},{"start":{},"end":{}}],"line":113},"3":{"loc":{"start":{"line":115,"column":19},"end":{"line":115,"column":93}},"type":"cond-expr","locations":[{"start":{"line":115,"column":53},"end":{"line":115,"column":70}},{"start":{"line":115,"column":73},"end":{"line":115,"column":93}}],"line":115},"4":{"loc":{"start":{"line":193,"column":4},"end":{"line":193,"column":null}},"type":"if","locations":[{"start":{"line":193,"column":4},"end":{"line":193,"column":null}},{"start":{},"end":{}}],"line":193}},"s":{"0":0,"1":0,"2":0,"3":0,"4":0,"5":0,"6":0,"7":0,"8":0,"9":0,"10":0,"11":0,"12":0,"13":0,"14":0,"15":0,"16":0,"17":0,"18":0,"19":0,"20":0,"21":0,"22":0,"23":0,"24":0,"25":0,"26":0,"27":0,"28":0,"29":0,"30":0,"31":0,"32":0,"33":0,"34":0,"35":0,"36":0,"37":0,"38":0,"39":0,"40":0,"41":0,"42":0,"43":0,"44":0,"45":0,"46":0,"47":0,"48":0,"49":0,"50":0,"51":0,"52":0,"53":0,"54":0,"55":0,"56":0,"57":0,"58":0,"59":0,"60":0,"61":0,"62":0,"63":0,"64":0,"65":0,"66":0,"67":0,"68":0,"69":0,"70":0,"71":0,"72":0,"73":0,"74":0,"75":0,"76":0,"77":0,"78":0,"79":0,"80":0,"81":0,"82":0,"83":0,"84":0,"85":0,"86":0,"87":0,"88":0,"89":0,"90":0,"91":0,"92":0,"93":0,"94":0,"95":0,"96":0,"97":0,"98":0,"99":0,"100":0,"101":0,"102":0,"103":0,"104":0,"105":0,"106":0,"107":0,"108":0,"109":0,"110":0,"111":0,"112":0,"113":0,"114":0,"115":0,"116":0,"117":0,"118":0,"119":0,"120":0,"121":0,"122":0,"123":0,"124":0,"125":0,"126":0,"127":0,"128":0,"129":0,"130":0,"131":0,"132":0,"133":0,"134":0,"135":0,"136":0,"137":0,"138":0,"139":0,"140":0,"141":0,"142":0,"143":0,"144":0,"145":0,"146":0,"147":0,"148":0,"149":0,"150":0,"151":0,"152":0,"153":0,"154":0,"155":0,"156":0,"157":0,"158":0,"159":0,"160":0,"161":0,"162":0,"163":0,"164":0,"165":0,"166":0},"f":{"0":0,"1":0,"2":0,"3":0,"4":0,"5":0,"6":0,"7":0,"8":0,"9":0,"10":0,"11":0,"12":0,"13":0,"14":0,"15":0},"b":{"0":[0,0],"1":[0,0],"2":[0,0],"3":[0,0],"4":[0,0]},"meta":{"lastBranch":5,"lastFunction":16,"lastStatement":167,"seen":{"f:4:9:4:20":0,"s:5:12:5:51":0,"s:6:2:6:Infinity":1,"s:7:2:7:Infinity":2,"s:8:2:8:Infinity":3,"s:9:2:9:Infinity":4,"s:10:2:10:Infinity":5,"s:11:2:11:Infinity":6,"s:12:2:12:Infinity":7,"f:15:9:15:18":1,"s:16:2:16:Infinity":8,"s:17:2:17:Infinity":9,"s:18:2:18:Infinity":10,"s:19:2:19:Infinity":11,"s:20:2:20:Infinity":12,"s:21:2:21:Infinity":13,"f:24:16:24:38":2,"f:25:11:25:16":3,"s:26:4:26:Infinity":14,"f:29:11:29:25":4,"s:30:21:30:70":15,"s:31:4:31:Infinity":16,"s:32:4:32:Infinity":17,"s:34:4:34:Infinity":18,"s:35:4:35:Infinity":19,"s:36:4:36:Infinity":20,"s:37:4:37:Infinity":21,"s:38:4:38:Infinity":22,"s:39:4:39:Infinity":23,"s:40:4:40:Infinity":24,"s:42:4:42:Infinity":25,"s:43:4:50:Infinity":26,"s:51:4:51:Infinity":27,"s:52:4:52:Infinity":28,"s:53:4:53:Infinity":29,"s:55:4:55:Infinity":30,"s:56:4:56:Infinity":31,"s:57:4:57:Infinity":32,"s:58:4:63:Infinity":33,"s:58:17:58:31":34,"s:59:6:59:Infinity":35,"s:60:6:60:Infinity":36,"s:61:6:61:Infinity":37,"s:62:6:62:Infinity":38,"s:64:4:69:Infinity":39,"s:64:17:64:30":40,"s:65:6:65:Infinity":41,"s:66:6:66:Infinity":42,"s:67:6:67:Infinity":43,"s:68:6:68:Infinity":44,"s:70:4:70:Infinity":45,"s:72:4:72:Infinity":46,"s:73:4:73:Infinity":47,"s:74:4:74:Infinity":48,"s:75:4:75:Infinity":49,"s:76:4:76:Infinity":50,"s:77:4:77:Infinity":51,"s:78:4:78:Infinity":52,"s:79:4:79:Infinity":53,"f:82:11:82:18":5,"s:83:4:83:Infinity":54,"s:85:4:85:Infinity":55,"s:86:4:86:Infinity":56,"s:87:4:87:Infinity":57,"s:88:4:88:Infinity":58,"s:89:4:89:Infinity":59,"s:91:4:91:Infinity":60,"s:92:4:92:Infinity":61,"s:93:4:93:Infinity":62,"s:95:4:95:Infinity":63,"b:95:40:95:49:95:52:95:75":0,"s:96:4:96:Infinity":64,"s:98:4:98:Infinity":65,"s:99:4:99:Infinity":66,"s:100:4:100:Infinity":67,"s:102:4:108:Infinity":68,"s:102:21:102:22":69,"s:103:16:103:32":70,"s:104:6:104:Infinity":71,"s:105:6:105:Infinity":72,"s:106:6:106:Infinity":73,"b:106:46:106:55:106:58:106:82":1,"s:107:6:107:Infinity":74,"f:111:11:111:21":6,"s:112:4:128:Infinity":75,"f:112:19:112:20":7,"b:113:6:113:Infinity:undefined:undefined:undefined:undefined":2,"s:113:6:113:Infinity":76,"s:113:39:113:Infinity":77,"s:115:19:115:93":78,"b:115:53:115:70:115:73:115:93":3,"s:117:6:117:Infinity":79,"s:118:6:118:Infinity":80,"s:119:6:119:Infinity":81,"s:120:6:120:Infinity":82,"s:121:6:121:Infinity":83,"s:122:6:122:Infinity":84,"s:124:6:124:Infinity":85,"s:125:6:125:Infinity":86,"s:126:6:126:Infinity":87,"s:127:6:127:Infinity":88,"f:131:11:131:21":8,"s:132:4:132:Infinity":89,"s:133:4:133:Infinity":90,"s:134:21:134:101":91,"s:135:4:135:Infinity":92,"s:136:4:136:Infinity":93,"s:137:4:137:Infinity":94,"s:138:4:138:Infinity":95,"s:139:4:139:Infinity":96,"s:140:4:140:Infinity":97,"s:141:4:141:Infinity":98,"f:144:11:144:20":9,"s:145:4:157:Infinity":99,"f:145:18:145:19":10,"s:146:6:146:Infinity":100,"s:147:23:147:107":101,"s:148:6:148:Infinity":102,"s:149:6:149:Infinity":103,"s:150:6:150:Infinity":104,"s:151:6:151:Infinity":105,"s:152:6:152:Infinity":106,"s:153:6:153:Infinity":107,"s:154:6:154:Infinity":108,"s:155:6:155:Infinity":109,"s:156:6:156:Infinity":110,"f:160:11:160:20":11,"s:161:4:181:Infinity":111,"f:161:18:161:19":12,"s:162:20:162:45":112,"s:164:6:164:Infinity":113,"s:165:6:165:Infinity":114,"s:166:6:166:Infinity":115,"s:167:6:167:Infinity":116,"s:168:6:168:Infinity":117,"s:169:6:169:Infinity":118,"s:170:6:170:Infinity":119,"s:171:6:171:Infinity":120,"s:172:6:172:Infinity":121,"s:173:6:173:Infinity":122,"s:175:6:175:Infinity":123,"s:176:6:176:Infinity":12
[...]
,"column":17},"end":{"line":16,"column":63}},"11":{"start":{"line":16,"column":23},"end":{"line":16,"column":63}},"12":{"start":{"line":19,"column":2},"end":{"line":19,"column":32}},"13":{"start":{"line":23,"column":15},"end":{"line":23,"column":37}},"14":{"start":{"line":24,"column":2},"end":{"line":24,"column":21}},"15":{"start":{"line":27,"column":17},"end":{"line":27,"column":21}},"16":{"start":{"line":28,"column":19},"end":{"line":28,"column":23}},"17":{"start":{"line":29,"column":14},"end":{"line":29,"column":18}},"18":{"start":{"line":30,"column":14},"end":{"line":30,"column":18}},"19":{"start":{"line":33,"column":15},"end":{"line":33,"column":32}},"20":{"start":{"line":34,"column":22},"end":{"line":34,"column":46}},"21":{"start":{"line":36,"column":2},"end":{"line":36,"column":27}},"22":{"start":{"line":38,"column":2},"end":{"line":70,"column":3}},"23":{"start":{"line":39,"column":19},"end":{"line":39,"column":38}},"24":{"start":{"line":41,"column":4},"end":{"line":41,"column":29}},"25":{"start":{"line":44,"column":4},"end":{"line":44,"column":30}},"26":{"start":{"line":45,"column":4},"end":{"line":47,"column":5}},"27":{"start":{"line":46,"column":6},"end":{"line":46,"column":29}},"28":{"start":{"line":50,"column":4},"end":{"line":50,"column":34}},"29":{"start":{"line":51,"column":17},"end":{"line":51,"column":38}},"30":{"start":{"line":52,"column":4},"end":{"line":52,"column":33}},"31":{"start":{"line":55,"column":4},"end":{"line":63,"column":5}},"32":{"start":{"line":56,"column":6},"end":{"line":56,"column":61}},"33":{"start":{"line":57,"column":6},"end":{"line":57,"column":52}},"34":{"start":{"line":58,"column":6},"end":{"line":58,"column":52}},"35":{"start":{"line":60,"column":6},"end":{"line":60,"column":64}},"36":{"start":{"line":61,"column":6},"end":{"line":61,"column":47}},"37":{"start":{"line":62,"column":6},"end":{"line":62,"column":47}},"38":{"start":{"line":65,"column":3},"end":{"line":65,"column":40}},"39":{"start":{"line":67,"column":4},"end":{"line":67,"column":29}},"40":{"start":{"line":68,"column":4},"end":{"line":68,"column":87}},"41":{"start":{"line":69,"column":4},"end":{"line":69,"column":44}},"42":{"start":{"line":73,"column":22},"end":{"line":90,"column":1}},"43":{"start":{"line":75,"column":4},"end":{"line":75,"column":27}},"44":{"start":{"line":76,"column":4},"end":{"line":76,"column":21}},"45":{"start":{"line":77,"column":4},"end":{"line":77,"column":21}},"46":{"start":{"line":78,"column":4},"end":{"line":78,"column":24}},"47":{"start":{"line":79,"column":4},"end":{"line":79,"column":58}},"48":{"start":{"line":80,"column":4},"end":{"line":80,"column":21}},"49":{"start":{"line":84,"column":4},"end":{"line":84,"column":31}},"50":{"start":{"line":88,"column":4},"end":{"line":88,"column":29}}},"fnMap":{"0":{"name":"(anonymous_0)","decl":{"start":{"line":5,"column":26},"end":{"line":5,"column":27}},"loc":{"start":{"line":5,"column":32},"end":{"line":5,"column":67}},"line":5},"1":{"name":"(anonymous_1)","decl":{"start":{"line":6,"column":26},"end":{"line":6,"column":27}},"loc":{"start":{"line":6,"column":32},"end":{"line":6,"column":82}},"line":6},"2":{"name":"(anonymous_2)","decl":{"start":{"line":7,"column":26},"end":{"line":7,"column":27}},"loc":{"start":{"line":7,"column":32},"end":{"line":7,"column":75}},"line":7},"3":{"name":"(anonymous_3)","decl":{"start":{"line":8,"column":26},"end":{"line":8,"column":27}},"loc":{"start":{"line":8,"column":32},"end":{"line":8,"column":80}},"line":8},"4":{"name":"(anonymous_4)","decl":{"start":{"line":9,"column":26},"end":{"line":9,"column":27}},"loc":{"start":{"line":9,"column":32},"end":{"line":9,"column":73}},"line":9},"5":{"name":"(anonymous_5)","decl":{"start":{"line":10,"column":26},"end":{"line":10,"column":27}},"loc":{"start":{"line":10,"column":32},"end":{"line":10,"column":68}},"line":10},"6":{"name":"(anonymous_6)","decl":{"start":{"line":11,"column":26},"end":{"line":11,"column":27}},"loc":{"start":{"line":11,"column":32},"end":{"line":11,"column":66}},"line":11},"7":{"name":"(anonymous_7)","decl":{"start":{"line":12,"column":26},"end":{"line":12,"column":27}},"loc":{"start":{"line":12,"column":32},"end":{"line":12,"column":68}},"line":12},"8":{"name":"(anonymous_8)","decl":{"start":{"line":13,"column":26},"end":{"line":13,"column":27}},"loc":{"start":{"line":13,"column":32},"end":{"line":13,"column":70}},"line":13},"9":{"name":"(anonymous_9)","decl":{"start":{"line":16,"column":17},"end":{"line":16,"column":18}},"loc":{"start":{"line":16,"column":23},"end":{"line":16,"column":63}},"line":16},"10":{"name":"isGamePlayPage","decl":{"start":{"line":18,"column":9},"end":{"line":18,"column":23}},"loc":{"start":{"line":18,"column":30},"end":{"line":20,"column":1}},"line":18},"11":{"name":"getPathFromHash","decl":{"start":{"line":22,"column":9},"end":{"line":22,"column":24}},"loc":{"start":{"line":22,"column":27},"end":{"line":25,"column":1}},"line":22},"12":{"name":"_onRouteChange","decl":{"start":{"line":32,"column":15},"end":{"line":32,"column":29}},"loc":{"start":{"line":32,"column":32},"end":{"line":71,"column":1}},"line":32},"13":{"name":"(anonymous_13)","decl":{"start":{"line":74,"column":2},"end":{"line":74,"column":6}},"loc":{"start":{"line":74,"column":34},"end":{"line":81,"column":3}},"line":74},"14":{"name":"(anonymous_14)","decl":{"start":{"line":83,"column":2},"end":{"line":83,"column":10}},"loc":{"start":{"line":83,"column":17},"end":{"line":85,"column":3}},"line":83},"15":{"name":"(anonymous_15)","decl":{"start":{"line":87,"column":2},"end":{"line":87,"column":16}},"loc":{"start":{"line":87,"column":19},"end":{"line":89,"column":3}},"line":87}},"branchMap":{"0":{"loc":{"start":{"line":24,"column":9},"end":{"line":24,"column":20}},"type":"binary-expr","locations":[{"start":{"line":24,"column":9},"end":{"line":24,"column":13}},{"start":{"line":24,"column":17},"end":{"line":24,"column":20}}],"line":24},"1":{"loc":{"start":{"line":34,"column":22},"end":{"line":34,"column":46}},"type":"binary-expr","locations":[{"start":{"line":34,"column":22},"end":{"line":34,"column":34}},{"start":{"line":34,"column":38},"end":{"line":34,"column":46}}],"line":34},"2":{"loc":{"start":{"line":45,"column":4},"end":{"line":47,"column":5}},"type":"if","locations":[{"start":{"line":45,"column":4},"end":{"line":47,"column":5}},{"start":{},"end":{}}],"line":45},"3":{"loc":{"start":{"line":45,"column":8},"end":{"line":45,"column":66}},"type":"binary-expr","locations":[{"start":{"line":45,"column":8},"end":{"line":45,"column":20}},{"start":{"line":45,"column":24},"end":{"line":45,"column":66}}],"line":45},"4":{"loc":{"start":{"line":55,"column":4},"end":{"line":63,"column":5}},"type":"if","locations":[{"start":{"line":55,"column":4},"end":{"line":63,"column":5}},{"start":{"line":59,"column":11},"end":{"line":63,"column":5}}],"line":55}},"s":{"0":0,"1":0,"2":0,"3":0,"4":0,"5":0,"6":0,"7":0,"8":0,"9":0,"10":0,"11":0,"12":0,"13":0,"14":0,"15":0,"16":0,"17":0,"18":0,"19":0,"20":0,"21":0,"22":0,"23":0,"24":0,"25":0,"26":0,"27":0,"28":0,"29":0,"30":0,"31":0,"32":0,"33":0,"34":0,"35":0,"36":0,"37":0,"38":0,"39":0,"40":0,"41":0,"42":0,"43":0,"44":0,"45":0,"46":0,"47":0,"48":0,"49":0,"50":0},"f":{"0":0,"1":0,"2":0,"3":0,"4":0,"5":0,"6":0,"7":0,"8":0,"9":0,"10":0,"11":0,"12":0,"13":0,"14":0,"15":0},"b":{"0":[0,0],"1":[0,0],"2":[0,0],"3":[0,0],"4":[0,0]},"meta":{"lastBranch":5,"lastFunction":16,"lastStatement":51,"seen":{"s:4:15:14:1":0,"f:5:26:5:27":0,"s:5:32:5:67":1,"f:6:26:6:27":1,"s:6:32:6:82":2,"f:7:26:7:27":2,"s:7:32:7:75":3,"f:8:26:8:27":3,"s:8:32:8:80":4,"f:9:26:9:27":4,"s:9:32:9:73":5,"f:10:26:10:27":5,"s:10:32:10:68":6,"f:11:26:11:27":6,"s:11:32:11:66":7,"f:12:26:12:27":7,"s:12:32:12:68":8,"f:13:26:13:27":8,"s:13:32:13:70":9,"s:16:17:16:63":10,"f:16:17:16:18":9,"s:16:23:16:63":11,"f:18:9:18:23":10,"s:19:2:19:32":12,"f:22:9:22:24":11,"s:23:15:23:37":13,"s:24:2:24:21":14,"b:24:9:24:13:24:17:24:20":0,"s:27:17:27:21":15,"s:28:19:28:23":16,"s:29:14:29:18":17,"s:30:14:30:18":18,"f:32:15:32:29":12,"s:33:15:33:32":19,"s:34:22:34:46":20,"b:34:22:34:34:34:38:34:46":1,"s:36:2:36:27":21,"s:38:2:70:3":22,"s:39:19:39:38":23,"s:41:4:41:29":24,"s:44:4:44:30":25,"b:45:4:47:5:undefined:undefined:undefined:undefined":2,"s:45:4:47:5":26,"b:45:8:45:20:45:24:45:66":3,"s:46:6:46:29":27,"s:50:4:50:34":28,"s:51:17:51:38":29,"s:52:4:52:33":30,"b:55:4:63:5:59:11:63:5":4,"s:55:4:63:5":31,"s:56:6:56:61":32,"s:57:6:57:52":33,"s:58:6:58:52":34,"s:60:6:60:64":35,"s:61:6:61:47":36,"s:62:6:62:47":37,"s:65:3:65:40":38,"s:67:4:67:29":39,"s:68:4:68:87":40,"s:69:4:69:44":41,"s:73:22:90:1":42,"f:74:2:74:6":13,"s:75:4:75:27":43,"s:76:4:76:21":44,"s:77:4:77:21":45,"s:78:4:78:24":46,"s:79:4:79:58":47,"s:80:4:80:21":48,"f:83:2:83:10":14,"s:84:4:84:31":49,"f:87:2:87:16":15,"s:88:4:88:29":50}}}
,"D:\\Works\\project\\GameSite\\web\\src\\user\\pages\\login.js": {"path":"D:\\Works\\project\\GameSite\\web\\src\\user\\pages\\login.js","statementMap":{"0":{"start":{"line":5,"column":17},"end":{"line":5,"column":46}},"1":{"start":{"line":6,"column":4},"end":{"line":6,"column":34}},"2":{"start":{"line":8,"column":17},"end":{"line":8,"column":52}},"3":{"start":{"line":10,"column":4},"end":{"line":52,"column":5}},"4":{"start":{"line":11,"column":6},"end":{"line":17,"column":8}},"5":{"start":{"line":18,"column":6},"end":{"line":21,"column":9}},"6":{"start":{"line":19,"column":8},"end":{"line":19,"column":42}},"7":{"start":{"line":20,"column":8},"end":{"line":20,"column":29}},"8":{"start":{"line":23,"column":6},"end":{"line":43,"column":8}},"9":{"start":{"line":45,"column":6},"end":{"line":51,"column":9}},"10":{"start":{"line":46,"column":8},"end":{"line":46,"column":27}},"11":{"start":{"line":47,"column":25},"end":{"line":47,"column":69}},"12":{"start":{"line":48,"column":8},"end":{"line":48,"column":30}},"13":{"start":{"line":48,"column":23},"end":{"line":48,"column":30}},"14":{"start":{"line":49,"column":8},"end":{"line":49,"column":49}},"15":{"start":{"line":50,"column":8},"end":{"line":50,"column":29}},"16":{"start":{"line":54,"column":4},"end":{"line":54,"column":16}},"17":{"start":{"line":59,"column":14},"end":{"line":59,"column":43}},"18":{"start":{"line":60,"column":2},"end":{"line":60,"column":24}},"19":{"start":{"line":61,"column":2},"end":{"line":61,"column":23}}},"fnMap":{"0":{"name":"(anonymous_0)","decl":{"start":{"line":4,"column":2},"end":{"line":4,"column":8}},"loc":{"start":{"line":4,"column":11},"end":{"line":55,"column":3}},"line":4},"1":{"name":"(anonymous_1)","decl":{"start":{"line":18,"column":74},"end":{"line":18,"column":79}},"loc":{"start":{"line":18,"column":86},"end":{"line":21,"column":7}},"line":18},"2":{"name":"(anonymous_2)","decl":{"start":{"line":45,"column":73},"end":{"line":45,"column":78}},"loc":{"start":{"line":45,"column":86},"end":{"line":51,"column":7}},"line":45},"3":{"name":"escapeHtml","decl":{"start":{"line":58,"column":9},"end":{"line":58,"column":19}},"loc":{"start":{"line":58,"column":25},"end":{"line":62,"column":1}},"line":58}},"branchMap":{"0":{"loc":{"start":{"line":10,"column":4},"end":{"line":52,"column":5}},"type":"if","locations":[{"start":{"line":10,"column":4},"end":{"line":52,"column":5}},{"start":{"line":22,"column":11},"end":{"line":52,"column":5}}],"line":10},"1":{"loc":{"start":{"line":48,"column":8},"end":{"line":48,"column":30}},"type":"if","locations":[{"start":{"line":48,"column":8},"end":{"line":48,"column":30}},{"start":{},"end":{}}],"line":48}},"s":{"0":0,"1":0,"2":0,"3":0,"4":0,"5":0,"6":0,"7":0,"8":0,"9":0,"10":0,"11":0,"12":0,"13":0,"14":0,"15":0,"16":0,"17":0,"18":0,"19":0},"f":{"0":0,"1":0,"2":0,"3":0},"b":{"0":[0,0],"1":[0,0]},"meta":{"lastBranch":2,"lastFunction":4,"lastStatement":20,"seen":{"f:4:2:4:8":0,"s:5:17:5:46":0,"s:6:4:6:34":1,"s:8:17:8:52":2,"b:10:4:52:5:22:11:52:5":0,"s:10:4:52:5":3,"s:11:6:17:8":4,"s:18:6:21:9":5,"f:18:74:18:79":1,"s:19:8:19:42":6,"s:20:8:20:29":7,"s:23:6:43:8":8,"s:45:6:51:9":9,"f:45:73:45:78":2,"s:46:8:46:27":10,"s:47:25:47:69":11,"b:48:8:48:30:undefined:undefined:undefined:undefined":1,"s:48:8:48:30":12,"s:48:23:48:30":13,"s:49:8:49:49":14,"s:50:8:50:29":15,"s:54:4:54:16":16,"f:58:9:58:19":3,"s:59:14:59:43":17,"s:60:2:60:24":18,"s:61:2:61:23":19}}}
,"D:\\Works\\project\\GameSite\\web\\src\\user\\pages\\ranking.js": {"path":"D:\\Works\\project\\GameSite\\web\\src\\user\\pages\\ranking.js","statementMap":{"0":{"start":{"line":5,"column":17},"end":{"line":5,"column":46}},"1":{"start":{"line":6,"column":4},"end":{"line":6,"column":36}},"2":{"start":{"line":7,"column":4},"end":{"line":26,"column":6}},"3":{"start":{"line":28,"column":18},"end":{"line":28,"column":55}},"4":{"start":{"line":30,"column":4},"end":{"line":43,"column":7}},"5":{"start":{"line":31,"column":6},"end":{"line":42,"column":9}},"6":{"start":{"line":32,"column":19},"end":{"line":32,"column":47}},"7":{"start":{"line":33,"column":8},"end":{"line":33,"column":38}},"8":{"start":{"line":34,"column":8},"end":{"line":40,"column":10}},"9":{"start":{"line":41,"column":8},"end":{"line":41,"column":30}},"10":{"start":{"line":45,"column":4},"end":{"line":45,"column":16}},"11":{"start":{"line":50,"column":14},"end":{"line":50,"column":43}},"12":{"start":{"line":51,"column":2},"end":{"line":51,"column":24}},"13":{"start":{"line":52,"column":2},"end":{"line":52,"column":23}}},"fnMap":{"0":{"name":"(anonymous_0)","decl":{"start":{"line":4,"column":2},"end":{"line":4,"column":8}},"loc":{"start":{"line":4,"column":11},"end":{"line":46,"column":3}},"line":4},"1":{"name":"(anonymous_1)","decl":{"start":{"line":30,"column":40},"end":{"line":30,"column":48}},"loc":{"start":{"line":30,"column":52},"end":{"line":43,"column":5}},"line":30},"2":{"name":"(anonymous_2)","decl":{"start":{"line":31,"column":23},"end":{"line":31,"column":28}},"loc":{"start":{"line":31,"column":32},"end":{"line":42,"column":7}},"line":31},"3":{"name":"escapeHtml","decl":{"start":{"line":49,"column":9},"end":{"line":49,"column":19}},"loc":{"start":{"line":49,"column":25},"end":{"line":53,"column":1}},"line":49}},"branchMap":{},"s":{"0":0,"1":0,"2":0,"3":0,"4":0,"5":0,"6":0,"7":0,"8":0,"9":0,"10":0,"11":0,"12":0,"13":0},"f":{"0":0,"1":0,"2":0,"3":0},"b":{},"meta":{"lastBranch":0,"lastFunction":4,"lastStatement":14,"seen":{"f:4:2:4:8":0,"s:5:17:5:46":0,"s:6:4:6:36":1,"s:7:4:26:6":2,"s:28:18:28:55":3,"s:30:4:43:7":4,"f:30:40:30:48":1,"s:31:6:42:9":5,"f:31:23:31:28":2,"s:32:19:32:47":6,"s:33:8:33:38":7,"s:34:8:40:10":8,"s:41:8:41:30":9,"s:45:4:45:16":10,"f:49:9:49:19":3,"s:50:14:50:43":11,"s:51:2:51:24":12,"s:52:2:52:23":13}}}
,"D:\\Works\\project\\GameSite\\web\\src\\user\\repository\\mock-auth-repository.js": {"path":"D:\\Works\\project\\GameSite\\web\\src\\user\\repository\\mock-auth-repository.js","statementMap":{"0":{"start":{"line":3,"column":34},"end":{"line":32,"column":1}},"1":{"start":{"line":5,"column":17},"end":{"line":8,"column":5}},"2":{"start":{"line":9,"column":4},"end":{"line":9,"column":71}},"3":{"start":{"line":10,"column":3},"end":{"line":10,"column":39}},"4":{"start":{"line":11,"column":4},"end":{"line":11,"column":35}},"5":{"start":{"line":15,"column":4},"end":{"line":15,"column":52}},"6":{"start":{"line":16,"column":3},"end":{"line":16,"column":45}},"7":{"start":{"line":20,"column":21},"end":{"line":20,"column":65}},"8":{"start":{"line":21,"column":4},"end":{"line":21,"column":31}},"9":{"start":{"line":21,"column":19},"end":{"line":21,"column":31}},"10":{"start":{"line":22,"column":4},"end":{"line":26,"column":5}},"11":{"start":{"line":23,"column":6},"end":{"line":23,"column":34}},"12":{"start":{"line":25,"column":6},"end":{"line":25,"column":18}},"13":{"start":{"line":30,"column":4},"end":{"line":30,"column":42}}},"fnMap":{"0":{"name":"(anonymous_0)","decl":{"start":{"line":4,"column":8},"end":{"line":4,"column":13}},"loc":{"start":{"line":4,"column":20},"end":{"line":12,"column":3}},"line":4},"1":{"name":"(anonymous_1)","decl":{"start":{"line":14,"column":8},"end":{"line":14,"column":14}},"loc":{"start":{"line":14,"column":17},"end":{"line":17,"column":3}},"line":14},"2":{"name":"(anonymous_2)","decl":{"start":{"line":19,"column":2},"end":{"line":19,"column":16}},"loc":{"start":{"line":19,"column":19},"end":{"line":27,"column":3}},"line":19},"3":{"name":"(anonymous_3)","decl":{"start":{"line":29,"column":2},"end":{"line":29,"column":12}},"loc":{"start":{"line":29,"column":15},"end":{"line":31,"column":3}},"line":29}},"branchMap":{"0":{"loc":{"start":{"line":21,"column":4},"end":{"line":21,"column":31}},"type":"if","locations":[{"start":{"line":21,"column":4},"end":{"line":21,"column":31}},{"start":{},"end":{}}],"line":21}},"s":{"0":0,"1":0,"2":0,"3":0,"4":0,"5":0,"6":0,"7":0,"8":0,"9":0,"10":0,"11":0,"12":0,"13":0},"f":{"0":0,"1":0,"2":0,"3":0},"b":{"0":[0,0]},"meta":{"lastBranch":1,"lastFunction":4,"lastStatement":14,"seen":{"s:3:34:32:1":0,"f:4:8:4:13":0,"s:5:17:8:5":1,"s:9:4:9:71":2,"s:10:3:10:39":3,"s:11:4:11:35":4,"f:14:8:14:14":1,"s:15:4:15:52":5,"s:16:3:16:45":6,"f:19:2:19:16":2,"s:20:21:20:65":7,"b:21:4:21:31:undefined:undefined:undefined:undefined":0,"s:21:4:21:31":8,"s:21:19:21:31":9,"s:22:4:26:5":10,"s:23:6:23:34":11,"s:25:6:25:18":12,"f:29:2:29:12":3,"s:30:4:30:42":13}}}
,"D:\\Works\\project\\GameSite\\web\\src\\user\\repository\\mock-ranking-repository.js": {"path":"D:\\Works\\project\\GameSite\\web\\src\\user\\repository\\mock-ranking-repository.js","statementMap":{"0":{"start":{"line":1,"column":23},"end":{"line":7,"column":1}},"1":{"start":{"line":9,"column":37},"end":{"line":30,"column":1}},"2":{"start":{"line":11,"column":19},"end":{"line":11,"column":67}},"3":{"start":{"line":12,"column":4},"end":{"line":18,"column":5}},"4":{"start":{"line":13,"column":6},"end":{"line":17,"column":7}},"5":{"start":{"line":14,"column":8},"end":{"line":14,"column":34}},"6":{"start":{"line":16,"column":8},"end":{"line":16,"column":30}},"7":{"start":{"line":19,"column":4},"end":{"line":19,"column":26}},"8":{"start":{"line":23,"column":19},"end":{"line":23,"column":38}},"9":{"start":{"line":24,"column":4},"end":{"line":24,"column":25}},"10":{"start":{"line":25,"column":4},"end":{"line":25,"column":47}},"11":{"start":{"line":25,"column":28},"end":{"line":25,"column":45}},"12":{"start":{"line":26,"column":4},"end":{"line":26,"column":63}},"13":{"start":{"line":26,"column":39},"end":{"line":26,"column":60}},"14":{"start":{"line":27,"column":4},"end":{"line":27,"column":37}},"15":{"start":{"line":28,"column":4},"end":{"line":28,"column":79}}},"fnMap":{"0":{"name":"(anonymous_0)","decl":{"start":{"line":10,"column":8},"end":{"line":10,"column":14}},"loc":{"start":{"line":10,"column":17},"end":{"line":20,"column":3}},"line":10},"1":{"name":"(anonymous_1)","decl":{"start":{"line":22,"column":8},"end":{"line":22,"column":12}},"loc":{"start":{"line":22,"column":20},"end":{"line":29,"column":3}},"line":22},"2":{"name":"(anonymous_2)","decl":{"start":{"line":25,"column":18},"end":{"line":25,"column":19}},"loc":{"start":{"line":25,"column":28},"end":{"line":25,"column":45}},"line":25},"3":{"name":"(anonymous_3)","decl":{"start":{"line":26,"column":28},"end":{"line":26,"column":29}},"loc":{"start":{"line":26,"column":39},"end":{"line":26,"column":60}},"line":26}},"branchMap":{"0":{"loc":{"start":{"line":12,"column":4},"end":{"line":18,"column":5}},"type":"if","locations":[{"start":{"line":12,"column":4},"end":{"line":18,"column":5}},{"start":{},"end":{}}],"line":12}},"s":{"0":0,"1":0,"2":0,"3":0,"4":0,"5":0,"6":0,"7":0,"8":0,"9":0,"10":0,"11":0,"12":0,"13":0,"14":0,"15":0},"f":{"0":0,"1":0,"2":0,"3":0},"b":{"0":[0,0]},"meta":{"lastBranch":1,"lastFunction":4,"lastStatement":16,"seen":{"s:1:23:7:1":0,"s:9:37:30:1":1,"f:10:8:10:14":0,"s:11:19:11:67":2,"b:12:4:18:5:undefined:undefined:undefined:undefined":0,"s:12:4:18:5":3,"s:13:6:17:7":4,"s:14:8:14:34":5,"s:16:8:16:30":6,"s:19:4:19:26":7,"f:22:8:22:12":1,"s:23:19:23:38":8,"s:24:4:24:25":9,"s:25:4:25:47":10,"f:25:18:25:19":2,"s:25:28:25:45":11,"s:26:4:26:63":12,"f:26:28:26:29":3,"s:26:39:26:60":13,"s:27:4:27:37":14,"s:28:4:28:79":15}}}
}
